Traceback (most recent call last):
  File "/nfs5/zxd/Huawei/ResamplerDit/main.py", line 4, in <module>
    from core.trainer import Trainer
  File "/nfs5/zxd/Huawei/ResamplerDit/core/trainer.py", line 14, in <module>
    from utils.visualize import setup_global_fonts, plot_gaussian, plot_heatmap, plot_histogram
  File "/nfs5/zxd/Huawei/ResamplerDit/utils/visualize.py", line 5, in <module>
    import seaborn as sns
  File "/nfs5/zxd/.envs/miniconda3/envs/torch/lib/python3.11/site-packages/seaborn/__init__.py", line 2, in <module>
    from .rcmod import *  # noqa: F401,F403
    ^^^^^^^^^^^^^^^^^^^^
  File "/nfs5/zxd/.envs/miniconda3/envs/torch/lib/python3.11/site-packages/seaborn/rcmod.py", line 5, in <module>
    from . import palettes
  File "/nfs5/zxd/.envs/miniconda3/envs/torch/lib/python3.11/site-packages/seaborn/palettes.py", line 9, in <module>
    from .utils import desaturate, get_color_cycle
  File "/nfs5/zxd/.envs/miniconda3/envs/torch/lib/python3.11/site-packages/seaborn/utils.py", line 11, in <module>
    import pandas as pd
  File "/nfs5/zxd/.envs/miniconda3/envs/torch/lib/python3.11/site-packages/pandas/__init__.py", line 139, in <module>
    from pandas import testing
  File "/nfs5/zxd/.envs/miniconda3/envs/torch/lib/python3.11/site-packages/pandas/testing.py", line 6, in <module>
    from pandas._testing import (
  File "/nfs5/zxd/.envs/miniconda3/envs/torch/lib/python3.11/site-packages/pandas/_testing/__init__.py", line 34, in <module>
    from pandas._testing._io import (
  File "/nfs5/zxd/.envs/miniconda3/envs/torch/lib/python3.11/site-packages/pandas/_testing/_io.py", line 22, in <module>
    from pandas._testing.contexts import ensure_clean
  File "<frozen importlib._bootstrap>", line 1176, in _find_and_load
  File "<frozen importlib._bootstrap>", line 1147, in _find_and_load_unlocked
  File "<frozen importlib._bootstrap>", line 690, in _load_unlocked
  File "<frozen importlib._bootstrap_external>", line 936, in exec_module
  File "<frozen importlib._bootstrap_external>", line 1032, in get_code
  File "<frozen importlib._bootstrap_external>", line 1130, in get_data
KeyboardInterrupt
