[01-24 02:00:53|core.trainer]- [训练]: 765
[01-24 02:00:53|core.trainer]- [验证]: 85
[01-24 02:02:55|core.trainer]- [训练]: 765
[01-24 02:02:55|core.trainer]- [验证]: 85
[01-24 02:03:43|core.trainer]- [训练]: 765
[01-24 02:03:43|core.trainer]- [验证]: 85
[01-24 02:03:49|core.trainer]- Starting training...
[01-24 02:03:59|core.trainer]- [Train] Epoch 1: Loss=1.0768e+00
[01-24 02:04:06|core.trainer]- [Train] Epoch 2: Loss=9.0018e-01
[01-24 02:04:14|core.trainer]- [Train] Epoch 3: Loss=8.5741e-01
[01-24 02:04:22|core.trainer]- [Train] Epoch 4: Loss=7.7140e-01
[01-24 02:04:29|core.trainer]- [Train] Epoch 5: Loss=6.8213e-01
[01-24 02:04:37|core.trainer]- [Train] Epoch 6: Loss=5.2379e-01
[01-24 02:04:45|core.trainer]- [Train] Epoch 7: Loss=4.3030e-01
[01-24 02:04:52|core.trainer]- [Train] Epoch 8: Loss=3.3758e-01
[01-24 02:05:00|core.trainer]- [Train] Epoch 9: Loss=3.1999e-01
[01-24 02:05:09|core.trainer]- [Train] Epoch 10: Loss=2.7757e-01
[01-24 02:05:11|core.trainer]- [Val] Epoch 10: Loss=1.2270e+00
[01-24 02:06:11|core.trainer]- Saved checkpoint to exps/eps14_2/ckpts/best.pth
[01-24 02:06:18|core.trainer]- [Train] Epoch 11: Loss=2.3170e-01
[01-24 02:06:26|core.trainer]- [Train] Epoch 12: Loss=2.2491e-01
[01-24 02:06:34|core.trainer]- [Train] Epoch 13: Loss=2.2330e-01
[01-24 02:06:41|core.trainer]- [Train] Epoch 14: Loss=2.0566e-01
[01-24 02:06:49|core.trainer]- [Train] Epoch 15: Loss=1.9644e-01
[01-24 02:06:57|core.trainer]- [Train] Epoch 16: Loss=1.9518e-01
[01-24 02:07:05|core.trainer]- [Train] Epoch 17: Loss=1.7607e-01
[01-24 02:07:12|core.trainer]- [Train] Epoch 18: Loss=2.1554e-01
[01-24 02:07:20|core.trainer]- [Train] Epoch 19: Loss=1.9499e-01
[01-24 02:07:30|core.trainer]- [Train] Epoch 20: Loss=2.0306e-01
[01-24 02:07:32|core.trainer]- [Val] Epoch 20: Loss=1.1227e+00
[01-24 02:08:29|core.trainer]- Saved checkpoint to exps/eps14_2/ckpts/best.pth
[01-24 02:08:37|core.trainer]- [Train] Epoch 21: Loss=1.9405e-01
[01-24 02:08:45|core.trainer]- [Train] Epoch 22: Loss=2.0358e-01
[01-24 02:08:53|core.trainer]- [Train] Epoch 23: Loss=1.9547e-01
[01-24 02:09:00|core.trainer]- [Train] Epoch 24: Loss=1.8514e-01
[01-24 02:09:08|core.trainer]- [Train] Epoch 25: Loss=2.0542e-01
[01-24 02:09:16|core.trainer]- [Train] Epoch 26: Loss=1.8371e-01
[01-24 02:09:24|core.trainer]- [Train] Epoch 27: Loss=2.0176e-01
[01-24 02:09:32|core.trainer]- [Train] Epoch 28: Loss=1.8521e-01
[01-24 02:09:40|core.trainer]- [Train] Epoch 29: Loss=1.8438e-01
[01-24 02:09:49|core.trainer]- [Train] Epoch 30: Loss=1.8208e-01
[01-24 02:09:52|core.trainer]- [Val] Epoch 30: Loss=1.0566e+00
[01-24 02:10:58|core.trainer]- Saved checkpoint to exps/eps14_2/ckpts/best.pth
[01-24 02:11:05|core.trainer]- [Train] Epoch 31: Loss=1.9250e-01
[01-24 02:11:13|core.trainer]- [Train] Epoch 32: Loss=1.8325e-01
[01-24 02:11:21|core.trainer]- [Train] Epoch 33: Loss=1.9013e-01
[01-24 02:11:29|core.trainer]- [Train] Epoch 34: Loss=2.0345e-01
[01-24 02:11:37|core.trainer]- [Train] Epoch 35: Loss=2.0126e-01
[01-24 02:11:45|core.trainer]- [Train] Epoch 36: Loss=1.9244e-01
[01-24 02:11:53|core.trainer]- [Train] Epoch 37: Loss=2.0317e-01
[01-24 02:12:01|core.trainer]- [Train] Epoch 38: Loss=1.8151e-01
[01-24 02:12:09|core.trainer]- [Train] Epoch 39: Loss=1.8786e-01
[01-24 02:12:18|core.trainer]- [Train] Epoch 40: Loss=1.7401e-01
[01-24 02:12:21|core.trainer]- [Val] Epoch 40: Loss=1.0833e+00
[01-24 02:12:29|core.trainer]- [Train] Epoch 41: Loss=1.6967e-01
[01-24 02:12:37|core.trainer]- [Train] Epoch 42: Loss=1.8346e-01
[01-24 02:12:45|core.trainer]- [Train] Epoch 43: Loss=1.8146e-01
[01-24 02:12:53|core.trainer]- [Train] Epoch 44: Loss=1.8227e-01
[01-24 02:13:01|core.trainer]- [Train] Epoch 45: Loss=1.8339e-01
[01-24 02:13:08|core.trainer]- [Train] Epoch 46: Loss=1.7955e-01
[01-24 02:13:17|core.trainer]- [Train] Epoch 47: Loss=1.7171e-01
[01-24 02:13:25|core.trainer]- [Train] Epoch 48: Loss=1.7136e-01
[01-24 02:13:33|core.trainer]- [Train] Epoch 49: Loss=1.6982e-01
[01-24 02:13:43|core.trainer]- [Train] Epoch 50: Loss=1.8143e-01
[01-24 02:13:45|core.trainer]- [Val] Epoch 50: Loss=1.0310e+00
[01-24 02:14:45|core.trainer]- Saved checkpoint to exps/eps14_2/ckpts/best.pth
[01-24 02:14:52|core.trainer]- [Train] Epoch 51: Loss=1.8546e-01
[01-24 02:15:00|core.trainer]- [Train] Epoch 52: Loss=1.9079e-01
[01-24 02:15:12|core.trainer]- [Train] Epoch 53: Loss=1.8763e-01
[01-24 02:15:20|core.trainer]- [Train] Epoch 54: Loss=1.8842e-01
[01-24 02:15:28|core.trainer]- [Train] Epoch 55: Loss=1.7798e-01
[01-24 02:15:36|core.trainer]- [Train] Epoch 56: Loss=1.7600e-01
[01-24 02:15:43|core.trainer]- [Train] Epoch 57: Loss=1.8138e-01
[01-24 02:15:51|core.trainer]- [Train] Epoch 58: Loss=1.7420e-01
[01-24 02:15:59|core.trainer]- [Train] Epoch 59: Loss=1.7519e-01
[01-24 02:16:09|core.trainer]- [Train] Epoch 60: Loss=1.7318e-01
[01-24 02:16:12|core.trainer]- [Val] Epoch 60: Loss=9.4550e-01
[01-24 02:17:13|core.trainer]- Saved checkpoint to exps/eps14_2/ckpts/best.pth
[01-24 02:17:21|core.trainer]- [Train] Epoch 61: Loss=1.7726e-01
[01-24 02:17:28|core.trainer]- [Train] Epoch 62: Loss=1.8224e-01
[01-24 02:17:36|core.trainer]- [Train] Epoch 63: Loss=1.8610e-01
[01-24 02:17:44|core.trainer]- [Train] Epoch 64: Loss=1.7405e-01
[01-24 02:17:51|core.trainer]- [Train] Epoch 65: Loss=1.7320e-01
[01-24 02:17:59|core.trainer]- [Train] Epoch 66: Loss=1.7674e-01
[01-24 02:18:06|core.trainer]- [Train] Epoch 67: Loss=1.6987e-01
[01-24 02:18:14|core.trainer]- [Train] Epoch 68: Loss=1.8362e-01
[01-24 02:18:22|core.trainer]- [Train] Epoch 69: Loss=1.6934e-01
[01-24 02:18:32|core.trainer]- [Train] Epoch 70: Loss=1.9126e-01
[01-24 02:18:34|core.trainer]- [Val] Epoch 70: Loss=9.4440e-01
[01-24 02:19:36|core.trainer]- Saved checkpoint to exps/eps14_2/ckpts/best.pth
[01-24 02:19:44|core.trainer]- [Train] Epoch 71: Loss=1.7123e-01
[01-24 02:19:51|core.trainer]- [Train] Epoch 72: Loss=1.7816e-01
[01-24 02:19:59|core.trainer]- [Train] Epoch 73: Loss=1.8259e-01
[01-24 02:20:07|core.trainer]- [Train] Epoch 74: Loss=1.6001e-01
[01-24 02:20:15|core.trainer]- [Train] Epoch 75: Loss=1.8228e-01
[01-24 02:20:23|core.trainer]- [Train] Epoch 76: Loss=1.7548e-01
[01-24 02:20:30|core.trainer]- [Train] Epoch 77: Loss=1.7523e-01
[01-24 02:20:38|core.trainer]- [Train] Epoch 78: Loss=1.7632e-01
[01-24 02:20:46|core.trainer]- [Train] Epoch 79: Loss=1.8079e-01
[01-24 02:20:56|core.trainer]- [Train] Epoch 80: Loss=1.8473e-01
[01-24 02:20:58|core.trainer]- [Val] Epoch 80: Loss=9.3365e-01
[01-24 02:22:31|core.trainer]- Saved checkpoint to exps/eps14_2/ckpts/best.pth
[01-24 02:22:38|core.trainer]- [Train] Epoch 81: Loss=1.7022e-01
[01-24 02:22:46|core.trainer]- [Train] Epoch 82: Loss=1.7161e-01
[01-24 02:22:54|core.trainer]- [Train] Epoch 83: Loss=1.5750e-01
[01-24 02:23:02|core.trainer]- [Train] Epoch 84: Loss=1.5574e-01
[01-24 02:23:09|core.trainer]- [Train] Epoch 85: Loss=1.7184e-01
[01-24 02:23:17|core.trainer]- [Train] Epoch 86: Loss=1.7920e-01
[01-24 02:23:25|core.trainer]- [Train] Epoch 87: Loss=1.7897e-01
[01-24 02:23:32|core.trainer]- [Train] Epoch 88: Loss=1.7549e-01
[01-24 02:23:40|core.trainer]- [Train] Epoch 89: Loss=1.6746e-01
[01-24 02:23:49|core.trainer]- [Train] Epoch 90: Loss=1.6164e-01
[01-24 02:23:52|core.trainer]- [Val] Epoch 90: Loss=9.0667e-01
[01-24 02:24:53|core.trainer]- Saved checkpoint to exps/eps14_2/ckpts/best.pth
[01-24 02:25:01|core.trainer]- [Train] Epoch 91: Loss=1.6951e-01
[01-24 02:25:09|core.trainer]- [Train] Epoch 92: Loss=1.6863e-01
[01-24 02:25:17|core.trainer]- [Train] Epoch 93: Loss=1.6448e-01
[01-24 02:25:25|core.trainer]- [Train] Epoch 94: Loss=1.7271e-01
[01-24 02:25:32|core.trainer]- [Train] Epoch 95: Loss=1.7005e-01
[01-24 02:25:40|core.trainer]- [Train] Epoch 96: Loss=1.5881e-01
[01-24 02:25:48|core.trainer]- [Train] Epoch 97: Loss=1.6455e-01
[01-24 02:25:56|core.trainer]- [Train] Epoch 98: Loss=1.7023e-01
[01-24 02:26:04|core.trainer]- [Train] Epoch 99: Loss=1.7852e-01
[01-24 02:26:13|core.trainer]- [Train] Epoch 100: Loss=1.7390e-01
[01-24 02:26:16|core.trainer]- [Val] Epoch 100: Loss=8.4666e-01
[01-24 02:27:22|core.trainer]- Saved checkpoint to exps/eps14_2/ckpts/best.pth
[01-24 02:27:30|core.trainer]- [Train] Epoch 101: Loss=1.7796e-01
[01-24 02:27:38|core.trainer]- [Train] Epoch 102: Loss=1.7459e-01
[01-24 02:27:46|core.trainer]- [Train] Epoch 103: Loss=1.6396e-01
[01-24 02:27:54|core.trainer]- [Train] Epoch 104: Loss=1.6131e-01
[01-24 02:28:02|core.trainer]- [Train] Epoch 105: Loss=1.6868e-01
[01-24 02:28:10|core.trainer]- [Train] Epoch 106: Loss=1.7413e-01
[01-24 02:28:18|core.trainer]- [Train] Epoch 107: Loss=1.7492e-01
[01-24 02:28:26|core.trainer]- [Train] Epoch 108: Loss=1.7079e-01
[01-24 02:28:33|core.trainer]- [Train] Epoch 109: Loss=1.6162e-01
[01-24 02:28:43|core.trainer]- [Train] Epoch 110: Loss=1.7579e-01
[01-24 02:28:45|core.trainer]- [Val] Epoch 110: Loss=8.3980e-01
[01-24 02:29:47|core.trainer]- Saved checkpoint to exps/eps14_2/ckpts/best.pth
[01-24 02:29:55|core.trainer]- [Train] Epoch 111: Loss=1.5441e-01
[01-24 02:30:02|core.trainer]- [Train] Epoch 112: Loss=1.6022e-01
[01-24 02:30:10|core.trainer]- [Train] Epoch 113: Loss=1.7167e-01
[01-24 02:30:18|core.trainer]- [Train] Epoch 114: Loss=1.6346e-01
[01-24 02:30:25|core.trainer]- [Train] Epoch 115: Loss=1.6437e-01
[01-24 02:30:33|core.trainer]- [Train] Epoch 116: Loss=1.5524e-01
[01-24 02:30:41|core.trainer]- [Train] Epoch 117: Loss=1.6906e-01
[01-24 02:30:48|core.trainer]- [Train] Epoch 118: Loss=1.6068e-01
[01-24 02:30:56|core.trainer]- [Train] Epoch 119: Loss=1.7989e-01
[01-24 02:31:06|core.trainer]- [Train] Epoch 120: Loss=1.5185e-01
[01-24 02:31:08|core.trainer]- [Val] Epoch 120: Loss=8.6900e-01
[01-24 02:31:16|core.trainer]- [Train] Epoch 121: Loss=1.6593e-01
[01-24 02:31:24|core.trainer]- [Train] Epoch 122: Loss=1.6475e-01
[01-24 02:31:32|core.trainer]- [Train] Epoch 123: Loss=1.6128e-01
[01-24 02:31:40|core.trainer]- [Train] Epoch 124: Loss=1.6361e-01
[01-24 02:31:48|core.trainer]- [Train] Epoch 125: Loss=1.4703e-01
[01-24 02:31:56|core.trainer]- [Train] Epoch 126: Loss=1.6811e-01
[01-24 02:32:04|core.trainer]- [Train] Epoch 127: Loss=1.6275e-01
[01-24 02:32:12|core.trainer]- [Train] Epoch 128: Loss=1.6374e-01
[01-24 02:32:20|core.trainer]- [Train] Epoch 129: Loss=1.7388e-01
[01-24 02:32:29|core.trainer]- [Train] Epoch 130: Loss=1.6391e-01
[01-24 02:32:32|core.trainer]- [Val] Epoch 130: Loss=7.5898e-01
[01-24 02:33:42|core.trainer]- Saved checkpoint to exps/eps14_2/ckpts/best.pth
[01-24 02:33:50|core.trainer]- [Train] Epoch 131: Loss=1.7261e-01
[01-24 02:33:57|core.trainer]- [Train] Epoch 132: Loss=1.6403e-01
[01-24 02:34:05|core.trainer]- [Train] Epoch 133: Loss=1.5022e-01
[01-24 02:34:13|core.trainer]- [Train] Epoch 134: Loss=1.6378e-01
[01-24 02:34:23|core.trainer]- [Train] Epoch 135: Loss=1.5208e-01
[01-24 02:34:34|core.trainer]- [Train] Epoch 136: Loss=1.7126e-01
[01-24 02:34:45|core.trainer]- [Train] Epoch 137: Loss=1.6385e-01
[01-24 02:34:56|core.trainer]- [Train] Epoch 138: Loss=1.7067e-01
[01-24 02:35:07|core.trainer]- [Train] Epoch 139: Loss=1.6600e-01
[01-24 02:35:20|core.trainer]- [Train] Epoch 140: Loss=1.7538e-01
[01-24 02:35:22|core.trainer]- [Val] Epoch 140: Loss=7.6932e-01
[01-24 02:35:33|core.trainer]- [Train] Epoch 141: Loss=1.6441e-01
[01-24 02:35:45|core.trainer]- [Train] Epoch 142: Loss=1.7292e-01
[01-24 02:35:56|core.trainer]- [Train] Epoch 143: Loss=1.7089e-01
[01-24 02:36:07|core.trainer]- [Train] Epoch 144: Loss=1.6365e-01
[01-24 02:36:18|core.trainer]- [Train] Epoch 145: Loss=1.7154e-01
[01-24 02:36:29|core.trainer]- [Train] Epoch 146: Loss=1.6605e-01
[01-24 02:36:41|core.trainer]- [Train] Epoch 147: Loss=1.6983e-01
[01-24 02:36:52|core.trainer]- [Train] Epoch 148: Loss=1.5690e-01
[01-24 02:37:03|core.trainer]- [Train] Epoch 149: Loss=1.7338e-01
[01-24 02:37:17|core.trainer]- [Train] Epoch 150: Loss=1.6082e-01
[01-24 02:37:20|core.trainer]- [Val] Epoch 150: Loss=7.5337e-01
[01-24 02:38:21|core.trainer]- Saved checkpoint to exps/eps14_2/ckpts/best.pth
[01-24 02:38:32|core.trainer]- [Train] Epoch 151: Loss=1.7249e-01
[01-24 02:38:43|core.trainer]- [Train] Epoch 152: Loss=1.7536e-01
[01-24 02:38:54|core.trainer]- [Train] Epoch 153: Loss=1.4676e-01
[01-24 02:39:05|core.trainer]- [Train] Epoch 154: Loss=1.5197e-01
[01-24 02:39:16|core.trainer]- [Train] Epoch 155: Loss=1.5610e-01
[01-24 02:39:27|core.trainer]- [Train] Epoch 156: Loss=1.4652e-01
[01-24 02:39:39|core.trainer]- [Train] Epoch 157: Loss=1.6858e-01
[01-24 02:39:50|core.trainer]- [Train] Epoch 158: Loss=1.5025e-01
[01-24 02:40:01|core.trainer]- [Train] Epoch 159: Loss=1.5988e-01
[01-24 02:40:14|core.trainer]- [Train] Epoch 160: Loss=1.6986e-01
[01-24 02:40:16|core.trainer]- [Val] Epoch 160: Loss=7.0783e-01
[01-24 02:41:18|core.trainer]- Saved checkpoint to exps/eps14_2/ckpts/best.pth
[01-24 02:41:28|core.trainer]- [Train] Epoch 161: Loss=1.5266e-01
[01-24 02:41:39|core.trainer]- [Train] Epoch 162: Loss=1.5980e-01
[01-24 02:41:50|core.trainer]- [Train] Epoch 163: Loss=1.5577e-01
[01-24 02:42:02|core.trainer]- [Train] Epoch 164: Loss=1.6212e-01
[01-24 02:42:13|core.trainer]- [Train] Epoch 165: Loss=1.5239e-01
[01-24 02:42:24|core.trainer]- [Train] Epoch 166: Loss=1.6060e-01
[01-24 02:42:35|core.trainer]- [Train] Epoch 167: Loss=1.6322e-01
[01-24 02:42:46|core.trainer]- [Train] Epoch 168: Loss=1.4946e-01
[01-24 02:42:57|core.trainer]- [Train] Epoch 169: Loss=1.7319e-01
[01-24 02:43:11|core.trainer]- [Train] Epoch 170: Loss=1.5568e-01
[01-24 02:43:13|core.trainer]- [Val] Epoch 170: Loss=7.4502e-01
[01-24 02:43:24|core.trainer]- [Train] Epoch 171: Loss=1.6131e-01
[01-24 02:43:36|core.trainer]- [Train] Epoch 172: Loss=1.5311e-01
[01-24 02:43:46|core.trainer]- [Train] Epoch 173: Loss=1.6547e-01
[01-24 02:43:57|core.trainer]- [Train] Epoch 174: Loss=1.5243e-01
[01-24 02:44:09|core.trainer]- [Train] Epoch 175: Loss=1.5101e-01
[01-24 02:44:20|core.trainer]- [Train] Epoch 176: Loss=1.6580e-01
[01-24 02:44:31|core.trainer]- [Train] Epoch 177: Loss=1.6849e-01
[01-24 02:44:42|core.trainer]- [Train] Epoch 178: Loss=1.6643e-01
[01-24 02:44:54|core.trainer]- [Train] Epoch 179: Loss=1.7094e-01
[01-24 02:45:06|core.trainer]- [Train] Epoch 180: Loss=1.4727e-01
[01-24 02:45:09|core.trainer]- [Val] Epoch 180: Loss=6.4752e-01
[01-24 02:46:11|core.trainer]- Saved checkpoint to exps/eps14_2/ckpts/best.pth
[01-24 02:46:22|core.trainer]- [Train] Epoch 181: Loss=1.6225e-01
[01-24 02:46:33|core.trainer]- [Train] Epoch 182: Loss=1.7085e-01
[01-24 02:46:45|core.trainer]- [Train] Epoch 183: Loss=1.5308e-01
[01-24 02:46:56|core.trainer]- [Train] Epoch 184: Loss=1.4577e-01
[01-24 02:47:06|core.trainer]- [Train] Epoch 185: Loss=1.5950e-01
[01-24 02:47:18|core.trainer]- [Train] Epoch 186: Loss=1.7272e-01
[01-24 02:47:29|core.trainer]- [Train] Epoch 187: Loss=1.5311e-01
[01-24 02:47:40|core.trainer]- [Train] Epoch 188: Loss=1.5920e-01
[01-24 02:47:52|core.trainer]- [Train] Epoch 189: Loss=1.5976e-01
[01-24 02:48:04|core.trainer]- [Train] Epoch 190: Loss=1.4274e-01
[01-24 02:48:07|core.trainer]- [Val] Epoch 190: Loss=6.6397e-01
[01-24 02:48:18|core.trainer]- [Train] Epoch 191: Loss=1.3897e-01
[01-24 02:48:29|core.trainer]- [Train] Epoch 192: Loss=1.5633e-01
[01-24 02:48:41|core.trainer]- [Train] Epoch 193: Loss=1.5602e-01
[01-24 02:48:52|core.trainer]- [Train] Epoch 194: Loss=1.5390e-01
[01-24 02:49:03|core.trainer]- [Train] Epoch 195: Loss=1.5436e-01
[01-24 02:49:13|core.trainer]- [Train] Epoch 196: Loss=1.5687e-01
[01-24 02:49:25|core.trainer]- [Train] Epoch 197: Loss=1.4656e-01
[01-24 02:49:36|core.trainer]- [Train] Epoch 198: Loss=1.5669e-01
[01-24 02:49:47|core.trainer]- [Train] Epoch 199: Loss=1.5276e-01
[01-24 02:50:00|core.trainer]- [Train] Epoch 200: Loss=1.4257e-01
[01-24 02:50:03|core.trainer]- [Val] Epoch 200: Loss=6.0855e-01
[01-24 02:51:04|core.trainer]- Saved checkpoint to exps/eps14_2/ckpts/best.pth
[01-24 02:51:14|core.trainer]- [Train] Epoch 201: Loss=1.6309e-01
[01-24 02:51:25|core.trainer]- [Train] Epoch 202: Loss=1.4184e-01
[01-24 02:51:37|core.trainer]- [Train] Epoch 203: Loss=1.6604e-01
[01-24 02:51:48|core.trainer]- [Train] Epoch 204: Loss=1.4468e-01
[01-24 02:51:58|core.trainer]- [Train] Epoch 205: Loss=1.5268e-01
[01-24 02:52:09|core.trainer]- [Train] Epoch 206: Loss=1.3692e-01
[01-24 02:52:21|core.trainer]- [Train] Epoch 207: Loss=1.5191e-01
[01-24 02:52:32|core.trainer]- [Train] Epoch 208: Loss=1.5009e-01
[01-24 02:52:43|core.trainer]- [Train] Epoch 209: Loss=1.5836e-01
[01-24 02:52:56|core.trainer]- [Train] Epoch 210: Loss=1.5831e-01
[01-24 02:52:59|core.trainer]- [Val] Epoch 210: Loss=6.4333e-01
[01-24 02:53:10|core.trainer]- [Train] Epoch 211: Loss=1.4541e-01
[01-24 02:53:21|core.trainer]- [Train] Epoch 212: Loss=1.4618e-01
[01-24 02:53:33|core.trainer]- [Train] Epoch 213: Loss=1.4663e-01
[01-24 02:53:44|core.trainer]- [Train] Epoch 214: Loss=1.5119e-01
[01-24 02:53:55|core.trainer]- [Train] Epoch 215: Loss=1.4142e-01
[01-24 02:54:06|core.trainer]- [Train] Epoch 216: Loss=1.6510e-01
[01-24 02:54:17|core.trainer]- [Train] Epoch 217: Loss=1.5124e-01
[01-24 02:54:28|core.trainer]- [Train] Epoch 218: Loss=1.5252e-01
[01-24 02:54:39|core.trainer]- [Train] Epoch 219: Loss=1.5177e-01
[01-24 02:54:51|core.trainer]- [Train] Epoch 220: Loss=1.5637e-01
[01-24 02:54:54|core.trainer]- [Val] Epoch 220: Loss=5.8760e-01
[01-24 02:55:55|core.trainer]- Saved checkpoint to exps/eps14_2/ckpts/best.pth
[01-24 02:56:06|core.trainer]- [Train] Epoch 221: Loss=1.4323e-01
[01-24 02:56:17|core.trainer]- [Train] Epoch 222: Loss=1.4958e-01
[01-24 02:56:28|core.trainer]- [Train] Epoch 223: Loss=1.5157e-01
[01-24 02:56:39|core.trainer]- [Train] Epoch 224: Loss=1.4677e-01
[01-24 02:56:50|core.trainer]- [Train] Epoch 225: Loss=1.5349e-01
[01-24 02:57:02|core.trainer]- [Train] Epoch 226: Loss=1.4335e-01
[01-24 02:57:13|core.trainer]- [Train] Epoch 227: Loss=1.4761e-01
[01-24 02:57:24|core.trainer]- [Train] Epoch 228: Loss=1.4116e-01
[01-24 02:57:35|core.trainer]- [Train] Epoch 229: Loss=1.5652e-01
[01-24 02:57:48|core.trainer]- [Train] Epoch 230: Loss=1.3790e-01
[01-24 02:57:50|core.trainer]- [Val] Epoch 230: Loss=5.4196e-01
[01-24 02:58:49|core.trainer]- Saved checkpoint to exps/eps14_2/ckpts/best.pth
[01-24 02:58:59|core.trainer]- [Train] Epoch 231: Loss=1.6168e-01
[01-24 02:59:11|core.trainer]- [Train] Epoch 232: Loss=1.4700e-01
[01-24 02:59:22|core.trainer]- [Train] Epoch 233: Loss=1.4089e-01
[01-24 02:59:33|core.trainer]- [Train] Epoch 234: Loss=1.5552e-01
[01-24 02:59:44|core.trainer]- [Train] Epoch 235: Loss=1.3936e-01
[01-24 02:59:56|core.trainer]- [Train] Epoch 236: Loss=1.6265e-01
[01-24 03:00:07|core.trainer]- [Train] Epoch 237: Loss=1.4725e-01
[01-24 03:00:18|core.trainer]- [Train] Epoch 238: Loss=1.5000e-01
[01-24 03:00:29|core.trainer]- [Train] Epoch 239: Loss=1.4593e-01
[01-24 03:00:42|core.trainer]- [Train] Epoch 240: Loss=1.5421e-01
[01-24 03:00:45|core.trainer]- [Val] Epoch 240: Loss=5.1956e-01
[01-24 03:01:48|core.trainer]- Saved checkpoint to exps/eps14_2/ckpts/best.pth
[01-24 03:01:59|core.trainer]- [Train] Epoch 241: Loss=1.3337e-01
[01-24 03:02:10|core.trainer]- [Train] Epoch 242: Loss=1.4520e-01
[01-24 03:02:21|core.trainer]- [Train] Epoch 243: Loss=1.4188e-01
[01-24 03:02:32|core.trainer]- [Train] Epoch 244: Loss=1.5450e-01
[01-24 03:02:43|core.trainer]- [Train] Epoch 245: Loss=1.4728e-01
[01-24 03:02:53|core.trainer]- [Train] Epoch 246: Loss=1.5139e-01
[01-24 03:03:05|core.trainer]- [Train] Epoch 247: Loss=1.5374e-01
[01-24 03:03:16|core.trainer]- [Train] Epoch 248: Loss=1.3781e-01
[01-24 03:03:27|core.trainer]- [Train] Epoch 249: Loss=1.4284e-01
[01-24 03:03:40|core.trainer]- [Train] Epoch 250: Loss=1.4914e-01
[01-24 03:03:42|core.trainer]- [Val] Epoch 250: Loss=5.0795e-01
[01-24 03:04:42|core.trainer]- Saved checkpoint to exps/eps14_2/ckpts/best.pth
[01-24 03:04:53|core.trainer]- [Train] Epoch 251: Loss=1.5792e-01
[01-24 03:05:04|core.trainer]- [Train] Epoch 252: Loss=1.4052e-01
[01-24 03:05:15|core.trainer]- [Train] Epoch 253: Loss=1.3323e-01
[01-24 03:05:24|core.trainer]- [Train] Epoch 254: Loss=1.4094e-01
[01-24 03:05:34|core.trainer]- [Train] Epoch 255: Loss=1.4524e-01
[01-24 03:05:44|core.trainer]- [Train] Epoch 256: Loss=1.5554e-01
[01-24 03:05:54|core.trainer]- [Train] Epoch 257: Loss=1.3899e-01
[01-24 03:06:05|core.trainer]- [Train] Epoch 258: Loss=1.4388e-01
[01-24 03:06:15|core.trainer]- [Train] Epoch 259: Loss=1.4841e-01
[01-24 03:06:27|core.trainer]- [Train] Epoch 260: Loss=1.4983e-01
[01-24 03:06:30|core.trainer]- [Val] Epoch 260: Loss=4.7784e-01
[01-24 03:07:30|core.trainer]- Saved checkpoint to exps/eps14_2/ckpts/best.pth
[01-24 03:07:41|core.trainer]- [Train] Epoch 261: Loss=1.4568e-01
[01-24 03:07:51|core.trainer]- [Train] Epoch 262: Loss=1.4465e-01
[01-24 03:08:02|core.trainer]- [Train] Epoch 263: Loss=1.4938e-01
[01-24 03:08:13|core.trainer]- [Train] Epoch 264: Loss=1.4419e-01
[01-24 03:08:24|core.trainer]- [Train] Epoch 265: Loss=1.2929e-01
[01-24 03:08:35|core.trainer]- [Train] Epoch 266: Loss=1.6349e-01
[01-24 03:08:46|core.trainer]- [Train] Epoch 267: Loss=1.4663e-01
[01-24 03:08:58|core.trainer]- [Train] Epoch 268: Loss=1.4120e-01
[01-24 03:09:09|core.trainer]- [Train] Epoch 269: Loss=1.5682e-01
[01-24 03:09:21|core.trainer]- [Train] Epoch 270: Loss=1.5046e-01
[01-24 03:09:24|core.trainer]- [Val] Epoch 270: Loss=4.2806e-01
[01-24 03:10:23|core.trainer]- Saved checkpoint to exps/eps14_2/ckpts/best.pth
[01-24 03:10:34|core.trainer]- [Train] Epoch 271: Loss=1.5239e-01
[01-24 03:10:46|core.trainer]- [Train] Epoch 272: Loss=1.3816e-01
[01-24 03:10:57|core.trainer]- [Train] Epoch 273: Loss=1.4238e-01
[01-24 03:11:08|core.trainer]- [Train] Epoch 274: Loss=1.4735e-01
[01-24 03:11:19|core.trainer]- [Train] Epoch 275: Loss=1.4718e-01
[01-24 03:11:30|core.trainer]- [Train] Epoch 276: Loss=1.4982e-01
[01-24 03:11:41|core.trainer]- [Train] Epoch 277: Loss=1.4486e-01
[01-24 03:11:52|core.trainer]- [Train] Epoch 278: Loss=1.3684e-01
[01-24 03:12:03|core.trainer]- [Train] Epoch 279: Loss=1.4046e-01
[01-24 03:12:15|core.trainer]- [Train] Epoch 280: Loss=1.4608e-01
[01-24 03:12:17|core.trainer]- [Val] Epoch 280: Loss=4.2575e-01
[01-24 03:13:18|core.trainer]- Saved checkpoint to exps/eps14_2/ckpts/best.pth
[01-24 03:13:29|core.trainer]- [Train] Epoch 281: Loss=1.4452e-01
[01-24 03:13:40|core.trainer]- [Train] Epoch 282: Loss=1.4825e-01
[01-24 03:13:51|core.trainer]- [Train] Epoch 283: Loss=1.4519e-01
[01-24 03:14:02|core.trainer]- [Train] Epoch 284: Loss=1.4270e-01
[01-24 03:14:14|core.trainer]- [Train] Epoch 285: Loss=1.4706e-01
[01-24 03:14:24|core.trainer]- [Train] Epoch 286: Loss=1.4515e-01
[01-24 03:14:36|core.trainer]- [Train] Epoch 287: Loss=1.4238e-01
[01-24 03:14:47|core.trainer]- [Train] Epoch 288: Loss=1.4243e-01
[01-24 03:14:58|core.trainer]- [Train] Epoch 289: Loss=1.3426e-01
[01-24 03:15:11|core.trainer]- [Train] Epoch 290: Loss=1.3714e-01
[01-24 03:15:13|core.trainer]- [Val] Epoch 290: Loss=4.0040e-01
[01-24 03:16:28|core.trainer]- Saved checkpoint to exps/eps14_2/ckpts/best.pth
[01-24 03:16:41|core.trainer]- [Train] Epoch 291: Loss=1.3422e-01
[01-24 03:16:54|core.trainer]- [Train] Epoch 292: Loss=1.4366e-01
[01-24 03:17:08|core.trainer]- [Train] Epoch 293: Loss=1.3462e-01
[01-24 03:17:22|core.trainer]- [Train] Epoch 294: Loss=1.4825e-01
[01-24 03:17:36|core.trainer]- [Train] Epoch 295: Loss=1.4178e-01
[01-24 03:17:50|core.trainer]- [Train] Epoch 296: Loss=1.4320e-01
[01-24 03:18:04|core.trainer]- [Train] Epoch 297: Loss=1.4429e-01
[01-24 03:18:18|core.trainer]- [Train] Epoch 298: Loss=1.3493e-01
[01-24 03:18:32|core.trainer]- [Train] Epoch 299: Loss=1.3911e-01
[01-24 03:18:47|core.trainer]- [Train] Epoch 300: Loss=1.4600e-01
[01-24 03:18:50|core.trainer]- [Val] Epoch 300: Loss=3.6612e-01
[01-24 03:19:48|core.trainer]- Saved checkpoint to exps/eps14_2/ckpts/best.pth
[01-24 03:20:01|core.trainer]- [Train] Epoch 301: Loss=1.4046e-01
[01-24 03:20:15|core.trainer]- [Train] Epoch 302: Loss=1.4539e-01
[01-24 03:20:29|core.trainer]- [Train] Epoch 303: Loss=1.3586e-01
[01-24 03:20:43|core.trainer]- [Train] Epoch 304: Loss=1.4615e-01
[01-24 03:20:57|core.trainer]- [Train] Epoch 305: Loss=1.3806e-01
[01-24 03:21:11|core.trainer]- [Train] Epoch 306: Loss=1.3923e-01
[01-24 03:21:25|core.trainer]- [Train] Epoch 307: Loss=1.3084e-01
[01-24 03:21:39|core.trainer]- [Train] Epoch 308: Loss=1.4455e-01
[01-24 03:21:53|core.trainer]- [Train] Epoch 309: Loss=1.2943e-01
[01-24 03:22:08|core.trainer]- [Train] Epoch 310: Loss=1.3588e-01
[01-24 03:22:11|core.trainer]- [Val] Epoch 310: Loss=4.0006e-01
[01-24 03:22:25|core.trainer]- [Train] Epoch 311: Loss=1.4107e-01
[01-24 03:22:39|core.trainer]- [Train] Epoch 312: Loss=1.3565e-01
[01-24 03:22:53|core.trainer]- [Train] Epoch 313: Loss=1.5180e-01
[01-24 03:23:06|core.trainer]- [Train] Epoch 314: Loss=1.4989e-01
[01-24 03:23:20|core.trainer]- [Train] Epoch 315: Loss=1.3663e-01
[01-24 03:23:34|core.trainer]- [Train] Epoch 316: Loss=1.4424e-01
[01-24 03:23:48|core.trainer]- [Train] Epoch 317: Loss=1.4354e-01
[01-24 03:24:01|core.trainer]- [Train] Epoch 318: Loss=1.3523e-01
[01-24 03:24:15|core.trainer]- [Train] Epoch 319: Loss=1.4664e-01
[01-24 03:24:31|core.trainer]- [Train] Epoch 320: Loss=1.4225e-01
[01-24 03:24:33|core.trainer]- [Val] Epoch 320: Loss=3.6884e-01
[01-24 03:24:47|core.trainer]- [Train] Epoch 321: Loss=1.2990e-01
[01-24 03:25:01|core.trainer]- [Train] Epoch 322: Loss=1.3719e-01
[01-24 03:25:15|core.trainer]- [Train] Epoch 323: Loss=1.3256e-01
[01-24 03:25:28|core.trainer]- [Train] Epoch 324: Loss=1.4890e-01
[01-24 03:25:42|core.trainer]- [Train] Epoch 325: Loss=1.4859e-01
[01-24 03:25:56|core.trainer]- [Train] Epoch 326: Loss=1.3437e-01
[01-24 03:26:10|core.trainer]- [Train] Epoch 327: Loss=1.3701e-01
[01-24 03:26:24|core.trainer]- [Train] Epoch 328: Loss=1.3230e-01
[01-24 03:26:38|core.trainer]- [Train] Epoch 329: Loss=1.4163e-01
[01-24 03:26:54|core.trainer]- [Train] Epoch 330: Loss=1.4790e-01
[01-24 03:26:56|core.trainer]- [Val] Epoch 330: Loss=3.4712e-01
[01-24 03:27:58|core.trainer]- Saved checkpoint to exps/eps14_2/ckpts/best.pth
[01-24 03:28:12|core.trainer]- [Train] Epoch 331: Loss=1.4219e-01
[01-24 03:28:26|core.trainer]- [Train] Epoch 332: Loss=1.3378e-01
[01-24 03:28:40|core.trainer]- [Train] Epoch 333: Loss=1.2949e-01
[01-24 03:28:53|core.trainer]- [Train] Epoch 334: Loss=1.4315e-01
[01-24 03:29:07|core.trainer]- [Train] Epoch 335: Loss=1.3346e-01
[01-24 03:29:21|core.trainer]- [Train] Epoch 336: Loss=1.4017e-01
[01-24 03:29:35|core.trainer]- [Train] Epoch 337: Loss=1.4215e-01
[01-24 03:29:49|core.trainer]- [Train] Epoch 338: Loss=1.3607e-01
[01-24 03:30:03|core.trainer]- [Train] Epoch 339: Loss=1.3471e-01
[01-24 03:30:18|core.trainer]- [Train] Epoch 340: Loss=1.3864e-01
[01-24 03:30:20|core.trainer]- [Val] Epoch 340: Loss=3.3106e-01
[01-24 03:31:24|core.trainer]- Saved checkpoint to exps/eps14_2/ckpts/best.pth
[01-24 03:31:37|core.trainer]- [Train] Epoch 341: Loss=1.3401e-01
[01-24 03:31:51|core.trainer]- [Train] Epoch 342: Loss=1.4485e-01
[01-24 03:32:05|core.trainer]- [Train] Epoch 343: Loss=1.3907e-01
[01-24 03:32:18|core.trainer]- [Train] Epoch 344: Loss=1.3736e-01
[01-24 03:32:32|core.trainer]- [Train] Epoch 345: Loss=1.3310e-01
[01-24 03:32:46|core.trainer]- [Train] Epoch 346: Loss=1.3145e-01
[01-24 03:32:59|core.trainer]- [Train] Epoch 347: Loss=1.4019e-01
[01-24 03:33:13|core.trainer]- [Train] Epoch 348: Loss=1.3989e-01
[01-24 03:33:27|core.trainer]- [Train] Epoch 349: Loss=1.3118e-01
[01-24 03:33:42|core.trainer]- [Train] Epoch 350: Loss=1.3542e-01
[01-24 03:33:45|core.trainer]- [Val] Epoch 350: Loss=3.0735e-01
[01-24 03:34:49|core.trainer]- Saved checkpoint to exps/eps14_2/ckpts/best.pth
[01-24 03:35:01|core.trainer]- [Train] Epoch 351: Loss=1.2247e-01
[01-24 03:35:13|core.trainer]- [Train] Epoch 352: Loss=1.4577e-01
[01-24 03:35:27|core.trainer]- [Train] Epoch 353: Loss=1.4536e-01
[01-24 03:35:40|core.trainer]- [Train] Epoch 354: Loss=1.3358e-01
[01-24 03:35:54|core.trainer]- [Train] Epoch 355: Loss=1.3418e-01
[01-24 03:36:08|core.trainer]- [Train] Epoch 356: Loss=1.2506e-01
[01-24 03:36:22|core.trainer]- [Train] Epoch 357: Loss=1.3877e-01
[01-24 03:36:36|core.trainer]- [Train] Epoch 358: Loss=1.2748e-01
[01-24 03:36:50|core.trainer]- [Train] Epoch 359: Loss=1.3413e-01
[01-24 03:37:05|core.trainer]- [Train] Epoch 360: Loss=1.3929e-01
[01-24 03:37:07|core.trainer]- [Val] Epoch 360: Loss=3.3196e-01
[01-24 03:37:21|core.trainer]- [Train] Epoch 361: Loss=1.2852e-01
[01-24 03:37:35|core.trainer]- [Train] Epoch 362: Loss=1.2249e-01
[01-24 03:37:49|core.trainer]- [Train] Epoch 363: Loss=1.3621e-01
[01-24 03:38:02|core.trainer]- [Train] Epoch 364: Loss=1.3012e-01
[01-24 03:38:16|core.trainer]- [Train] Epoch 365: Loss=1.2259e-01
[01-24 03:38:29|core.trainer]- [Train] Epoch 366: Loss=1.2925e-01
[01-24 03:38:43|core.trainer]- [Train] Epoch 367: Loss=1.2451e-01
[01-24 03:38:57|core.trainer]- [Train] Epoch 368: Loss=1.3109e-01
[01-24 03:39:11|core.trainer]- [Train] Epoch 369: Loss=1.3385e-01
[01-24 03:39:26|core.trainer]- [Train] Epoch 370: Loss=1.3774e-01
[01-24 03:39:28|core.trainer]- [Val] Epoch 370: Loss=2.9503e-01
[01-24 03:40:25|core.trainer]- Saved checkpoint to exps/eps14_2/ckpts/best.pth
[01-24 03:40:37|core.trainer]- [Train] Epoch 371: Loss=1.3164e-01
[01-24 03:40:48|core.trainer]- [Train] Epoch 372: Loss=1.2817e-01
[01-24 03:41:01|core.trainer]- [Train] Epoch 373: Loss=1.5199e-01
[01-24 03:41:13|core.trainer]- [Train] Epoch 374: Loss=1.2899e-01
[01-24 03:41:26|core.trainer]- [Train] Epoch 375: Loss=1.2576e-01
[01-24 03:41:39|core.trainer]- [Train] Epoch 376: Loss=1.1677e-01
[01-24 03:41:52|core.trainer]- [Train] Epoch 377: Loss=1.2595e-01
[01-24 03:42:04|core.trainer]- [Train] Epoch 378: Loss=1.2545e-01
[01-24 03:42:16|core.trainer]- [Train] Epoch 379: Loss=1.3484e-01
[01-24 03:42:30|core.trainer]- [Train] Epoch 380: Loss=1.2692e-01
[01-24 03:42:33|core.trainer]- [Val] Epoch 380: Loss=2.9042e-01
[01-24 03:43:37|core.trainer]- Saved checkpoint to exps/eps14_2/ckpts/best.pth
[01-24 03:43:51|core.trainer]- [Train] Epoch 381: Loss=1.3476e-01
[01-24 03:44:04|core.trainer]- [Train] Epoch 382: Loss=1.3759e-01
[01-24 03:44:18|core.trainer]- [Train] Epoch 383: Loss=1.3845e-01
[01-24 03:44:32|core.trainer]- [Train] Epoch 384: Loss=1.3426e-01
[01-24 03:44:46|core.trainer]- [Train] Epoch 385: Loss=1.3975e-01
[01-24 03:45:00|core.trainer]- [Train] Epoch 386: Loss=1.3230e-01
[01-24 03:45:14|core.trainer]- [Train] Epoch 387: Loss=1.2668e-01
[01-24 03:45:28|core.trainer]- [Train] Epoch 388: Loss=1.2787e-01
[01-24 03:45:42|core.trainer]- [Train] Epoch 389: Loss=1.2673e-01
[01-24 03:45:57|core.trainer]- [Train] Epoch 390: Loss=1.2486e-01
[01-24 03:46:00|core.trainer]- [Val] Epoch 390: Loss=2.8579e-01
[01-24 03:47:02|core.trainer]- Saved checkpoint to exps/eps14_2/ckpts/best.pth
[01-24 03:47:16|core.trainer]- [Train] Epoch 391: Loss=1.2810e-01
[01-24 03:47:30|core.trainer]- [Train] Epoch 392: Loss=1.2812e-01
[01-24 03:47:44|core.trainer]- [Train] Epoch 393: Loss=1.3583e-01
[01-24 03:47:57|core.trainer]- [Train] Epoch 394: Loss=1.3221e-01
[01-24 03:48:11|core.trainer]- [Train] Epoch 395: Loss=1.3515e-01
[01-24 03:48:25|core.trainer]- [Train] Epoch 396: Loss=1.2882e-01
[01-24 03:48:40|core.trainer]- [Train] Epoch 397: Loss=1.3990e-01
[01-24 03:48:53|core.trainer]- [Train] Epoch 398: Loss=1.3640e-01
[01-24 03:49:07|core.trainer]- [Train] Epoch 399: Loss=1.3666e-01
[01-24 03:49:23|core.trainer]- [Train] Epoch 400: Loss=1.2795e-01
[01-24 03:49:25|core.trainer]- [Val] Epoch 400: Loss=2.9239e-01
[01-24 03:49:39|core.trainer]- [Train] Epoch 401: Loss=1.2819e-01
[01-24 03:49:53|core.trainer]- [Train] Epoch 402: Loss=1.2532e-01
