[01-15 15:31:04|data.dataloader]- Loaded stats from data/stats.pth
[01-15 15:31:04|core.trainer]- [训练]: 765
[01-15 15:31:04|core.trainer]- [验证]: 85
[01-15 15:31:10|core.trainer]- Starting training...
[01-15 15:31:22|core.trainer]- [Train] Epoch 1: Loss=1.0556e+00
[01-15 15:31:36|core.trainer]- [Train] Epoch 2: Loss=1.0199e+00
[01-15 15:31:51|core.trainer]- [Train] Epoch 3: Loss=9.2215e-01
[01-15 15:32:05|core.trainer]- [Train] Epoch 4: Loss=8.7975e-01
[01-15 15:32:21|core.trainer]- [Train] Epoch 5: Loss=8.6960e-01
[01-15 15:32:36|core.trainer]- [Train] Epoch 6: Loss=8.5284e-01
[01-15 15:33:07|core.trainer]- [Train] Epoch 7: Loss=8.4047e-01
[01-15 15:33:22|core.trainer]- [Train] Epoch 8: Loss=8.1299e-01
[01-15 15:33:35|core.trainer]- [Train] Epoch 9: Loss=8.2186e-01
[01-15 15:33:51|core.trainer]- [Train] Epoch 10: Loss=8.3018e-01
[01-15 15:33:53|core.trainer]- [Val] Epoch 10: Loss=1.1132e+00
[01-15 15:36:25|core.trainer]- Saved checkpoint to exps/eps4/ckpts/best.pth
[01-15 15:36:37|core.trainer]- [Train] Epoch 11: Loss=8.2364e-01
[01-15 15:36:49|core.trainer]- [Train] Epoch 12: Loss=8.1406e-01
[01-15 15:37:02|core.trainer]- [Train] Epoch 13: Loss=8.0863e-01
[01-15 15:37:16|core.trainer]- [Train] Epoch 14: Loss=7.9653e-01
[01-15 15:37:31|core.trainer]- [Train] Epoch 15: Loss=8.0282e-01
[01-15 15:37:45|core.trainer]- [Train] Epoch 16: Loss=7.8813e-01
[01-15 15:38:01|core.trainer]- [Train] Epoch 17: Loss=7.0212e-01
[01-15 15:38:15|core.trainer]- [Train] Epoch 18: Loss=5.9047e-01
[01-15 15:38:30|core.trainer]- [Train] Epoch 19: Loss=5.2696e-01
[01-15 15:38:48|core.trainer]- [Train] Epoch 20: Loss=5.0281e-01
[01-15 15:39:13|core.trainer]- [Val] Epoch 20: Loss=1.1390e+00
[01-15 15:39:27|core.trainer]- [Train] Epoch 21: Loss=4.5263e-01
[01-15 15:39:40|core.trainer]- [Train] Epoch 22: Loss=4.5647e-01
[01-15 15:39:54|core.trainer]- [Train] Epoch 23: Loss=4.1917e-01
[01-15 15:40:09|core.trainer]- [Train] Epoch 24: Loss=4.0756e-01
[01-15 15:40:20|core.trainer]- [Train] Epoch 25: Loss=4.1042e-01
[01-15 15:40:34|core.trainer]- [Train] Epoch 26: Loss=4.0667e-01
[01-15 15:40:48|core.trainer]- [Train] Epoch 27: Loss=3.6547e-01
[01-15 15:41:03|core.trainer]- [Train] Epoch 28: Loss=3.6260e-01
[01-15 15:41:18|core.trainer]- [Train] Epoch 29: Loss=3.6530e-01
[01-15 15:41:33|core.trainer]- [Train] Epoch 30: Loss=3.7660e-01
[01-15 15:41:35|core.trainer]- [Val] Epoch 30: Loss=1.1096e+00
[01-15 15:43:28|core.trainer]- Saved checkpoint to exps/eps4/ckpts/best.pth
[01-15 15:43:42|core.trainer]- [Train] Epoch 31: Loss=3.5529e-01
[01-15 15:43:57|core.trainer]- [Train] Epoch 32: Loss=3.6531e-01
[01-15 15:44:12|core.trainer]- [Train] Epoch 33: Loss=3.6090e-01
[01-15 15:44:26|core.trainer]- [Train] Epoch 34: Loss=3.4216e-01
[01-15 15:44:40|core.trainer]- [Train] Epoch 35: Loss=3.6056e-01
[01-15 15:44:55|core.trainer]- [Train] Epoch 36: Loss=3.4786e-01
[01-15 15:45:07|core.trainer]- [Train] Epoch 37: Loss=3.4298e-01
[01-15 15:45:22|core.trainer]- [Train] Epoch 38: Loss=3.5856e-01
[01-15 15:45:37|core.trainer]- [Train] Epoch 39: Loss=3.4947e-01
[01-15 15:46:11|core.trainer]- [Train] Epoch 40: Loss=3.4198e-01
[01-15 15:46:13|core.trainer]- [Val] Epoch 40: Loss=1.1148e+00
[01-15 15:46:52|core.trainer]- [Train] Epoch 41: Loss=3.4526e-01
[01-15 15:47:04|core.trainer]- [Train] Epoch 42: Loss=3.3722e-01
[01-15 15:47:17|core.trainer]- [Train] Epoch 43: Loss=3.5226e-01
[01-15 15:47:31|core.trainer]- [Train] Epoch 44: Loss=3.4895e-01
[01-15 15:47:45|core.trainer]- [Train] Epoch 45: Loss=3.3832e-01
[01-15 15:47:58|core.trainer]- [Train] Epoch 46: Loss=3.2893e-01
[01-15 15:48:13|core.trainer]- [Train] Epoch 47: Loss=3.4131e-01
[01-15 15:48:26|core.trainer]- [Train] Epoch 48: Loss=3.2985e-01
[01-15 15:48:38|core.trainer]- [Train] Epoch 49: Loss=3.3825e-01
[01-15 15:48:55|core.trainer]- [Train] Epoch 50: Loss=3.4222e-01
[01-15 15:48:58|core.trainer]- [Val] Epoch 50: Loss=1.1211e+00
[01-15 15:49:12|core.trainer]- [Train] Epoch 51: Loss=3.3381e-01
[01-15 15:49:26|core.trainer]- [Train] Epoch 52: Loss=3.3297e-01
[01-15 15:49:40|core.trainer]- [Train] Epoch 53: Loss=3.2872e-01
[01-15 15:49:55|core.trainer]- [Train] Epoch 54: Loss=3.2484e-01
[01-15 15:50:09|core.trainer]- [Train] Epoch 55: Loss=3.2189e-01
[01-15 15:50:22|core.trainer]- [Train] Epoch 56: Loss=3.3000e-01
[01-15 15:50:38|core.trainer]- [Train] Epoch 57: Loss=3.2467e-01
[01-15 15:50:53|core.trainer]- [Train] Epoch 58: Loss=3.3357e-01
[01-15 15:51:37|core.trainer]- [Train] Epoch 59: Loss=3.3749e-01
[01-15 15:52:18|core.trainer]- [Train] Epoch 60: Loss=3.2442e-01
[01-15 15:52:47|core.trainer]- [Val] Epoch 60: Loss=1.2073e+00
[01-15 15:53:02|core.trainer]- [Train] Epoch 61: Loss=3.2269e-01
[01-15 15:53:16|core.trainer]- [Train] Epoch 62: Loss=3.1209e-01
[01-15 15:53:29|core.trainer]- [Train] Epoch 63: Loss=3.3545e-01
[01-15 15:53:42|core.trainer]- [Train] Epoch 64: Loss=3.3385e-01
[01-15 15:53:53|core.trainer]- [Train] Epoch 65: Loss=3.2233e-01
[01-15 15:54:08|core.trainer]- [Train] Epoch 66: Loss=3.2286e-01
[01-15 15:54:19|core.trainer]- [Train] Epoch 67: Loss=3.1470e-01
[01-15 15:54:31|core.trainer]- [Train] Epoch 68: Loss=3.1489e-01
[01-15 15:54:47|core.trainer]- [Train] Epoch 69: Loss=3.1489e-01
[01-15 15:55:02|core.trainer]- [Train] Epoch 70: Loss=3.2957e-01
[01-15 15:55:04|core.trainer]- [Val] Epoch 70: Loss=1.0049e+00
[01-15 15:56:11|core.trainer]- Saved checkpoint to exps/eps4/ckpts/best.pth
[01-15 15:56:24|core.trainer]- [Train] Epoch 71: Loss=3.0584e-01
[01-15 15:56:39|core.trainer]- [Train] Epoch 72: Loss=3.0786e-01
[01-15 15:56:53|core.trainer]- [Train] Epoch 73: Loss=3.0745e-01
[01-15 15:57:06|core.trainer]- [Train] Epoch 74: Loss=3.2215e-01
[01-15 15:57:19|core.trainer]- [Train] Epoch 75: Loss=3.1386e-01
[01-15 15:57:34|core.trainer]- [Train] Epoch 76: Loss=3.3042e-01
[01-15 15:57:49|core.trainer]- [Train] Epoch 77: Loss=3.2331e-01
[01-15 15:58:03|core.trainer]- [Train] Epoch 78: Loss=3.2405e-01
[01-15 15:58:19|core.trainer]- [Train] Epoch 79: Loss=3.2183e-01
[01-15 15:58:31|core.trainer]- [Train] Epoch 80: Loss=3.2421e-01
[01-15 15:58:34|core.trainer]- [Val] Epoch 80: Loss=1.1576e+00
[01-15 15:58:48|core.trainer]- [Train] Epoch 81: Loss=3.1553e-01
[01-15 15:59:03|core.trainer]- [Train] Epoch 82: Loss=3.0811e-01
[01-15 15:59:18|core.trainer]- [Train] Epoch 83: Loss=2.9997e-01
[01-15 15:59:31|core.trainer]- [Train] Epoch 84: Loss=3.1750e-01
[01-15 15:59:45|core.trainer]- [Train] Epoch 85: Loss=3.1967e-01
[01-15 15:59:57|core.trainer]- [Train] Epoch 86: Loss=2.9840e-01
[01-15 16:00:10|core.trainer]- [Train] Epoch 87: Loss=3.1786e-01
[01-15 16:00:23|core.trainer]- [Train] Epoch 88: Loss=3.1348e-01
[01-15 16:00:36|core.trainer]- [Train] Epoch 89: Loss=3.0980e-01
[01-15 16:00:58|core.trainer]- [Train] Epoch 90: Loss=3.3134e-01
[01-15 16:01:02|core.trainer]- [Val] Epoch 90: Loss=1.0829e+00
[01-15 16:01:15|core.trainer]- [Train] Epoch 91: Loss=3.2125e-01
[01-15 16:01:28|core.trainer]- [Train] Epoch 92: Loss=3.1499e-01
[01-15 16:01:42|core.trainer]- [Train] Epoch 93: Loss=2.9792e-01
[01-15 16:01:57|core.trainer]- [Train] Epoch 94: Loss=2.9700e-01
[01-15 16:02:12|core.trainer]- [Train] Epoch 95: Loss=3.1958e-01
[01-15 16:02:26|core.trainer]- [Train] Epoch 96: Loss=3.0974e-01
[01-15 16:02:39|core.trainer]- [Train] Epoch 97: Loss=2.9964e-01
[01-15 16:02:55|core.trainer]- [Train] Epoch 98: Loss=3.2539e-01
[01-15 16:03:10|core.trainer]- [Train] Epoch 99: Loss=3.0285e-01
[01-15 16:03:25|core.trainer]- [Train] Epoch 100: Loss=3.0910e-01
[01-15 16:03:28|core.trainer]- [Val] Epoch 100: Loss=1.0869e+00
[01-15 16:04:13|core.trainer]- Saved checkpoint to exps/eps4/ckpts/100.pth
[01-15 16:04:27|core.trainer]- [Train] Epoch 101: Loss=3.0106e-01
[01-15 16:04:42|core.trainer]- [Train] Epoch 102: Loss=2.9239e-01
[01-15 16:04:56|core.trainer]- [Train] Epoch 103: Loss=3.2552e-01
[01-15 16:05:11|core.trainer]- [Train] Epoch 104: Loss=2.9314e-01
[01-15 16:05:26|core.trainer]- [Train] Epoch 105: Loss=3.2120e-01
[01-15 16:05:40|core.trainer]- [Train] Epoch 106: Loss=3.0200e-01
[01-15 16:05:53|core.trainer]- [Train] Epoch 107: Loss=3.0027e-01
[01-15 16:06:23|core.trainer]- [Train] Epoch 108: Loss=2.9100e-01
[01-15 16:06:37|core.trainer]- [Train] Epoch 109: Loss=3.1516e-01
[01-15 16:06:58|core.trainer]- [Train] Epoch 110: Loss=3.0574e-01
[01-15 16:07:00|core.trainer]- [Val] Epoch 110: Loss=1.1490e+00
[01-15 16:07:15|core.trainer]- [Train] Epoch 111: Loss=3.0982e-01
[01-15 16:07:30|core.trainer]- [Train] Epoch 112: Loss=2.9720e-01
[01-15 16:07:43|core.trainer]- [Train] Epoch 113: Loss=3.0545e-01
[01-15 16:07:58|core.trainer]- [Train] Epoch 114: Loss=3.1711e-01
[01-15 16:08:21|core.trainer]- [Train] Epoch 115: Loss=3.1059e-01
[01-15 16:08:35|core.trainer]- [Train] Epoch 116: Loss=3.0429e-01
[01-15 16:08:50|core.trainer]- [Train] Epoch 117: Loss=3.0303e-01
[01-15 16:09:04|core.trainer]- [Train] Epoch 118: Loss=3.1015e-01
[01-15 16:09:18|core.trainer]- [Train] Epoch 119: Loss=2.8622e-01
[01-15 16:09:33|core.trainer]- [Train] Epoch 120: Loss=3.1368e-01
[01-15 16:09:36|core.trainer]- [Val] Epoch 120: Loss=1.0770e+00
[01-15 16:09:51|core.trainer]- [Train] Epoch 121: Loss=3.0520e-01
[01-15 16:10:06|core.trainer]- [Train] Epoch 122: Loss=3.0510e-01
[01-15 16:10:20|core.trainer]- [Train] Epoch 123: Loss=3.0025e-01
[01-15 16:10:35|core.trainer]- [Train] Epoch 124: Loss=3.2597e-01
[01-15 16:10:50|core.trainer]- [Train] Epoch 125: Loss=3.2123e-01
[01-15 16:11:05|core.trainer]- [Train] Epoch 126: Loss=3.0795e-01
[01-15 16:11:21|core.trainer]- [Train] Epoch 127: Loss=3.0466e-01
[01-15 16:11:35|core.trainer]- [Train] Epoch 128: Loss=2.9737e-01
[01-15 16:11:49|core.trainer]- [Train] Epoch 129: Loss=3.0904e-01
[01-15 16:12:01|core.trainer]- [Train] Epoch 130: Loss=2.9945e-01
[01-15 16:12:04|core.trainer]- [Val] Epoch 130: Loss=1.1754e+00
[01-15 16:12:17|core.trainer]- [Train] Epoch 131: Loss=2.9073e-01
[01-15 16:12:29|core.trainer]- [Train] Epoch 132: Loss=3.0046e-01
[01-15 16:13:00|core.trainer]- [Train] Epoch 133: Loss=3.0290e-01
[01-15 16:13:12|core.trainer]- [Train] Epoch 134: Loss=3.0320e-01
[01-15 16:13:26|core.trainer]- [Train] Epoch 135: Loss=3.0574e-01
[01-15 16:13:51|core.trainer]- [Train] Epoch 136: Loss=3.0934e-01
[01-15 16:14:06|core.trainer]- [Train] Epoch 137: Loss=3.0434e-01
[01-15 16:14:19|core.trainer]- [Train] Epoch 138: Loss=3.0896e-01
[01-15 16:14:34|core.trainer]- [Train] Epoch 139: Loss=3.0663e-01
[01-15 16:14:57|core.trainer]- [Train] Epoch 140: Loss=2.9629e-01
[01-15 16:15:00|core.trainer]- [Val] Epoch 140: Loss=1.1552e+00
[01-15 16:15:15|core.trainer]- [Train] Epoch 141: Loss=2.9767e-01
[01-15 16:15:27|core.trainer]- [Train] Epoch 142: Loss=2.8858e-01
[01-15 16:15:41|core.trainer]- [Train] Epoch 143: Loss=3.0268e-01
[01-15 16:15:56|core.trainer]- [Train] Epoch 144: Loss=3.0379e-01
[01-15 16:16:11|core.trainer]- [Train] Epoch 145: Loss=2.9691e-01
[01-15 16:16:25|core.trainer]- [Train] Epoch 146: Loss=2.9542e-01
[01-15 16:16:41|core.trainer]- [Train] Epoch 147: Loss=2.9708e-01
[01-15 16:16:54|core.trainer]- [Train] Epoch 148: Loss=2.9144e-01
[01-15 16:17:09|core.trainer]- [Train] Epoch 149: Loss=2.8340e-01
[01-15 16:17:25|core.trainer]- [Train] Epoch 150: Loss=2.9984e-01
[01-15 16:17:43|core.trainer]- [Val] Epoch 150: Loss=1.1554e+00
[01-15 16:17:54|core.trainer]- [Train] Epoch 151: Loss=3.0976e-01
[01-15 16:18:08|core.trainer]- [Train] Epoch 152: Loss=2.8976e-01
[01-15 16:18:20|core.trainer]- [Train] Epoch 153: Loss=3.0271e-01
[01-15 16:18:32|core.trainer]- [Train] Epoch 154: Loss=3.0510e-01
[01-15 16:18:46|core.trainer]- [Train] Epoch 155: Loss=3.0396e-01
[01-15 16:19:01|core.trainer]- [Train] Epoch 156: Loss=2.8897e-01
[01-15 16:19:13|core.trainer]- [Train] Epoch 157: Loss=3.0074e-01
[01-15 16:19:25|core.trainer]- [Train] Epoch 158: Loss=2.9725e-01
[01-15 16:19:39|core.trainer]- [Train] Epoch 159: Loss=2.8721e-01
[01-15 16:19:55|core.trainer]- [Train] Epoch 160: Loss=2.9760e-01
[01-15 16:19:58|core.trainer]- [Val] Epoch 160: Loss=1.1122e+00
[01-15 16:20:12|core.trainer]- [Train] Epoch 161: Loss=2.9456e-01
[01-15 16:20:25|core.trainer]- [Train] Epoch 162: Loss=2.8760e-01
[01-15 16:20:38|core.trainer]- [Train] Epoch 163: Loss=3.1394e-01
[01-15 16:20:51|core.trainer]- [Train] Epoch 164: Loss=3.0093e-01
[01-15 16:21:06|core.trainer]- [Train] Epoch 165: Loss=2.9856e-01
[01-15 16:21:19|core.trainer]- [Train] Epoch 166: Loss=2.9201e-01
[01-15 16:21:34|core.trainer]- [Train] Epoch 167: Loss=2.8994e-01
[01-15 16:21:48|core.trainer]- [Train] Epoch 168: Loss=2.9384e-01
[01-15 16:22:01|core.trainer]- [Train] Epoch 169: Loss=3.0308e-01
[01-15 16:22:17|core.trainer]- [Train] Epoch 170: Loss=2.9567e-01
[01-15 16:22:19|core.trainer]- [Val] Epoch 170: Loss=1.0906e+00
[01-15 16:22:32|core.trainer]- [Train] Epoch 171: Loss=3.0828e-01
[01-15 16:22:47|core.trainer]- [Train] Epoch 172: Loss=3.0232e-01
[01-15 16:23:00|core.trainer]- [Train] Epoch 173: Loss=3.0422e-01
[01-15 16:23:13|core.trainer]- [Train] Epoch 174: Loss=2.9445e-01
[01-15 16:23:28|core.trainer]- [Train] Epoch 175: Loss=2.9132e-01
[01-15 16:23:43|core.trainer]- [Train] Epoch 176: Loss=3.0406e-01
[01-15 16:23:57|core.trainer]- [Train] Epoch 177: Loss=3.0661e-01
[01-15 16:24:10|core.trainer]- [Train] Epoch 178: Loss=2.9530e-01
[01-15 16:24:24|core.trainer]- [Train] Epoch 179: Loss=2.8568e-01
[01-15 16:24:38|core.trainer]- [Train] Epoch 180: Loss=3.0144e-01
[01-15 16:24:42|core.trainer]- [Val] Epoch 180: Loss=1.0684e+00
[01-15 16:24:55|core.trainer]- [Train] Epoch 181: Loss=2.9380e-01
[01-15 16:25:08|core.trainer]- [Train] Epoch 182: Loss=3.1511e-01
[01-15 16:25:22|core.trainer]- [Train] Epoch 183: Loss=3.0570e-01
[01-15 16:25:36|core.trainer]- [Train] Epoch 184: Loss=3.0166e-01
[01-15 16:25:50|core.trainer]- [Train] Epoch 185: Loss=2.9432e-01
[01-15 16:26:05|core.trainer]- [Train] Epoch 186: Loss=2.8812e-01
[01-15 16:26:18|core.trainer]- [Train] Epoch 187: Loss=2.8879e-01
[01-15 16:26:33|core.trainer]- [Train] Epoch 188: Loss=2.9987e-01
[01-15 16:26:46|core.trainer]- [Train] Epoch 189: Loss=2.9882e-01
[01-15 16:27:00|core.trainer]- [Train] Epoch 190: Loss=3.0085e-01
[01-15 16:27:02|core.trainer]- [Val] Epoch 190: Loss=1.1340e+00
[01-15 16:27:16|core.trainer]- [Train] Epoch 191: Loss=2.9813e-01
[01-15 16:27:29|core.trainer]- [Train] Epoch 192: Loss=2.9459e-01
[01-15 16:27:42|core.trainer]- [Train] Epoch 193: Loss=2.9700e-01
[01-15 16:27:58|core.trainer]- [Train] Epoch 194: Loss=2.9773e-01
[01-15 16:28:11|core.trainer]- [Train] Epoch 195: Loss=2.7681e-01
[01-15 16:28:26|core.trainer]- [Train] Epoch 196: Loss=2.9581e-01
[01-15 16:28:40|core.trainer]- [Train] Epoch 197: Loss=3.0391e-01
[01-15 16:28:56|core.trainer]- [Train] Epoch 198: Loss=2.9379e-01
[01-15 16:29:07|core.trainer]- [Train] Epoch 199: Loss=2.8284e-01
[01-15 16:29:22|core.trainer]- [Train] Epoch 200: Loss=2.9241e-01
[01-15 16:29:25|core.trainer]- [Val] Epoch 200: Loss=1.0992e+00
[01-15 16:30:19|core.trainer]- Saved checkpoint to exps/eps4/ckpts/200.pth
[01-15 16:30:32|core.trainer]- [Train] Epoch 201: Loss=2.8808e-01
[01-15 16:30:45|core.trainer]- [Train] Epoch 202: Loss=2.8241e-01
[01-15 16:30:57|core.trainer]- [Train] Epoch 203: Loss=2.8670e-01
[01-15 16:31:12|core.trainer]- [Train] Epoch 204: Loss=2.9050e-01
[01-15 16:31:27|core.trainer]- [Train] Epoch 205: Loss=3.0364e-01
[01-15 16:31:42|core.trainer]- [Train] Epoch 206: Loss=3.1339e-01
[01-15 16:31:56|core.trainer]- [Train] Epoch 207: Loss=2.9290e-01
[01-15 16:32:10|core.trainer]- [Train] Epoch 208: Loss=2.9762e-01
[01-15 16:32:23|core.trainer]- [Train] Epoch 209: Loss=3.0562e-01
[01-15 16:32:38|core.trainer]- [Train] Epoch 210: Loss=2.9780e-01
[01-15 16:32:41|core.trainer]- [Val] Epoch 210: Loss=1.1654e+00
[01-15 16:32:55|core.trainer]- [Train] Epoch 211: Loss=2.8122e-01
[01-15 16:33:09|core.trainer]- [Train] Epoch 212: Loss=2.7411e-01
[01-15 16:33:23|core.trainer]- [Train] Epoch 213: Loss=3.0455e-01
[01-15 16:33:38|core.trainer]- [Train] Epoch 214: Loss=3.0206e-01
[01-15 16:33:53|core.trainer]- [Train] Epoch 215: Loss=2.8588e-01
[01-15 16:34:06|core.trainer]- [Train] Epoch 216: Loss=2.9487e-01
[01-15 16:34:22|core.trainer]- [Train] Epoch 217: Loss=3.0147e-01
[01-15 16:34:36|core.trainer]- [Train] Epoch 218: Loss=2.8720e-01
[01-15 16:34:50|core.trainer]- [Train] Epoch 219: Loss=2.8880e-01
[01-15 16:35:07|core.trainer]- [Train] Epoch 220: Loss=2.8038e-01
[01-15 16:35:10|core.trainer]- [Val] Epoch 220: Loss=1.1267e+00
[01-15 16:35:24|core.trainer]- [Train] Epoch 221: Loss=2.8731e-01
[01-15 16:35:39|core.trainer]- [Train] Epoch 222: Loss=2.7165e-01
[01-15 16:35:52|core.trainer]- [Train] Epoch 223: Loss=2.9916e-01
[01-15 16:36:06|core.trainer]- [Train] Epoch 224: Loss=2.8568e-01
[01-15 16:36:17|core.trainer]- [Train] Epoch 225: Loss=2.7934e-01
[01-15 16:36:26|core.trainer]- [Train] Epoch 226: Loss=2.9483e-01
[01-15 16:36:40|core.trainer]- [Train] Epoch 227: Loss=3.0164e-01
[01-15 16:36:53|core.trainer]- [Train] Epoch 228: Loss=2.8925e-01
[01-15 16:37:03|core.trainer]- [Train] Epoch 229: Loss=2.8515e-01
[01-15 16:37:20|core.trainer]- [Train] Epoch 230: Loss=2.7659e-01
[01-15 16:37:23|core.trainer]- [Val] Epoch 230: Loss=1.1012e+00
[01-15 16:37:37|core.trainer]- [Train] Epoch 231: Loss=2.7632e-01
[01-15 16:37:51|core.trainer]- [Train] Epoch 232: Loss=2.9207e-01
[01-15 16:38:05|core.trainer]- [Train] Epoch 233: Loss=2.8947e-01
[01-15 16:38:19|core.trainer]- [Train] Epoch 234: Loss=2.9271e-01
[01-15 16:38:34|core.trainer]- [Train] Epoch 235: Loss=2.9058e-01
[01-15 16:38:48|core.trainer]- [Train] Epoch 236: Loss=2.9404e-01
[01-15 16:39:03|core.trainer]- [Train] Epoch 237: Loss=2.8930e-01
[01-15 16:39:18|core.trainer]- [Train] Epoch 238: Loss=2.8041e-01
[01-15 16:39:32|core.trainer]- [Train] Epoch 239: Loss=2.8576e-01
[01-15 16:39:53|core.trainer]- [Train] Epoch 240: Loss=2.8127e-01
[01-15 16:39:55|core.trainer]- [Val] Epoch 240: Loss=1.1465e+00
[01-15 16:40:09|core.trainer]- [Train] Epoch 241: Loss=2.8837e-01
[01-15 16:40:23|core.trainer]- [Train] Epoch 242: Loss=2.8314e-01
[01-15 16:40:38|core.trainer]- [Train] Epoch 243: Loss=2.7639e-01
[01-15 16:40:52|core.trainer]- [Train] Epoch 244: Loss=2.6334e-01
[01-15 16:41:07|core.trainer]- [Train] Epoch 245: Loss=2.9431e-01
[01-15 16:41:20|core.trainer]- [Train] Epoch 246: Loss=2.9352e-01
[01-15 16:41:35|core.trainer]- [Train] Epoch 247: Loss=2.8399e-01
[01-15 16:41:49|core.trainer]- [Train] Epoch 248: Loss=2.7915e-01
[01-15 16:42:02|core.trainer]- [Train] Epoch 249: Loss=3.0181e-01
[01-15 16:42:18|core.trainer]- [Train] Epoch 250: Loss=2.7212e-01
[01-15 16:42:21|core.trainer]- [Val] Epoch 250: Loss=1.1610e+00
[01-15 16:42:34|core.trainer]- [Train] Epoch 251: Loss=2.8948e-01
[01-15 16:42:45|core.trainer]- [Train] Epoch 252: Loss=2.9829e-01
[01-15 16:42:58|core.trainer]- [Train] Epoch 253: Loss=2.9243e-01
[01-15 16:43:11|core.trainer]- [Train] Epoch 254: Loss=2.8102e-01
[01-15 16:43:24|core.trainer]- [Train] Epoch 255: Loss=2.7590e-01
[01-15 16:43:38|core.trainer]- [Train] Epoch 256: Loss=2.8482e-01
[01-15 16:43:52|core.trainer]- [Train] Epoch 257: Loss=2.8911e-01
[01-15 16:44:06|core.trainer]- [Train] Epoch 258: Loss=2.7856e-01
[01-15 16:44:21|core.trainer]- [Train] Epoch 259: Loss=2.9985e-01
[01-15 16:44:36|core.trainer]- [Train] Epoch 260: Loss=3.0442e-01
[01-15 16:44:39|core.trainer]- [Val] Epoch 260: Loss=1.0534e+00
[01-15 16:44:54|core.trainer]- [Train] Epoch 261: Loss=2.7678e-01
[01-15 16:45:10|core.trainer]- [Train] Epoch 262: Loss=2.7975e-01
[01-15 16:45:22|core.trainer]- [Train] Epoch 263: Loss=2.8651e-01
[01-15 16:45:37|core.trainer]- [Train] Epoch 264: Loss=2.7593e-01
[01-15 16:45:48|core.trainer]- [Train] Epoch 265: Loss=2.8128e-01
[01-15 16:46:01|core.trainer]- [Train] Epoch 266: Loss=2.8919e-01
[01-15 16:46:14|core.trainer]- [Train] Epoch 267: Loss=2.7935e-01
[01-15 16:46:29|core.trainer]- [Train] Epoch 268: Loss=2.7529e-01
[01-15 16:46:42|core.trainer]- [Train] Epoch 269: Loss=2.6615e-01
[01-15 16:46:58|core.trainer]- [Train] Epoch 270: Loss=2.7556e-01
[01-15 16:47:01|core.trainer]- [Val] Epoch 270: Loss=1.0223e+00
[01-15 16:47:14|core.trainer]- [Train] Epoch 271: Loss=2.7874e-01
[01-15 16:47:28|core.trainer]- [Train] Epoch 272: Loss=2.8004e-01
[01-15 16:47:43|core.trainer]- [Train] Epoch 273: Loss=2.7327e-01
[01-15 16:47:58|core.trainer]- [Train] Epoch 274: Loss=2.8965e-01
[01-15 16:48:11|core.trainer]- [Train] Epoch 275: Loss=2.8225e-01
[01-15 16:48:27|core.trainer]- [Train] Epoch 276: Loss=2.8734e-01
[01-15 16:48:41|core.trainer]- [Train] Epoch 277: Loss=2.8940e-01
[01-15 16:48:53|core.trainer]- [Train] Epoch 278: Loss=2.8666e-01
[01-15 16:49:08|core.trainer]- [Train] Epoch 279: Loss=2.8098e-01
[01-15 16:49:22|core.trainer]- [Train] Epoch 280: Loss=2.7682e-01
[01-15 16:49:25|core.trainer]- [Val] Epoch 280: Loss=1.0812e+00
[01-15 16:49:40|core.trainer]- [Train] Epoch 281: Loss=2.8173e-01
[01-15 16:49:54|core.trainer]- [Train] Epoch 282: Loss=2.8289e-01
[01-15 16:50:08|core.trainer]- [Train] Epoch 283: Loss=2.6591e-01
[01-15 16:50:23|core.trainer]- [Train] Epoch 284: Loss=2.7389e-01
[01-15 16:50:36|core.trainer]- [Train] Epoch 285: Loss=2.7491e-01
[01-15 16:50:50|core.trainer]- [Train] Epoch 286: Loss=2.8957e-01
[01-15 16:51:03|core.trainer]- [Train] Epoch 287: Loss=2.8469e-01
[01-15 16:51:19|core.trainer]- [Train] Epoch 288: Loss=2.7986e-01
[01-15 16:51:33|core.trainer]- [Train] Epoch 289: Loss=2.8282e-01
[01-15 16:51:48|core.trainer]- [Train] Epoch 290: Loss=2.6371e-01
[01-15 16:51:50|core.trainer]- [Val] Epoch 290: Loss=1.1204e+00
[01-15 16:52:05|core.trainer]- [Train] Epoch 291: Loss=2.6839e-01
[01-15 16:52:20|core.trainer]- [Train] Epoch 292: Loss=2.7444e-01
[01-15 16:52:34|core.trainer]- [Train] Epoch 293: Loss=2.5703e-01
[01-15 16:52:45|core.trainer]- [Train] Epoch 294: Loss=2.8174e-01
[01-15 16:52:59|core.trainer]- [Train] Epoch 295: Loss=2.7692e-01
[01-15 16:53:12|core.trainer]- [Train] Epoch 296: Loss=2.8454e-01
[01-15 16:53:27|core.trainer]- [Train] Epoch 297: Loss=2.7886e-01
[01-15 16:53:43|core.trainer]- [Train] Epoch 298: Loss=2.7735e-01
[01-15 16:53:58|core.trainer]- [Train] Epoch 299: Loss=2.7394e-01
[01-15 16:54:14|core.trainer]- [Train] Epoch 300: Loss=2.8074e-01
[01-15 16:54:17|core.trainer]- [Val] Epoch 300: Loss=1.1031e+00
[01-15 16:55:12|core.trainer]- Saved checkpoint to exps/eps4/ckpts/300.pth
[01-15 16:55:24|core.trainer]- [Train] Epoch 301: Loss=2.7298e-01
[01-15 16:55:38|core.trainer]- [Train] Epoch 302: Loss=2.8172e-01
[01-15 16:55:57|core.trainer]- [Train] Epoch 303: Loss=2.6935e-01
[01-15 16:56:20|core.trainer]- [Train] Epoch 304: Loss=2.9274e-01
[01-15 16:57:05|core.trainer]- [Train] Epoch 305: Loss=2.6826e-01
[01-15 16:57:28|core.trainer]- [Train] Epoch 306: Loss=2.7994e-01
[01-15 16:57:48|core.trainer]- [Train] Epoch 307: Loss=2.7609e-01
[01-15 16:58:17|core.trainer]- [Train] Epoch 308: Loss=2.5451e-01
[01-15 16:58:31|core.trainer]- [Train] Epoch 309: Loss=2.7358e-01
[01-15 16:58:52|core.trainer]- [Train] Epoch 310: Loss=2.6341e-01
[01-15 16:58:55|core.trainer]- [Val] Epoch 310: Loss=1.1070e+00
[01-15 16:59:09|core.trainer]- [Train] Epoch 311: Loss=2.9309e-01
[01-15 16:59:24|core.trainer]- [Train] Epoch 312: Loss=2.6898e-01
[01-15 16:59:37|core.trainer]- [Train] Epoch 313: Loss=2.8356e-01
[01-15 16:59:52|core.trainer]- [Train] Epoch 314: Loss=2.7113e-01
[01-15 17:00:07|core.trainer]- [Train] Epoch 315: Loss=2.7871e-01
[01-15 17:00:22|core.trainer]- [Train] Epoch 316: Loss=2.6399e-01
[01-15 17:00:33|core.trainer]- [Train] Epoch 317: Loss=2.7784e-01
[01-15 17:00:46|core.trainer]- [Train] Epoch 318: Loss=2.7858e-01
[01-15 17:00:59|core.trainer]- [Train] Epoch 319: Loss=2.6677e-01
[01-15 17:01:13|core.trainer]- [Train] Epoch 320: Loss=2.8570e-01
[01-15 17:01:15|core.trainer]- [Val] Epoch 320: Loss=1.1563e+00
[01-15 17:01:30|core.trainer]- [Train] Epoch 321: Loss=2.6064e-01
[01-15 17:01:43|core.trainer]- [Train] Epoch 322: Loss=2.7038e-01
[01-15 17:01:58|core.trainer]- [Train] Epoch 323: Loss=2.7439e-01
[01-15 17:02:12|core.trainer]- [Train] Epoch 324: Loss=2.6499e-01
[01-15 17:02:26|core.trainer]- [Train] Epoch 325: Loss=2.7634e-01
[01-15 17:02:40|core.trainer]- [Train] Epoch 326: Loss=2.6293e-01
[01-15 17:02:55|core.trainer]- [Train] Epoch 327: Loss=2.6931e-01
[01-15 17:03:08|core.trainer]- [Train] Epoch 328: Loss=2.6553e-01
[01-15 17:03:22|core.trainer]- [Train] Epoch 329: Loss=2.6928e-01
[01-15 17:03:39|core.trainer]- [Train] Epoch 330: Loss=2.7080e-01
[01-15 17:03:41|core.trainer]- [Val] Epoch 330: Loss=1.0656e+00
[01-15 17:03:55|core.trainer]- [Train] Epoch 331: Loss=2.5616e-01
[01-15 17:04:10|core.trainer]- [Train] Epoch 332: Loss=2.5511e-01
[01-15 17:04:26|core.trainer]- [Train] Epoch 333: Loss=2.6241e-01
[01-15 17:04:41|core.trainer]- [Train] Epoch 334: Loss=2.5654e-01
[01-15 17:04:55|core.trainer]- [Train] Epoch 335: Loss=2.7348e-01
[01-15 17:05:10|core.trainer]- [Train] Epoch 336: Loss=2.6275e-01
[01-15 17:05:25|core.trainer]- [Train] Epoch 337: Loss=2.6804e-01
[01-15 17:05:39|core.trainer]- [Train] Epoch 338: Loss=2.6935e-01
[01-15 17:05:53|core.trainer]- [Train] Epoch 339: Loss=2.7052e-01
[01-15 17:06:08|core.trainer]- [Train] Epoch 340: Loss=2.6641e-01
[01-15 17:06:11|core.trainer]- [Val] Epoch 340: Loss=1.1121e+00
[01-15 17:06:26|core.trainer]- [Train] Epoch 341: Loss=2.6292e-01
[01-15 17:06:39|core.trainer]- [Train] Epoch 342: Loss=2.7095e-01
[01-15 17:06:51|core.trainer]- [Train] Epoch 343: Loss=2.6753e-01
[01-15 17:07:04|core.trainer]- [Train] Epoch 344: Loss=2.6067e-01
[01-15 17:07:17|core.trainer]- [Train] Epoch 345: Loss=2.5947e-01
[01-15 17:07:29|core.trainer]- [Train] Epoch 346: Loss=2.6397e-01
[01-15 17:07:44|core.trainer]- [Train] Epoch 347: Loss=2.6958e-01
[01-15 17:07:55|core.trainer]- [Train] Epoch 348: Loss=2.6229e-01
[01-15 17:08:07|core.trainer]- [Train] Epoch 349: Loss=2.7442e-01
[01-15 17:08:24|core.trainer]- [Train] Epoch 350: Loss=2.6740e-01
[01-15 17:08:26|core.trainer]- [Val] Epoch 350: Loss=1.0654e+00
[01-15 17:08:41|core.trainer]- [Train] Epoch 351: Loss=2.6513e-01
[01-15 17:08:57|core.trainer]- [Train] Epoch 352: Loss=2.6512e-01
[01-15 17:09:11|core.trainer]- [Train] Epoch 353: Loss=2.7073e-01
[01-15 17:09:25|core.trainer]- [Train] Epoch 354: Loss=2.7666e-01
[01-15 17:09:37|core.trainer]- [Train] Epoch 355: Loss=2.6955e-01
[01-15 17:09:50|core.trainer]- [Train] Epoch 356: Loss=2.5503e-01
[01-15 17:10:07|core.trainer]- [Train] Epoch 357: Loss=2.7671e-01
[01-15 17:10:23|core.trainer]- [Train] Epoch 358: Loss=2.6055e-01
[01-15 17:10:34|core.trainer]- [Train] Epoch 359: Loss=2.5407e-01
[01-15 17:10:51|core.trainer]- [Train] Epoch 360: Loss=2.7063e-01
[01-15 17:10:53|core.trainer]- [Val] Epoch 360: Loss=1.0461e+00
[01-15 17:11:07|core.trainer]- [Train] Epoch 361: Loss=2.6077e-01
[01-15 17:11:22|core.trainer]- [Train] Epoch 362: Loss=2.5422e-01
[01-15 17:11:34|core.trainer]- [Train] Epoch 363: Loss=2.7536e-01
[01-15 17:11:49|core.trainer]- [Train] Epoch 364: Loss=2.5946e-01
[01-15 17:12:04|core.trainer]- [Train] Epoch 365: Loss=2.5090e-01
[01-15 17:12:18|core.trainer]- [Train] Epoch 366: Loss=2.5450e-01
[01-15 17:12:34|core.trainer]- [Train] Epoch 367: Loss=2.6938e-01
[01-15 17:12:48|core.trainer]- [Train] Epoch 368: Loss=2.5609e-01
[01-15 17:12:59|core.trainer]- [Train] Epoch 369: Loss=2.6598e-01
[01-15 17:13:14|core.trainer]- [Train] Epoch 370: Loss=2.5746e-01
[01-15 17:13:17|core.trainer]- [Val] Epoch 370: Loss=1.0345e+00
[01-15 17:13:27|core.trainer]- [Train] Epoch 371: Loss=2.6431e-01
[01-15 17:13:41|core.trainer]- [Train] Epoch 372: Loss=2.5427e-01
[01-15 17:13:57|core.trainer]- [Train] Epoch 373: Loss=2.4407e-01
[01-15 17:14:10|core.trainer]- [Train] Epoch 374: Loss=2.7276e-01
[01-15 17:14:24|core.trainer]- [Train] Epoch 375: Loss=2.5392e-01
[01-15 17:14:39|core.trainer]- [Train] Epoch 376: Loss=2.5271e-01
[01-15 17:14:53|core.trainer]- [Train] Epoch 377: Loss=2.6756e-01
[01-15 17:15:07|core.trainer]- [Train] Epoch 378: Loss=2.7085e-01
[01-15 17:15:20|core.trainer]- [Train] Epoch 379: Loss=2.5720e-01
[01-15 17:15:35|core.trainer]- [Train] Epoch 380: Loss=2.7523e-01
[01-15 17:15:38|core.trainer]- [Val] Epoch 380: Loss=1.0292e+00
[01-15 17:15:52|core.trainer]- [Train] Epoch 381: Loss=2.4454e-01
[01-15 17:16:06|core.trainer]- [Train] Epoch 382: Loss=2.5274e-01
[01-15 17:16:22|core.trainer]- [Train] Epoch 383: Loss=2.6164e-01
[01-15 17:16:36|core.trainer]- [Train] Epoch 384: Loss=2.6112e-01
[01-15 17:16:50|core.trainer]- [Train] Epoch 385: Loss=2.6144e-01
[01-15 17:17:04|core.trainer]- [Train] Epoch 386: Loss=2.5611e-01
[01-15 17:17:19|core.trainer]- [Train] Epoch 387: Loss=2.5087e-01
[01-15 17:17:32|core.trainer]- [Train] Epoch 388: Loss=2.5428e-01
[01-15 17:17:44|core.trainer]- [Train] Epoch 389: Loss=2.8723e-01
[01-15 17:17:59|core.trainer]- [Train] Epoch 390: Loss=2.6501e-01
[01-15 17:18:02|core.trainer]- [Val] Epoch 390: Loss=1.1021e+00
[01-15 17:18:15|core.trainer]- [Train] Epoch 391: Loss=2.4673e-01
[01-15 17:18:28|core.trainer]- [Train] Epoch 392: Loss=2.5061e-01
[01-15 17:18:42|core.trainer]- [Train] Epoch 393: Loss=2.5868e-01
[01-15 17:19:18|core.trainer]- [Train] Epoch 394: Loss=2.5522e-01
[01-15 17:19:29|core.trainer]- [Train] Epoch 395: Loss=2.4478e-01
[01-15 17:19:41|core.trainer]- [Train] Epoch 396: Loss=2.4203e-01
[01-15 17:19:54|core.trainer]- [Train] Epoch 397: Loss=2.5896e-01
[01-15 17:20:07|core.trainer]- [Train] Epoch 398: Loss=2.5048e-01
[01-15 17:20:23|core.trainer]- [Train] Epoch 399: Loss=2.5764e-01
[01-15 17:20:39|core.trainer]- [Train] Epoch 400: Loss=2.5524e-01
[01-15 17:20:42|core.trainer]- [Val] Epoch 400: Loss=1.0674e+00
[01-15 17:23:44|core.trainer]- Saved checkpoint to exps/eps4/ckpts/400.pth
[01-15 17:23:57|core.trainer]- [Train] Epoch 401: Loss=2.4437e-01
[01-15 17:24:11|core.trainer]- [Train] Epoch 402: Loss=2.5454e-01
[01-15 17:24:22|core.trainer]- [Train] Epoch 403: Loss=2.6999e-01
[01-15 17:24:35|core.trainer]- [Train] Epoch 404: Loss=2.5108e-01
[01-15 17:24:48|core.trainer]- [Train] Epoch 405: Loss=2.3982e-01
[01-15 17:25:01|core.trainer]- [Train] Epoch 406: Loss=2.4757e-01
[01-15 17:25:16|core.trainer]- [Train] Epoch 407: Loss=2.3894e-01
[01-15 17:25:30|core.trainer]- [Train] Epoch 408: Loss=2.4821e-01
[01-15 17:25:45|core.trainer]- [Train] Epoch 409: Loss=2.4477e-01
[01-15 17:26:01|core.trainer]- [Train] Epoch 410: Loss=2.5407e-01
[01-15 17:26:04|core.trainer]- [Val] Epoch 410: Loss=1.1710e+00
[01-15 17:26:17|core.trainer]- [Train] Epoch 411: Loss=2.4224e-01
[01-15 17:26:31|core.trainer]- [Train] Epoch 412: Loss=2.5451e-01
[01-15 17:26:47|core.trainer]- [Train] Epoch 413: Loss=2.5408e-01
[01-15 17:27:01|core.trainer]- [Train] Epoch 414: Loss=2.4448e-01
[01-15 17:27:15|core.trainer]- [Train] Epoch 415: Loss=2.5035e-01
[01-15 17:27:30|core.trainer]- [Train] Epoch 416: Loss=2.4406e-01
[01-15 17:27:45|core.trainer]- [Train] Epoch 417: Loss=2.5010e-01
[01-15 17:28:00|core.trainer]- [Train] Epoch 418: Loss=2.4172e-01
[01-15 17:28:14|core.trainer]- [Train] Epoch 419: Loss=2.4762e-01
[01-15 17:28:30|core.trainer]- [Train] Epoch 420: Loss=2.5070e-01
[01-15 17:28:46|core.trainer]- [Val] Epoch 420: Loss=1.0839e+00
[01-15 17:29:00|core.trainer]- [Train] Epoch 421: Loss=2.4330e-01
[01-15 17:29:14|core.trainer]- [Train] Epoch 422: Loss=2.3734e-01
[01-15 17:29:29|core.trainer]- [Train] Epoch 423: Loss=2.3885e-01
[01-15 17:29:42|core.trainer]- [Train] Epoch 424: Loss=2.4010e-01
[01-15 17:29:57|core.trainer]- [Train] Epoch 425: Loss=2.4496e-01
[01-15 17:30:11|core.trainer]- [Train] Epoch 426: Loss=2.3528e-01
[01-15 17:30:25|core.trainer]- [Train] Epoch 427: Loss=2.5358e-01
[01-15 17:30:36|core.trainer]- [Train] Epoch 428: Loss=2.3984e-01
[01-15 17:30:50|core.trainer]- [Train] Epoch 429: Loss=2.4474e-01
[01-15 17:31:10|core.trainer]- [Train] Epoch 430: Loss=2.3674e-01
[01-15 17:31:13|core.trainer]- [Val] Epoch 430: Loss=1.1055e+00
[01-15 17:31:27|core.trainer]- [Train] Epoch 431: Loss=2.4681e-01
[01-15 17:31:42|core.trainer]- [Train] Epoch 432: Loss=2.4840e-01
[01-15 17:31:52|core.trainer]- [Train] Epoch 433: Loss=2.5256e-01
[01-15 17:32:03|core.trainer]- [Train] Epoch 434: Loss=2.4625e-01
[01-15 17:32:15|core.trainer]- [Train] Epoch 435: Loss=2.4558e-01
[01-15 17:32:27|core.trainer]- [Train] Epoch 436: Loss=2.4541e-01
[01-15 17:32:38|core.trainer]- [Train] Epoch 437: Loss=2.5102e-01
[01-15 17:32:51|core.trainer]- [Train] Epoch 438: Loss=2.4818e-01
[01-15 17:33:02|core.trainer]- [Train] Epoch 439: Loss=2.4353e-01
[01-15 17:33:14|core.trainer]- [Train] Epoch 440: Loss=2.4171e-01
[01-15 17:33:18|core.trainer]- [Val] Epoch 440: Loss=1.0744e+00
[01-15 17:33:30|core.trainer]- [Train] Epoch 441: Loss=2.4098e-01
[01-15 17:33:42|core.trainer]- [Train] Epoch 442: Loss=2.3496e-01
[01-15 17:33:54|core.trainer]- [Train] Epoch 443: Loss=2.2112e-01
[01-15 17:34:04|core.trainer]- [Train] Epoch 444: Loss=2.4747e-01
[01-15 17:34:14|core.trainer]- [Train] Epoch 445: Loss=2.5469e-01
[01-15 17:34:25|core.trainer]- [Train] Epoch 446: Loss=2.6000e-01
[01-15 17:34:37|core.trainer]- [Train] Epoch 447: Loss=2.4768e-01
[01-15 17:34:49|core.trainer]- [Train] Epoch 448: Loss=2.4559e-01
[01-15 17:35:00|core.trainer]- [Train] Epoch 449: Loss=2.3710e-01
[01-15 17:35:13|core.trainer]- [Train] Epoch 450: Loss=2.4399e-01
[01-15 17:35:19|core.trainer]- [Val] Epoch 450: Loss=1.0660e+00
[01-15 17:35:31|core.trainer]- [Train] Epoch 451: Loss=2.4094e-01
[01-15 17:35:42|core.trainer]- [Train] Epoch 452: Loss=2.4544e-01
[01-15 17:35:53|core.trainer]- [Train] Epoch 453: Loss=2.5126e-01
[01-15 17:36:04|core.trainer]- [Train] Epoch 454: Loss=2.4026e-01
[01-15 17:36:16|core.trainer]- [Train] Epoch 455: Loss=2.4651e-01
[01-15 17:36:28|core.trainer]- [Train] Epoch 456: Loss=2.2642e-01
[01-15 17:36:40|core.trainer]- [Train] Epoch 457: Loss=2.5204e-01
[01-15 17:36:51|core.trainer]- [Train] Epoch 458: Loss=2.4969e-01
[01-15 17:37:02|core.trainer]- [Train] Epoch 459: Loss=2.3833e-01
[01-15 17:37:14|core.trainer]- [Train] Epoch 460: Loss=2.4329e-01
[01-15 17:37:17|core.trainer]- [Val] Epoch 460: Loss=1.0799e+00
[01-15 17:37:29|core.trainer]- [Train] Epoch 461: Loss=2.4225e-01
[01-15 17:37:41|core.trainer]- [Train] Epoch 462: Loss=2.3591e-01
[01-15 17:37:53|core.trainer]- [Train] Epoch 463: Loss=2.4763e-01
[01-15 17:38:05|core.trainer]- [Train] Epoch 464: Loss=2.4329e-01
[01-15 17:38:16|core.trainer]- [Train] Epoch 465: Loss=2.4234e-01
[01-15 17:38:28|core.trainer]- [Train] Epoch 466: Loss=2.4425e-01
[01-15 17:38:40|core.trainer]- [Train] Epoch 467: Loss=2.3352e-01
[01-15 17:38:51|core.trainer]- [Train] Epoch 468: Loss=2.3721e-01
[01-15 17:39:03|core.trainer]- [Train] Epoch 469: Loss=2.4538e-01
[01-15 17:39:17|core.trainer]- [Train] Epoch 470: Loss=2.2621e-01
[01-15 17:39:19|core.trainer]- [Val] Epoch 470: Loss=1.0198e+00
[01-15 17:39:31|core.trainer]- [Train] Epoch 471: Loss=2.2926e-01
[01-15 17:39:44|core.trainer]- [Train] Epoch 472: Loss=2.4688e-01
[01-15 17:39:56|core.trainer]- [Train] Epoch 473: Loss=2.2790e-01
[01-15 17:40:07|core.trainer]- [Train] Epoch 474: Loss=2.3603e-01
[01-15 17:40:18|core.trainer]- [Train] Epoch 475: Loss=2.3546e-01
[01-15 17:40:29|core.trainer]- [Train] Epoch 476: Loss=2.3797e-01
[01-15 17:40:41|core.trainer]- [Train] Epoch 477: Loss=2.2900e-01
[01-15 17:40:53|core.trainer]- [Train] Epoch 478: Loss=2.3237e-01
[01-15 17:41:05|core.trainer]- [Train] Epoch 479: Loss=2.3011e-01
[01-15 17:41:19|core.trainer]- [Train] Epoch 480: Loss=2.2311e-01
[01-15 17:41:22|core.trainer]- [Val] Epoch 480: Loss=1.0752e+00
[01-15 17:41:34|core.trainer]- [Train] Epoch 481: Loss=2.2748e-01
[01-15 17:41:46|core.trainer]- [Train] Epoch 482: Loss=2.4607e-01
[01-15 17:41:57|core.trainer]- [Train] Epoch 483: Loss=2.5117e-01
[01-15 17:42:09|core.trainer]- [Train] Epoch 484: Loss=2.3495e-01
[01-15 17:42:21|core.trainer]- [Train] Epoch 485: Loss=2.2794e-01
[01-15 17:42:32|core.trainer]- [Train] Epoch 486: Loss=2.3459e-01
[01-15 17:42:44|core.trainer]- [Train] Epoch 487: Loss=2.2725e-01
[01-15 17:42:54|core.trainer]- [Train] Epoch 488: Loss=2.3274e-01
[01-15 17:43:05|core.trainer]- [Train] Epoch 489: Loss=2.3224e-01
[01-15 17:43:19|core.trainer]- [Train] Epoch 490: Loss=2.2962e-01
[01-15 17:43:22|core.trainer]- [Val] Epoch 490: Loss=1.1071e+00
[01-15 17:43:34|core.trainer]- [Train] Epoch 491: Loss=2.2050e-01
[01-15 17:43:46|core.trainer]- [Train] Epoch 492: Loss=2.3904e-01
[01-15 17:43:58|core.trainer]- [Train] Epoch 493: Loss=2.3307e-01
[01-15 17:44:10|core.trainer]- [Train] Epoch 494: Loss=2.2613e-01
[01-15 17:44:20|core.trainer]- [Train] Epoch 495: Loss=2.5007e-01
[01-15 17:44:32|core.trainer]- [Train] Epoch 496: Loss=2.3875e-01
[01-15 17:44:44|core.trainer]- [Train] Epoch 497: Loss=2.3635e-01
[01-15 17:44:55|core.trainer]- [Train] Epoch 498: Loss=2.3305e-01
[01-15 17:45:08|core.trainer]- [Train] Epoch 499: Loss=2.3198e-01
[01-15 17:45:21|core.trainer]- [Train] Epoch 500: Loss=2.3728e-01
[01-15 17:45:23|core.trainer]- [Val] Epoch 500: Loss=1.0528e+00
[01-15 17:46:11|core.trainer]- Saved checkpoint to exps/eps4/ckpts/500.pth
[01-15 17:46:22|core.trainer]- [Train] Epoch 501: Loss=2.4724e-01
[01-15 17:46:34|core.trainer]- [Train] Epoch 502: Loss=2.3658e-01
[01-15 17:46:45|core.trainer]- [Train] Epoch 503: Loss=2.3983e-01
[01-15 17:46:56|core.trainer]- [Train] Epoch 504: Loss=2.2654e-01
[01-15 17:47:42|core.trainer]- [Train] Epoch 505: Loss=2.3194e-01
[01-15 17:48:24|core.trainer]- [Train] Epoch 506: Loss=2.4983e-01
[01-15 17:49:17|core.trainer]- [Train] Epoch 507: Loss=2.2937e-01
[01-15 17:49:28|core.trainer]- [Train] Epoch 508: Loss=2.2843e-01
[01-15 17:49:39|core.trainer]- [Train] Epoch 509: Loss=2.4485e-01
[01-15 17:49:53|core.trainer]- [Train] Epoch 510: Loss=2.3428e-01
[01-15 17:49:55|core.trainer]- [Val] Epoch 510: Loss=1.0763e+00
[01-15 17:50:07|core.trainer]- [Train] Epoch 511: Loss=2.3292e-01
[01-15 17:50:18|core.trainer]- [Train] Epoch 512: Loss=2.3572e-01
[01-15 17:50:30|core.trainer]- [Train] Epoch 513: Loss=2.2301e-01
[01-15 17:50:41|core.trainer]- [Train] Epoch 514: Loss=2.3109e-01
[01-15 17:50:53|core.trainer]- [Train] Epoch 515: Loss=2.3127e-01
[01-15 17:51:03|core.trainer]- [Train] Epoch 516: Loss=2.3410e-01
[01-15 17:51:14|core.trainer]- [Train] Epoch 517: Loss=2.3547e-01
[01-15 17:52:35|core.trainer]- [Train] Epoch 518: Loss=2.2886e-01
[01-15 17:52:51|core.trainer]- [Train] Epoch 519: Loss=2.1495e-01
[01-15 17:53:04|core.trainer]- [Train] Epoch 520: Loss=2.2771e-01
[01-15 17:53:07|core.trainer]- [Val] Epoch 520: Loss=1.1187e+00
[01-15 17:53:18|core.trainer]- [Train] Epoch 521: Loss=2.3436e-01
[01-15 17:53:29|core.trainer]- [Train] Epoch 522: Loss=2.3349e-01
[01-15 17:53:41|core.trainer]- [Train] Epoch 523: Loss=2.2974e-01
[01-15 17:53:52|core.trainer]- [Train] Epoch 524: Loss=2.2807e-01
[01-15 17:54:04|core.trainer]- [Train] Epoch 525: Loss=2.2843e-01
[01-15 17:54:14|core.trainer]- [Train] Epoch 526: Loss=2.2422e-01
[01-15 17:54:25|core.trainer]- [Train] Epoch 527: Loss=2.3060e-01
[01-15 17:54:35|core.trainer]- [Train] Epoch 528: Loss=2.2502e-01
[01-15 17:54:46|core.trainer]- [Train] Epoch 529: Loss=2.4155e-01
[01-15 17:54:59|core.trainer]- [Train] Epoch 530: Loss=2.3227e-01
[01-15 17:55:01|core.trainer]- [Val] Epoch 530: Loss=1.1141e+00
[01-15 17:55:14|core.trainer]- [Train] Epoch 531: Loss=2.3415e-01
[01-15 17:55:26|core.trainer]- [Train] Epoch 532: Loss=2.3046e-01
[01-15 17:55:37|core.trainer]- [Train] Epoch 533: Loss=2.1982e-01
[01-15 17:55:49|core.trainer]- [Train] Epoch 534: Loss=2.1632e-01
[01-15 17:56:01|core.trainer]- [Train] Epoch 535: Loss=2.3039e-01
[01-15 17:56:14|core.trainer]- [Train] Epoch 536: Loss=2.2757e-01
[01-15 17:56:25|core.trainer]- [Train] Epoch 537: Loss=2.4025e-01
[01-15 17:56:36|core.trainer]- [Train] Epoch 538: Loss=2.1860e-01
[01-15 17:56:48|core.trainer]- [Train] Epoch 539: Loss=2.2367e-01
[01-15 17:57:01|core.trainer]- [Train] Epoch 540: Loss=2.2773e-01
[01-15 17:57:04|core.trainer]- [Val] Epoch 540: Loss=1.0462e+00
[01-15 17:57:15|core.trainer]- [Train] Epoch 541: Loss=2.2859e-01
[01-15 17:57:27|core.trainer]- [Train] Epoch 542: Loss=2.2186e-01
[01-15 17:57:39|core.trainer]- [Train] Epoch 543: Loss=2.1706e-01
[01-15 17:57:50|core.trainer]- [Train] Epoch 544: Loss=2.2855e-01
[01-15 17:58:02|core.trainer]- [Train] Epoch 545: Loss=2.1636e-01
[01-15 17:58:14|core.trainer]- [Train] Epoch 546: Loss=2.2549e-01
[01-15 17:58:26|core.trainer]- [Train] Epoch 547: Loss=2.2153e-01
[01-15 17:58:38|core.trainer]- [Train] Epoch 548: Loss=2.2402e-01
[01-15 17:58:52|core.trainer]- [Train] Epoch 549: Loss=2.2255e-01
[01-15 17:59:05|core.trainer]- [Train] Epoch 550: Loss=2.1180e-01
[01-15 17:59:08|core.trainer]- [Val] Epoch 550: Loss=1.1207e+00
[01-15 17:59:19|core.trainer]- [Train] Epoch 551: Loss=2.2189e-01
[01-15 17:59:31|core.trainer]- [Train] Epoch 552: Loss=2.1620e-01
[01-15 17:59:41|core.trainer]- [Train] Epoch 553: Loss=2.2198e-01
[01-15 17:59:53|core.trainer]- [Train] Epoch 554: Loss=2.1777e-01
[01-15 18:00:05|core.trainer]- [Train] Epoch 555: Loss=2.1193e-01
[01-15 18:00:17|core.trainer]- [Train] Epoch 556: Loss=2.2149e-01
[01-15 18:00:29|core.trainer]- [Train] Epoch 557: Loss=2.1554e-01
[01-15 18:00:41|core.trainer]- [Train] Epoch 558: Loss=2.2003e-01
[01-15 18:00:53|core.trainer]- [Train] Epoch 559: Loss=2.1977e-01
[01-15 18:01:07|core.trainer]- [Train] Epoch 560: Loss=2.0454e-01
[01-15 18:01:09|core.trainer]- [Val] Epoch 560: Loss=1.1090e+00
[01-15 18:01:22|core.trainer]- [Train] Epoch 561: Loss=2.0891e-01
[01-15 18:01:33|core.trainer]- [Train] Epoch 562: Loss=2.2135e-01
[01-15 18:01:44|core.trainer]- [Train] Epoch 563: Loss=2.2661e-01
[01-15 18:01:54|core.trainer]- [Train] Epoch 564: Loss=2.2348e-01
[01-15 18:02:07|core.trainer]- [Train] Epoch 565: Loss=2.2356e-01
[01-15 18:02:18|core.trainer]- [Train] Epoch 566: Loss=2.2474e-01
[01-15 18:02:31|core.trainer]- [Train] Epoch 567: Loss=2.2408e-01
[01-15 18:02:43|core.trainer]- [Train] Epoch 568: Loss=1.9920e-01
[01-15 18:02:55|core.trainer]- [Train] Epoch 569: Loss=2.0500e-01
[01-15 18:03:09|core.trainer]- [Train] Epoch 570: Loss=2.1335e-01
[01-15 18:03:11|core.trainer]- [Val] Epoch 570: Loss=1.1028e+00
[01-15 18:03:23|core.trainer]- [Train] Epoch 571: Loss=2.1503e-01
[01-15 18:03:35|core.trainer]- [Train] Epoch 572: Loss=2.1072e-01
[01-15 18:03:46|core.trainer]- [Train] Epoch 573: Loss=2.0626e-01
[01-15 18:03:58|core.trainer]- [Train] Epoch 574: Loss=2.2280e-01
[01-15 18:04:10|core.trainer]- [Train] Epoch 575: Loss=2.0627e-01
[01-15 18:04:20|core.trainer]- [Train] Epoch 576: Loss=2.3080e-01
[01-15 18:04:31|core.trainer]- [Train] Epoch 577: Loss=2.3359e-01
[01-15 18:04:43|core.trainer]- [Train] Epoch 578: Loss=2.1845e-01
[01-15 18:04:54|core.trainer]- [Train] Epoch 579: Loss=2.2278e-01
[01-15 18:05:07|core.trainer]- [Train] Epoch 580: Loss=2.1898e-01
[01-15 18:05:10|core.trainer]- [Val] Epoch 580: Loss=1.0538e+00
[01-15 18:05:22|core.trainer]- [Train] Epoch 581: Loss=2.2228e-01
[01-15 18:05:33|core.trainer]- [Train] Epoch 582: Loss=2.1635e-01
[01-15 18:06:11|core.trainer]- [Train] Epoch 583: Loss=2.1327e-01
[01-15 18:06:58|core.trainer]- [Train] Epoch 584: Loss=2.0830e-01
[01-15 18:07:56|core.trainer]- [Train] Epoch 585: Loss=2.0312e-01
[01-15 18:08:23|core.trainer]- [Train] Epoch 586: Loss=2.1984e-01
[01-15 18:08:35|core.trainer]- [Train] Epoch 587: Loss=2.1561e-01
[01-15 18:08:46|core.trainer]- [Train] Epoch 588: Loss=2.2565e-01
[01-15 18:08:57|core.trainer]- [Train] Epoch 589: Loss=2.2303e-01
[01-15 18:09:19|core.trainer]- [Train] Epoch 590: Loss=2.1879e-01
[01-15 18:09:22|core.trainer]- [Val] Epoch 590: Loss=1.1027e+00
[01-15 18:09:54|core.trainer]- [Train] Epoch 591: Loss=2.1529e-01
[01-15 18:10:51|core.trainer]- [Train] Epoch 592: Loss=2.2622e-01
[01-15 18:11:01|core.trainer]- [Train] Epoch 593: Loss=2.1980e-01
[01-15 18:11:13|core.trainer]- [Train] Epoch 594: Loss=2.2477e-01
[01-15 18:11:24|core.trainer]- [Train] Epoch 595: Loss=2.1634e-01
[01-15 18:11:36|core.trainer]- [Train] Epoch 596: Loss=2.1420e-01
[01-15 18:11:48|core.trainer]- [Train] Epoch 597: Loss=2.0505e-01
[01-15 18:12:15|core.trainer]- [Train] Epoch 598: Loss=2.0081e-01
[01-15 18:12:26|core.trainer]- [Train] Epoch 599: Loss=2.1199e-01
[01-15 18:12:41|core.trainer]- [Train] Epoch 600: Loss=2.0731e-01
[01-15 18:12:46|core.trainer]- [Val] Epoch 600: Loss=1.0813e+00
[01-15 18:15:05|core.trainer]- Saved checkpoint to exps/eps4/ckpts/600.pth
[01-15 18:15:17|core.trainer]- [Train] Epoch 601: Loss=2.0400e-01
[01-15 18:15:28|core.trainer]- [Train] Epoch 602: Loss=2.1695e-01
[01-15 18:15:39|core.trainer]- [Train] Epoch 603: Loss=2.0596e-01
[01-15 18:15:51|core.trainer]- [Train] Epoch 604: Loss=2.1219e-01
[01-15 18:16:03|core.trainer]- [Train] Epoch 605: Loss=2.1722e-01
[01-15 18:16:14|core.trainer]- [Train] Epoch 606: Loss=2.1504e-01
[01-15 18:16:25|core.trainer]- [Train] Epoch 607: Loss=2.1626e-01
[01-15 18:16:37|core.trainer]- [Train] Epoch 608: Loss=1.9571e-01
[01-15 18:16:47|core.trainer]- [Train] Epoch 609: Loss=2.2687e-01
[01-15 18:17:09|core.trainer]- [Train] Epoch 610: Loss=2.1643e-01
[01-15 18:17:12|core.trainer]- [Val] Epoch 610: Loss=1.1470e+00
[01-15 18:17:22|core.trainer]- [Train] Epoch 611: Loss=2.2053e-01
[01-15 18:17:32|core.trainer]- [Train] Epoch 612: Loss=2.1368e-01
[01-15 18:17:44|core.trainer]- [Train] Epoch 613: Loss=2.1240e-01
[01-15 18:17:57|core.trainer]- [Train] Epoch 614: Loss=2.0389e-01
[01-15 18:18:07|core.trainer]- [Train] Epoch 615: Loss=2.0410e-01
[01-15 18:18:18|core.trainer]- [Train] Epoch 616: Loss=2.1098e-01
[01-15 18:18:28|core.trainer]- [Train] Epoch 617: Loss=2.0893e-01
[01-15 18:18:40|core.trainer]- [Train] Epoch 618: Loss=2.1357e-01
[01-15 18:18:53|core.trainer]- [Train] Epoch 619: Loss=2.1199e-01
[01-15 18:19:05|core.trainer]- [Train] Epoch 620: Loss=2.0844e-01
[01-15 18:19:08|core.trainer]- [Val] Epoch 620: Loss=1.0247e+00
[01-15 18:19:21|core.trainer]- [Train] Epoch 621: Loss=1.9976e-01
[01-15 18:19:34|core.trainer]- [Train] Epoch 622: Loss=1.8906e-01
[01-15 18:19:46|core.trainer]- [Train] Epoch 623: Loss=2.0376e-01
[01-15 18:19:57|core.trainer]- [Train] Epoch 624: Loss=2.0013e-01
[01-15 18:20:08|core.trainer]- [Train] Epoch 625: Loss=1.9724e-01
[01-15 18:20:21|core.trainer]- [Train] Epoch 626: Loss=2.0281e-01
[01-15 18:20:31|core.trainer]- [Train] Epoch 627: Loss=2.1878e-01
[01-15 18:20:43|core.trainer]- [Train] Epoch 628: Loss=1.9806e-01
[01-15 18:20:54|core.trainer]- [Train] Epoch 629: Loss=2.0960e-01
[01-15 18:21:32|core.trainer]- [Train] Epoch 630: Loss=2.0766e-01
[01-15 18:21:34|core.trainer]- [Val] Epoch 630: Loss=1.0699e+00
[01-15 18:21:45|core.trainer]- [Train] Epoch 631: Loss=1.9877e-01
[01-15 18:21:57|core.trainer]- [Train] Epoch 632: Loss=1.9708e-01
[01-15 18:22:08|core.trainer]- [Train] Epoch 633: Loss=2.0706e-01
[01-15 18:22:18|core.trainer]- [Train] Epoch 634: Loss=2.0238e-01
[01-15 18:22:28|core.trainer]- [Train] Epoch 635: Loss=2.1293e-01
[01-15 18:22:44|core.trainer]- [Train] Epoch 636: Loss=2.0423e-01
[01-15 18:22:55|core.trainer]- [Train] Epoch 637: Loss=2.1913e-01
[01-15 18:23:05|core.trainer]- [Train] Epoch 638: Loss=2.0935e-01
[01-15 18:23:15|core.trainer]- [Train] Epoch 639: Loss=2.1234e-01
[01-15 18:23:28|core.trainer]- [Train] Epoch 640: Loss=2.1116e-01
[01-15 18:23:31|core.trainer]- [Val] Epoch 640: Loss=1.1039e+00
[01-15 18:23:42|core.trainer]- [Train] Epoch 641: Loss=2.0829e-01
[01-15 18:23:52|core.trainer]- [Train] Epoch 642: Loss=2.1350e-01
[01-15 18:24:03|core.trainer]- [Train] Epoch 643: Loss=2.0861e-01
[01-15 18:24:13|core.trainer]- [Train] Epoch 644: Loss=2.0157e-01
[01-15 18:24:24|core.trainer]- [Train] Epoch 645: Loss=2.0684e-01
[01-15 18:24:36|core.trainer]- [Train] Epoch 646: Loss=2.0256e-01
[01-15 18:24:48|core.trainer]- [Train] Epoch 647: Loss=2.0823e-01
[01-15 18:24:59|core.trainer]- [Train] Epoch 648: Loss=1.9762e-01
[01-15 18:25:11|core.trainer]- [Train] Epoch 649: Loss=1.9237e-01
[01-15 18:25:23|core.trainer]- [Train] Epoch 650: Loss=2.1640e-01
[01-15 18:25:26|core.trainer]- [Val] Epoch 650: Loss=1.0313e+00
[01-15 18:25:38|core.trainer]- [Train] Epoch 651: Loss=1.9324e-01
[01-15 18:25:50|core.trainer]- [Train] Epoch 652: Loss=1.8689e-01
[01-15 18:26:02|core.trainer]- [Train] Epoch 653: Loss=1.9407e-01
[01-15 18:26:14|core.trainer]- [Train] Epoch 654: Loss=1.8852e-01
[01-15 18:26:24|core.trainer]- [Train] Epoch 655: Loss=2.0251e-01
[01-15 18:26:35|core.trainer]- [Train] Epoch 656: Loss=2.0659e-01
[01-15 18:26:47|core.trainer]- [Train] Epoch 657: Loss=1.9272e-01
[01-15 18:26:59|core.trainer]- [Train] Epoch 658: Loss=2.0410e-01
[01-15 18:27:10|core.trainer]- [Train] Epoch 659: Loss=2.0398e-01
[01-15 18:27:52|core.trainer]- [Train] Epoch 660: Loss=2.0476e-01
[01-15 18:27:55|core.trainer]- [Val] Epoch 660: Loss=1.0781e+00
[01-15 18:28:07|core.trainer]- [Train] Epoch 661: Loss=1.9004e-01
[01-15 18:28:19|core.trainer]- [Train] Epoch 662: Loss=1.9016e-01
[01-15 18:28:32|core.trainer]- [Train] Epoch 663: Loss=1.8902e-01
[01-15 18:28:44|core.trainer]- [Train] Epoch 664: Loss=1.8243e-01
[01-15 18:28:56|core.trainer]- [Train] Epoch 665: Loss=1.9924e-01
[01-15 18:29:08|core.trainer]- [Train] Epoch 666: Loss=2.0673e-01
[01-15 18:29:21|core.trainer]- [Train] Epoch 667: Loss=1.9118e-01
[01-15 18:29:36|core.trainer]- [Train] Epoch 668: Loss=1.9472e-01
[01-15 18:30:22|core.trainer]- [Train] Epoch 669: Loss=2.0407e-01
[01-15 18:30:45|core.trainer]- [Train] Epoch 670: Loss=1.9724e-01
[01-15 18:30:48|core.trainer]- [Val] Epoch 670: Loss=1.0233e+00
[01-15 18:31:00|core.trainer]- [Train] Epoch 671: Loss=2.0132e-01
[01-15 18:31:11|core.trainer]- [Train] Epoch 672: Loss=2.0789e-01
[01-15 18:31:23|core.trainer]- [Train] Epoch 673: Loss=1.9353e-01
[01-15 18:32:01|core.trainer]- [Train] Epoch 674: Loss=1.9337e-01
[01-15 18:32:14|core.trainer]- [Train] Epoch 675: Loss=1.9359e-01
[01-15 18:32:25|core.trainer]- [Train] Epoch 676: Loss=1.9825e-01
[01-15 18:32:35|core.trainer]- [Train] Epoch 677: Loss=1.9831e-01
[01-15 18:32:45|core.trainer]- [Train] Epoch 678: Loss=2.0111e-01
[01-15 18:32:58|core.trainer]- [Train] Epoch 679: Loss=1.8340e-01
[01-15 18:33:11|core.trainer]- [Train] Epoch 680: Loss=1.9521e-01
[01-15 18:33:14|core.trainer]- [Val] Epoch 680: Loss=1.0755e+00
[01-15 18:33:26|core.trainer]- [Train] Epoch 681: Loss=1.9798e-01
[01-15 18:33:38|core.trainer]- [Train] Epoch 682: Loss=1.8981e-01
[01-15 18:33:49|core.trainer]- [Train] Epoch 683: Loss=1.8289e-01
[01-15 18:34:01|core.trainer]- [Train] Epoch 684: Loss=1.8974e-01
[01-15 18:34:11|core.trainer]- [Train] Epoch 685: Loss=2.1071e-01
[01-15 18:34:27|core.trainer]- [Train] Epoch 686: Loss=1.8800e-01
[01-15 18:34:40|core.trainer]- [Train] Epoch 687: Loss=1.9304e-01
[01-15 18:34:52|core.trainer]- [Train] Epoch 688: Loss=1.9152e-01
[01-15 18:35:04|core.trainer]- [Train] Epoch 689: Loss=1.9581e-01
[01-15 18:35:15|core.trainer]- [Train] Epoch 690: Loss=1.9860e-01
[01-15 18:35:22|core.trainer]- [Val] Epoch 690: Loss=1.0407e+00
[01-15 18:35:33|core.trainer]- [Train] Epoch 691: Loss=1.9515e-01
[01-15 18:35:45|core.trainer]- [Train] Epoch 692: Loss=2.1241e-01
[01-15 18:35:57|core.trainer]- [Train] Epoch 693: Loss=1.9683e-01
[01-15 18:36:10|core.trainer]- [Train] Epoch 694: Loss=1.8037e-01
[01-15 18:36:21|core.trainer]- [Train] Epoch 695: Loss=1.9613e-01
[01-15 18:36:32|core.trainer]- [Train] Epoch 696: Loss=1.9203e-01
[01-15 18:36:43|core.trainer]- [Train] Epoch 697: Loss=2.0266e-01
[01-15 18:37:45|core.trainer]- [Train] Epoch 698: Loss=1.9422e-01
[01-15 18:38:25|core.trainer]- [Train] Epoch 699: Loss=2.0261e-01
[01-15 18:38:54|core.trainer]- [Train] Epoch 700: Loss=1.8663e-01
[01-15 18:39:41|core.trainer]- [Val] Epoch 700: Loss=1.0376e+00
[01-15 18:47:13|core.trainer]- Saved checkpoint to exps/eps4/ckpts/700.pth
[01-15 18:47:25|core.trainer]- [Train] Epoch 701: Loss=1.7629e-01
[01-15 18:47:37|core.trainer]- [Train] Epoch 702: Loss=1.9047e-01
[01-15 18:47:47|core.trainer]- [Train] Epoch 703: Loss=1.9394e-01
[01-15 18:47:59|core.trainer]- [Train] Epoch 704: Loss=2.0010e-01
[01-15 18:48:11|core.trainer]- [Train] Epoch 705: Loss=1.7998e-01
[01-15 18:48:23|core.trainer]- [Train] Epoch 706: Loss=1.8178e-01
[01-15 18:48:51|core.trainer]- [Train] Epoch 707: Loss=1.9114e-01
[01-15 18:49:03|core.trainer]- [Train] Epoch 708: Loss=1.9070e-01
[01-15 18:49:13|core.trainer]- [Train] Epoch 709: Loss=1.8155e-01
[01-15 18:49:29|core.trainer]- [Train] Epoch 710: Loss=1.9274e-01
[01-15 18:51:23|core.trainer]- [Val] Epoch 710: Loss=1.0497e+00
[01-15 18:51:57|core.trainer]- [Train] Epoch 711: Loss=1.8519e-01
[01-15 18:53:16|core.trainer]- [Train] Epoch 712: Loss=1.9420e-01
[01-15 18:53:27|core.trainer]- [Train] Epoch 713: Loss=1.8321e-01
[01-15 18:53:37|core.trainer]- [Train] Epoch 714: Loss=2.0652e-01
[01-15 18:53:49|core.trainer]- [Train] Epoch 715: Loss=1.7457e-01
[01-15 18:54:00|core.trainer]- [Train] Epoch 716: Loss=1.7934e-01
[01-15 18:54:13|core.trainer]- [Train] Epoch 717: Loss=1.6769e-01
[01-15 18:54:23|core.trainer]- [Train] Epoch 718: Loss=1.9119e-01
[01-15 18:54:37|core.trainer]- [Train] Epoch 719: Loss=1.8980e-01
[01-15 18:56:52|core.trainer]- [Train] Epoch 720: Loss=1.8099e-01
[01-15 18:56:55|core.trainer]- [Val] Epoch 720: Loss=1.0764e+00
[01-15 18:57:07|core.trainer]- [Train] Epoch 721: Loss=1.9735e-01
[01-15 18:57:17|core.trainer]- [Train] Epoch 722: Loss=1.9371e-01
[01-15 18:57:28|core.trainer]- [Train] Epoch 723: Loss=2.0181e-01
[01-15 18:57:39|core.trainer]- [Train] Epoch 724: Loss=1.8010e-01
[01-15 18:57:49|core.trainer]- [Train] Epoch 725: Loss=2.0060e-01
[01-15 18:58:01|core.trainer]- [Train] Epoch 726: Loss=1.8682e-01
[01-15 18:58:12|core.trainer]- [Train] Epoch 727: Loss=1.8006e-01
[01-15 18:58:24|core.trainer]- [Train] Epoch 728: Loss=1.7601e-01
[01-15 18:58:35|core.trainer]- [Train] Epoch 729: Loss=1.7896e-01
[01-15 18:58:47|core.trainer]- [Train] Epoch 730: Loss=1.9128e-01
[01-15 18:58:50|core.trainer]- [Val] Epoch 730: Loss=1.1005e+00
[01-15 18:59:02|core.trainer]- [Train] Epoch 731: Loss=1.7654e-01
[01-15 18:59:13|core.trainer]- [Train] Epoch 732: Loss=1.9403e-01
[01-15 18:59:24|core.trainer]- [Train] Epoch 733: Loss=1.8707e-01
[01-15 18:59:35|core.trainer]- [Train] Epoch 734: Loss=1.9250e-01
[01-15 18:59:47|core.trainer]- [Train] Epoch 735: Loss=1.8379e-01
[01-15 18:59:59|core.trainer]- [Train] Epoch 736: Loss=1.6981e-01
[01-15 19:00:11|core.trainer]- [Train] Epoch 737: Loss=1.7520e-01
[01-15 19:00:23|core.trainer]- [Train] Epoch 738: Loss=1.7406e-01
[01-15 19:00:34|core.trainer]- [Train] Epoch 739: Loss=1.8130e-01
[01-15 19:00:47|core.trainer]- [Train] Epoch 740: Loss=1.8465e-01
[01-15 19:01:23|core.trainer]- [Val] Epoch 740: Loss=1.0448e+00
[01-15 19:01:34|core.trainer]- [Train] Epoch 741: Loss=1.8235e-01
[01-15 19:01:44|core.trainer]- [Train] Epoch 742: Loss=1.8558e-01
[01-15 19:01:56|core.trainer]- [Train] Epoch 743: Loss=1.7970e-01
[01-15 19:02:06|core.trainer]- [Train] Epoch 744: Loss=2.0197e-01
[01-15 19:02:19|core.trainer]- [Train] Epoch 745: Loss=1.8038e-01
[01-15 19:02:29|core.trainer]- [Train] Epoch 746: Loss=1.9126e-01
[01-15 19:02:40|core.trainer]- [Train] Epoch 747: Loss=1.8010e-01
[01-15 19:02:51|core.trainer]- [Train] Epoch 748: Loss=1.7342e-01
[01-15 19:03:01|core.trainer]- [Train] Epoch 749: Loss=1.8524e-01
[01-15 19:03:15|core.trainer]- [Train] Epoch 750: Loss=1.8288e-01
[01-15 19:03:19|core.trainer]- [Val] Epoch 750: Loss=1.0875e+00
[01-15 19:03:31|core.trainer]- [Train] Epoch 751: Loss=1.7884e-01
[01-15 19:03:49|core.trainer]- [Train] Epoch 752: Loss=1.6618e-01
[01-15 19:04:01|core.trainer]- [Train] Epoch 753: Loss=1.7424e-01
[01-15 19:04:12|core.trainer]- [Train] Epoch 754: Loss=1.8141e-01
[01-15 19:04:23|core.trainer]- [Train] Epoch 755: Loss=1.8416e-01
[01-15 19:04:35|core.trainer]- [Train] Epoch 756: Loss=1.6752e-01
[01-15 19:04:46|core.trainer]- [Train] Epoch 757: Loss=1.7390e-01
[01-15 19:04:58|core.trainer]- [Train] Epoch 758: Loss=1.6426e-01
[01-15 19:05:09|core.trainer]- [Train] Epoch 759: Loss=1.7847e-01
[01-15 19:05:23|core.trainer]- [Train] Epoch 760: Loss=1.7621e-01
[01-15 19:05:33|core.trainer]- [Val] Epoch 760: Loss=1.0343e+00
[01-15 19:05:45|core.trainer]- [Train] Epoch 761: Loss=1.6581e-01
[01-15 19:05:56|core.trainer]- [Train] Epoch 762: Loss=1.7171e-01
[01-15 19:06:07|core.trainer]- [Train] Epoch 763: Loss=1.8266e-01
[01-15 19:06:21|core.trainer]- [Train] Epoch 764: Loss=1.8678e-01
[01-15 19:06:33|core.trainer]- [Train] Epoch 765: Loss=1.6525e-01
[01-15 19:06:43|core.trainer]- [Train] Epoch 766: Loss=1.8758e-01
[01-15 19:06:55|core.trainer]- [Train] Epoch 767: Loss=1.7596e-01
[01-15 19:07:07|core.trainer]- [Train] Epoch 768: Loss=1.8058e-01
[01-15 19:07:18|core.trainer]- [Train] Epoch 769: Loss=1.7761e-01
[01-15 19:08:49|core.trainer]- [Train] Epoch 770: Loss=1.9458e-01
[01-15 19:08:53|core.trainer]- [Val] Epoch 770: Loss=1.0260e+00
[01-15 19:09:05|core.trainer]- [Train] Epoch 771: Loss=1.6443e-01
[01-15 19:09:17|core.trainer]- [Train] Epoch 772: Loss=1.7089e-01
[01-15 19:09:27|core.trainer]- [Train] Epoch 773: Loss=1.8192e-01
[01-15 19:09:40|core.trainer]- [Train] Epoch 774: Loss=1.5961e-01
[01-15 19:09:51|core.trainer]- [Train] Epoch 775: Loss=1.7581e-01
[01-15 19:10:02|core.trainer]- [Train] Epoch 776: Loss=1.7500e-01
[01-15 19:10:13|core.trainer]- [Train] Epoch 777: Loss=1.7350e-01
[01-15 19:10:27|core.trainer]- [Train] Epoch 778: Loss=1.6173e-01
[01-15 19:10:39|core.trainer]- [Train] Epoch 779: Loss=1.6261e-01
[01-15 19:11:11|core.trainer]- [Train] Epoch 780: Loss=1.5589e-01
[01-15 19:12:05|core.trainer]- [Val] Epoch 780: Loss=1.0931e+00
[01-15 19:12:16|core.trainer]- [Train] Epoch 781: Loss=1.6576e-01
[01-15 19:12:27|core.trainer]- [Train] Epoch 782: Loss=1.6625e-01
[01-15 19:12:39|core.trainer]- [Train] Epoch 783: Loss=1.6133e-01
[01-15 19:12:49|core.trainer]- [Train] Epoch 784: Loss=1.6367e-01
[01-15 19:13:02|core.trainer]- [Train] Epoch 785: Loss=1.5632e-01
[01-15 19:13:13|core.trainer]- [Train] Epoch 786: Loss=1.7908e-01
[01-15 19:13:25|core.trainer]- [Train] Epoch 787: Loss=1.6475e-01
[01-15 19:13:36|core.trainer]- [Train] Epoch 788: Loss=1.6360e-01
[01-15 19:13:49|core.trainer]- [Train] Epoch 789: Loss=1.5341e-01
[01-15 19:14:01|core.trainer]- [Train] Epoch 790: Loss=1.7477e-01
[01-15 19:14:04|core.trainer]- [Val] Epoch 790: Loss=9.7247e-01
[01-15 19:19:12|core.trainer]- Saved checkpoint to exps/eps4/ckpts/best.pth
[01-15 19:20:00|core.trainer]- [Train] Epoch 791: Loss=1.6160e-01
[01-15 19:20:47|core.trainer]- [Train] Epoch 792: Loss=1.8230e-01
[01-15 19:23:04|core.trainer]- [Train] Epoch 793: Loss=1.6104e-01
[01-15 19:33:25|core.trainer]- [Train] Epoch 794: Loss=1.6212e-01
[01-15 19:33:36|core.trainer]- [Train] Epoch 795: Loss=1.7110e-01
[01-15 19:33:47|core.trainer]- [Train] Epoch 796: Loss=1.7265e-01
[01-15 19:33:58|core.trainer]- [Train] Epoch 797: Loss=1.5877e-01
[01-15 19:34:08|core.trainer]- [Train] Epoch 798: Loss=1.7035e-01
[01-15 19:34:25|core.trainer]- [Train] Epoch 799: Loss=1.5147e-01
[01-15 19:35:38|core.trainer]- [Train] Epoch 800: Loss=1.8691e-01
[01-15 19:35:44|core.trainer]- [Val] Epoch 800: Loss=1.0874e+00
[01-15 19:41:17|core.trainer]- Saved checkpoint to exps/eps4/ckpts/800.pth
[01-15 19:41:27|core.trainer]- [Train] Epoch 801: Loss=1.7166e-01
[01-15 19:41:38|core.trainer]- [Train] Epoch 802: Loss=1.6577e-01
[01-15 19:41:47|core.trainer]- [Train] Epoch 803: Loss=1.8486e-01
[01-15 19:41:58|core.trainer]- [Train] Epoch 804: Loss=1.7313e-01
[01-15 19:42:09|core.trainer]- [Train] Epoch 805: Loss=1.6113e-01
[01-15 19:42:20|core.trainer]- [Train] Epoch 806: Loss=1.6297e-01
[01-15 19:42:31|core.trainer]- [Train] Epoch 807: Loss=1.7572e-01
[01-15 19:42:43|core.trainer]- [Train] Epoch 808: Loss=1.4807e-01
[01-15 19:43:59|core.trainer]- [Train] Epoch 809: Loss=1.5680e-01
[01-15 19:45:44|core.trainer]- [Train] Epoch 810: Loss=1.4498e-01
[01-15 19:45:47|core.trainer]- [Val] Epoch 810: Loss=1.0901e+00
[01-15 19:45:58|core.trainer]- [Train] Epoch 811: Loss=1.5265e-01
[01-15 19:46:09|core.trainer]- [Train] Epoch 812: Loss=1.6413e-01
[01-15 19:46:18|core.trainer]- [Train] Epoch 813: Loss=1.8478e-01
[01-15 19:46:30|core.trainer]- [Train] Epoch 814: Loss=1.5712e-01
[01-15 19:46:41|core.trainer]- [Train] Epoch 815: Loss=1.6795e-01
[01-15 19:46:51|core.trainer]- [Train] Epoch 816: Loss=1.6282e-01
[01-15 19:47:02|core.trainer]- [Train] Epoch 817: Loss=1.5862e-01
[01-15 19:47:14|core.trainer]- [Train] Epoch 818: Loss=1.4683e-01
[01-15 19:47:26|core.trainer]- [Train] Epoch 819: Loss=1.6475e-01
[01-15 19:47:39|core.trainer]- [Train] Epoch 820: Loss=1.5440e-01
[01-15 19:47:42|core.trainer]- [Val] Epoch 820: Loss=1.0268e+00
[01-15 19:47:54|core.trainer]- [Train] Epoch 821: Loss=1.4987e-01
[01-15 19:48:06|core.trainer]- [Train] Epoch 822: Loss=1.4512e-01
[01-15 19:48:18|core.trainer]- [Train] Epoch 823: Loss=1.5102e-01
[01-15 19:48:29|core.trainer]- [Train] Epoch 824: Loss=1.5512e-01
[01-15 19:48:40|core.trainer]- [Train] Epoch 825: Loss=1.5561e-01
[01-15 19:48:52|core.trainer]- [Train] Epoch 826: Loss=1.4720e-01
[01-15 19:49:03|core.trainer]- [Train] Epoch 827: Loss=1.4556e-01
[01-15 19:49:15|core.trainer]- [Train] Epoch 828: Loss=1.5637e-01
[01-15 19:49:26|core.trainer]- [Train] Epoch 829: Loss=1.7169e-01
[01-15 19:49:57|core.trainer]- [Train] Epoch 830: Loss=1.5011e-01
[01-15 19:50:00|core.trainer]- [Val] Epoch 830: Loss=1.0466e+00
[01-15 19:50:11|core.trainer]- [Train] Epoch 831: Loss=1.6512e-01
[01-15 19:50:22|core.trainer]- [Train] Epoch 832: Loss=1.7485e-01
[01-15 19:50:32|core.trainer]- [Train] Epoch 833: Loss=1.7611e-01
[01-15 19:50:43|core.trainer]- [Train] Epoch 834: Loss=1.8634e-01
[01-15 19:50:54|core.trainer]- [Train] Epoch 835: Loss=1.8909e-01
[01-15 19:51:05|core.trainer]- [Train] Epoch 836: Loss=1.7920e-01
[01-15 19:51:15|core.trainer]- [Train] Epoch 837: Loss=1.8965e-01
[01-15 19:51:26|core.trainer]- [Train] Epoch 838: Loss=1.8917e-01
[01-15 19:51:38|core.trainer]- [Train] Epoch 839: Loss=1.7234e-01
[01-15 19:51:51|core.trainer]- [Train] Epoch 840: Loss=1.6706e-01
[01-15 19:52:16|core.trainer]- [Val] Epoch 840: Loss=1.0773e+00
[01-15 19:52:28|core.trainer]- [Train] Epoch 841: Loss=1.5762e-01
[01-15 19:52:39|core.trainer]- [Train] Epoch 842: Loss=1.7660e-01
[01-15 19:52:51|core.trainer]- [Train] Epoch 843: Loss=1.6181e-01
[01-15 19:53:01|core.trainer]- [Train] Epoch 844: Loss=1.6564e-01
[01-15 19:53:14|core.trainer]- [Train] Epoch 845: Loss=1.4734e-01
[01-15 19:53:27|core.trainer]- [Train] Epoch 846: Loss=1.5635e-01
[01-15 19:53:37|core.trainer]- [Train] Epoch 847: Loss=1.6968e-01
[01-15 19:53:52|core.trainer]- [Train] Epoch 848: Loss=1.4588e-01
[01-15 19:54:04|core.trainer]- [Train] Epoch 849: Loss=1.6319e-01
[01-15 19:54:53|core.trainer]- [Train] Epoch 850: Loss=1.4727e-01
[01-15 19:54:55|core.trainer]- [Val] Epoch 850: Loss=1.0055e+00
[01-15 19:55:06|core.trainer]- [Train] Epoch 851: Loss=1.5450e-01
[01-15 19:55:18|core.trainer]- [Train] Epoch 852: Loss=1.4700e-01
[01-15 19:55:30|core.trainer]- [Train] Epoch 853: Loss=1.4922e-01
[01-15 19:55:41|core.trainer]- [Train] Epoch 854: Loss=1.4566e-01
[01-15 19:55:53|core.trainer]- [Train] Epoch 855: Loss=1.4995e-01
[01-15 19:56:04|core.trainer]- [Train] Epoch 856: Loss=1.4792e-01
[01-15 19:56:16|core.trainer]- [Train] Epoch 857: Loss=1.3049e-01
[01-15 19:56:27|core.trainer]- [Train] Epoch 858: Loss=1.4940e-01
[01-15 19:56:40|core.trainer]- [Train] Epoch 859: Loss=1.3250e-01
[01-15 19:57:00|core.trainer]- [Train] Epoch 860: Loss=1.5480e-01
[01-15 19:57:04|core.trainer]- [Val] Epoch 860: Loss=1.0743e+00
[01-15 19:57:14|core.trainer]- [Train] Epoch 861: Loss=1.5528e-01
[01-15 19:57:27|core.trainer]- [Train] Epoch 862: Loss=1.3525e-01
[01-15 19:57:39|core.trainer]- [Train] Epoch 863: Loss=1.3629e-01
[01-15 19:57:50|core.trainer]- [Train] Epoch 864: Loss=1.5322e-01
[01-15 19:58:14|core.trainer]- [Train] Epoch 865: Loss=1.2072e-01
[01-15 19:58:26|core.trainer]- [Train] Epoch 866: Loss=1.2250e-01
[01-15 19:58:37|core.trainer]- [Train] Epoch 867: Loss=1.5286e-01
[01-15 19:58:49|core.trainer]- [Train] Epoch 868: Loss=1.2707e-01
[01-15 19:59:53|core.trainer]- [Train] Epoch 869: Loss=1.3698e-01
[01-15 20:00:05|core.trainer]- [Train] Epoch 870: Loss=1.5689e-01
[01-15 20:00:50|core.trainer]- [Val] Epoch 870: Loss=9.6618e-01
[01-15 20:16:14|core.trainer]- Saved checkpoint to exps/eps4/ckpts/best.pth
[01-15 20:16:26|core.trainer]- [Train] Epoch 871: Loss=1.2587e-01
[01-15 20:16:37|core.trainer]- [Train] Epoch 872: Loss=1.4862e-01
[01-15 20:16:48|core.trainer]- [Train] Epoch 873: Loss=1.4076e-01
[01-15 20:17:00|core.trainer]- [Train] Epoch 874: Loss=1.3605e-01
[01-15 20:17:11|core.trainer]- [Train] Epoch 875: Loss=1.2461e-01
[01-15 20:17:22|core.trainer]- [Train] Epoch 876: Loss=1.3208e-01
[01-15 20:17:34|core.trainer]- [Train] Epoch 877: Loss=1.3075e-01
[01-15 20:17:45|core.trainer]- [Train] Epoch 878: Loss=1.3581e-01
[01-15 20:17:57|core.trainer]- [Train] Epoch 879: Loss=1.2497e-01
[01-15 20:18:12|core.trainer]- [Train] Epoch 880: Loss=1.1699e-01
[01-15 20:18:25|core.trainer]- [Val] Epoch 880: Loss=1.0342e+00
[01-15 20:18:37|core.trainer]- [Train] Epoch 881: Loss=1.2030e-01
[01-15 20:18:49|core.trainer]- [Train] Epoch 882: Loss=1.2348e-01
[01-15 20:19:01|core.trainer]- [Train] Epoch 883: Loss=1.4251e-01
[01-15 20:19:12|core.trainer]- [Train] Epoch 884: Loss=1.4612e-01
[01-15 20:19:24|core.trainer]- [Train] Epoch 885: Loss=1.3346e-01
[01-15 20:19:34|core.trainer]- [Train] Epoch 886: Loss=1.5901e-01
[01-15 20:19:47|core.trainer]- [Train] Epoch 887: Loss=1.2384e-01
[01-15 20:19:58|core.trainer]- [Train] Epoch 888: Loss=1.4001e-01
[01-15 20:20:08|core.trainer]- [Train] Epoch 889: Loss=1.5018e-01
[01-15 20:20:22|core.trainer]- [Train] Epoch 890: Loss=1.2793e-01
[01-15 20:20:26|core.trainer]- [Val] Epoch 890: Loss=1.0302e+00
[01-15 20:20:38|core.trainer]- [Train] Epoch 891: Loss=1.3133e-01
[01-15 20:20:48|core.trainer]- [Train] Epoch 892: Loss=1.5334e-01
[01-15 20:20:59|core.trainer]- [Train] Epoch 893: Loss=1.2976e-01
[01-15 20:21:10|core.trainer]- [Train] Epoch 894: Loss=1.5250e-01
[01-15 20:21:22|core.trainer]- [Train] Epoch 895: Loss=1.2818e-01
[01-15 20:21:33|core.trainer]- [Train] Epoch 896: Loss=1.4139e-01
[01-15 20:21:46|core.trainer]- [Train] Epoch 897: Loss=1.2025e-01
[01-15 20:21:57|core.trainer]- [Train] Epoch 898: Loss=1.3386e-01
[01-15 20:22:10|core.trainer]- [Train] Epoch 899: Loss=1.2970e-01
[01-15 20:22:23|core.trainer]- [Train] Epoch 900: Loss=1.3662e-01
[01-15 20:22:25|core.trainer]- [Val] Epoch 900: Loss=1.0660e+00
[01-15 20:23:13|core.trainer]- Saved checkpoint to exps/eps4/ckpts/900.pth
[01-15 20:23:24|core.trainer]- [Train] Epoch 901: Loss=1.4485e-01
[01-15 20:23:35|core.trainer]- [Train] Epoch 902: Loss=1.4048e-01
[01-15 20:23:47|core.trainer]- [Train] Epoch 903: Loss=1.3590e-01
[01-15 20:23:58|core.trainer]- [Train] Epoch 904: Loss=1.4034e-01
[01-15 20:24:09|core.trainer]- [Train] Epoch 905: Loss=1.6401e-01
[01-15 20:24:20|core.trainer]- [Train] Epoch 906: Loss=1.4548e-01
[01-15 20:24:32|core.trainer]- [Train] Epoch 907: Loss=1.3615e-01
[01-15 20:24:44|core.trainer]- [Train] Epoch 908: Loss=1.1778e-01
[01-15 20:24:55|core.trainer]- [Train] Epoch 909: Loss=1.3728e-01
[01-15 20:25:08|core.trainer]- [Train] Epoch 910: Loss=1.2919e-01
[01-15 20:25:11|core.trainer]- [Val] Epoch 910: Loss=1.0207e+00
[01-15 20:25:23|core.trainer]- [Train] Epoch 911: Loss=1.1396e-01
[01-15 20:25:35|core.trainer]- [Train] Epoch 912: Loss=1.1116e-01
[01-15 20:25:47|core.trainer]- [Train] Epoch 913: Loss=1.2362e-01
[01-15 20:25:59|core.trainer]- [Train] Epoch 914: Loss=1.2444e-01
[01-15 20:26:11|core.trainer]- [Train] Epoch 915: Loss=1.2023e-01
[01-15 20:26:22|core.trainer]- [Train] Epoch 916: Loss=1.2296e-01
[01-15 20:26:33|core.trainer]- [Train] Epoch 917: Loss=1.3326e-01
[01-15 20:26:44|core.trainer]- [Train] Epoch 918: Loss=1.2145e-01
[01-15 20:26:56|core.trainer]- [Train] Epoch 919: Loss=1.2320e-01
[01-15 20:27:09|core.trainer]- [Train] Epoch 920: Loss=9.9690e-02
[01-15 20:27:12|core.trainer]- [Val] Epoch 920: Loss=1.0443e+00
[01-15 20:27:23|core.trainer]- [Train] Epoch 921: Loss=1.4777e-01
[01-15 20:27:34|core.trainer]- [Train] Epoch 922: Loss=1.2311e-01
[01-15 20:27:47|core.trainer]- [Train] Epoch 923: Loss=1.0684e-01
[01-15 20:27:59|core.trainer]- [Train] Epoch 924: Loss=1.0779e-01
[01-15 20:28:10|core.trainer]- [Train] Epoch 925: Loss=1.4579e-01
[01-15 20:28:21|core.trainer]- [Train] Epoch 926: Loss=1.3949e-01
[01-15 20:28:32|core.trainer]- [Train] Epoch 927: Loss=1.3365e-01
[01-15 20:28:42|core.trainer]- [Train] Epoch 928: Loss=1.5488e-01
[01-15 20:28:53|core.trainer]- [Train] Epoch 929: Loss=1.4916e-01
[01-15 20:29:06|core.trainer]- [Train] Epoch 930: Loss=1.2664e-01
[01-15 20:29:09|core.trainer]- [Val] Epoch 930: Loss=1.0551e+00
[01-15 20:29:19|core.trainer]- [Train] Epoch 931: Loss=1.4853e-01
[01-15 20:29:30|core.trainer]- [Train] Epoch 932: Loss=1.4099e-01
[01-15 20:29:41|core.trainer]- [Train] Epoch 933: Loss=1.2806e-01
[01-15 20:29:52|core.trainer]- [Train] Epoch 934: Loss=1.2390e-01
[01-15 20:30:04|core.trainer]- [Train] Epoch 935: Loss=1.1632e-01
[01-15 20:30:15|core.trainer]- [Train] Epoch 936: Loss=1.3158e-01
[01-15 20:30:26|core.trainer]- [Train] Epoch 937: Loss=1.3933e-01
[01-15 20:30:36|core.trainer]- [Train] Epoch 938: Loss=1.6222e-01
[01-15 20:30:47|core.trainer]- [Train] Epoch 939: Loss=1.3989e-01
[01-15 20:31:00|core.trainer]- [Train] Epoch 940: Loss=1.2828e-01
[01-15 20:31:03|core.trainer]- [Val] Epoch 940: Loss=9.6849e-01
[01-15 20:31:14|core.trainer]- [Train] Epoch 941: Loss=1.3844e-01
[01-15 20:31:25|core.trainer]- [Train] Epoch 942: Loss=1.2014e-01
[01-15 20:31:38|core.trainer]- [Train] Epoch 943: Loss=1.0667e-01
[01-15 20:31:49|core.trainer]- [Train] Epoch 944: Loss=1.1444e-01
[01-15 20:32:00|core.trainer]- [Train] Epoch 945: Loss=1.2375e-01
[01-15 20:32:12|core.trainer]- [Train] Epoch 946: Loss=1.0079e-01
[01-15 20:32:25|core.trainer]- [Train] Epoch 947: Loss=9.9698e-02
[01-15 20:32:35|core.trainer]- [Train] Epoch 948: Loss=1.3452e-01
[01-15 20:32:47|core.trainer]- [Train] Epoch 949: Loss=1.0549e-01
[01-15 20:33:01|core.trainer]- [Train] Epoch 950: Loss=9.7001e-02
[01-15 20:33:04|core.trainer]- [Val] Epoch 950: Loss=1.0075e+00
[01-15 20:33:16|core.trainer]- [Train] Epoch 951: Loss=1.1109e-01
[01-15 20:33:27|core.trainer]- [Train] Epoch 952: Loss=1.3286e-01
[01-15 20:33:39|core.trainer]- [Train] Epoch 953: Loss=1.0718e-01
[01-15 20:33:50|core.trainer]- [Train] Epoch 954: Loss=1.4975e-01
[01-15 20:34:02|core.trainer]- [Train] Epoch 955: Loss=1.0095e-01
[01-15 20:34:12|core.trainer]- [Train] Epoch 956: Loss=1.3905e-01
[01-15 20:34:23|core.trainer]- [Train] Epoch 957: Loss=1.5099e-01
[01-15 20:34:35|core.trainer]- [Train] Epoch 958: Loss=1.0611e-01
[01-15 20:34:46|core.trainer]- [Train] Epoch 959: Loss=1.1817e-01
[01-15 20:34:59|core.trainer]- [Train] Epoch 960: Loss=1.3254e-01
[01-15 20:35:01|core.trainer]- [Val] Epoch 960: Loss=9.9466e-01
[01-15 20:35:13|core.trainer]- [Train] Epoch 961: Loss=1.1037e-01
[01-15 20:35:23|core.trainer]- [Train] Epoch 962: Loss=1.2072e-01
[01-15 20:35:34|core.trainer]- [Train] Epoch 963: Loss=1.4690e-01
[01-15 20:35:46|core.trainer]- [Train] Epoch 964: Loss=9.6403e-02
[01-15 20:35:57|core.trainer]- [Train] Epoch 965: Loss=1.0936e-01
[01-15 20:36:07|core.trainer]- [Train] Epoch 966: Loss=1.5087e-01
[01-15 20:36:18|core.trainer]- [Train] Epoch 967: Loss=1.2675e-01
[01-15 20:36:30|core.trainer]- [Train] Epoch 968: Loss=1.1178e-01
[01-15 20:36:42|core.trainer]- [Train] Epoch 969: Loss=9.2636e-02
[01-15 20:36:56|core.trainer]- [Train] Epoch 970: Loss=1.0841e-01
[01-15 20:36:59|core.trainer]- [Val] Epoch 970: Loss=1.1369e+00
[01-15 20:37:10|core.trainer]- [Train] Epoch 971: Loss=1.0467e-01
[01-15 20:37:21|core.trainer]- [Train] Epoch 972: Loss=1.2061e-01
[01-15 20:37:32|core.trainer]- [Train] Epoch 973: Loss=1.0049e-01
[01-15 20:37:43|core.trainer]- [Train] Epoch 974: Loss=1.1909e-01
[01-15 20:37:53|core.trainer]- [Train] Epoch 975: Loss=1.2826e-01
[01-15 20:38:05|core.trainer]- [Train] Epoch 976: Loss=1.0833e-01
[01-15 20:38:16|core.trainer]- [Train] Epoch 977: Loss=1.1745e-01
[01-15 20:38:26|core.trainer]- [Train] Epoch 978: Loss=1.4599e-01
[01-15 20:38:36|core.trainer]- [Train] Epoch 979: Loss=1.3511e-01
[01-15 20:38:49|core.trainer]- [Train] Epoch 980: Loss=1.0653e-01
[01-15 20:38:52|core.trainer]- [Val] Epoch 980: Loss=1.0356e+00
[01-15 20:39:04|core.trainer]- [Train] Epoch 981: Loss=8.8443e-02
[01-15 20:39:16|core.trainer]- [Train] Epoch 982: Loss=9.3070e-02
[01-15 20:39:28|core.trainer]- [Train] Epoch 983: Loss=1.1236e-01
[01-15 20:39:41|core.trainer]- [Train] Epoch 984: Loss=9.8073e-02
[01-15 20:39:53|core.trainer]- [Train] Epoch 985: Loss=9.0312e-02
[01-15 20:40:03|core.trainer]- [Train] Epoch 986: Loss=1.9152e-01
[01-15 20:40:15|core.trainer]- [Train] Epoch 987: Loss=3.2070e-01
[01-15 20:40:25|core.trainer]- [Train] Epoch 988: Loss=7.7601e-01
[01-15 20:40:35|core.trainer]- [Train] Epoch 989: Loss=8.1374e-01
[01-15 20:40:47|core.trainer]- [Train] Epoch 990: Loss=8.4074e-01
[01-15 20:40:49|core.trainer]- [Val] Epoch 990: Loss=1.0614e+00
[01-15 20:41:02|core.trainer]- [Train] Epoch 991: Loss=7.7794e-01
[01-15 20:41:13|core.trainer]- [Train] Epoch 992: Loss=7.4867e-01
[01-15 20:41:25|core.trainer]- [Train] Epoch 993: Loss=6.6736e-01
[01-15 20:41:36|core.trainer]- [Train] Epoch 994: Loss=5.4151e-01
[01-15 20:41:48|core.trainer]- [Train] Epoch 995: Loss=4.2995e-01
[01-15 20:42:00|core.trainer]- [Train] Epoch 996: Loss=3.8250e-01
[01-15 20:42:10|core.trainer]- [Train] Epoch 997: Loss=3.6029e-01
[01-15 20:42:21|core.trainer]- [Train] Epoch 998: Loss=3.4661e-01
[01-15 20:42:31|core.trainer]- [Train] Epoch 999: Loss=3.2544e-01
[01-15 20:42:48|core.trainer]- [Train] Epoch 1000: Loss=3.1545e-01
[01-15 20:42:51|core.trainer]- [Val] Epoch 1000: Loss=1.0823e+00
[01-15 20:44:49|core.trainer]- Saved checkpoint to exps/eps4/ckpts/1000.pth
[01-15 20:44:59|core.trainer]- [Train] Epoch 1001: Loss=3.2261e-01
[01-15 20:45:11|core.trainer]- [Train] Epoch 1002: Loss=3.3311e-01
[01-15 20:45:22|core.trainer]- [Train] Epoch 1003: Loss=3.3578e-01
[01-15 20:45:33|core.trainer]- [Train] Epoch 1004: Loss=3.2741e-01
[01-15 20:45:44|core.trainer]- [Train] Epoch 1005: Loss=3.2158e-01
[01-15 20:45:54|core.trainer]- [Train] Epoch 1006: Loss=3.1493e-01
[01-15 20:46:06|core.trainer]- [Train] Epoch 1007: Loss=3.1616e-01
[01-15 20:46:17|core.trainer]- [Train] Epoch 1008: Loss=3.0587e-01
[01-15 20:46:29|core.trainer]- [Train] Epoch 1009: Loss=3.0515e-01
[01-15 20:46:43|core.trainer]- [Train] Epoch 1010: Loss=2.9681e-01
[01-15 20:46:52|core.trainer]- [Val] Epoch 1010: Loss=1.0135e+00
[01-15 20:47:03|core.trainer]- [Train] Epoch 1011: Loss=3.0707e-01
[01-15 20:47:15|core.trainer]- [Train] Epoch 1012: Loss=2.9412e-01
[01-15 20:47:26|core.trainer]- [Train] Epoch 1013: Loss=2.9500e-01
[01-15 20:47:37|core.trainer]- [Train] Epoch 1014: Loss=3.0098e-01
[01-15 20:47:49|core.trainer]- [Train] Epoch 1015: Loss=2.7569e-01
[01-15 20:48:01|core.trainer]- [Train] Epoch 1016: Loss=2.6607e-01
[01-15 20:48:12|core.trainer]- [Train] Epoch 1017: Loss=2.6856e-01
[01-15 20:48:24|core.trainer]- [Train] Epoch 1018: Loss=2.5463e-01
[01-15 20:48:35|core.trainer]- [Train] Epoch 1019: Loss=2.4446e-01
[01-15 20:48:49|core.trainer]- [Train] Epoch 1020: Loss=2.4508e-01
[01-15 20:48:52|core.trainer]- [Val] Epoch 1020: Loss=1.1182e+00
[01-15 20:49:04|core.trainer]- [Train] Epoch 1021: Loss=2.3050e-01
[01-15 20:49:14|core.trainer]- [Train] Epoch 1022: Loss=2.3811e-01
[01-15 20:49:25|core.trainer]- [Train] Epoch 1023: Loss=2.2113e-01
[01-15 20:49:36|core.trainer]- [Train] Epoch 1024: Loss=2.2416e-01
[01-15 20:49:48|core.trainer]- [Train] Epoch 1025: Loss=2.2892e-01
[01-15 20:50:00|core.trainer]- [Train] Epoch 1026: Loss=2.2002e-01
[01-15 20:50:13|core.trainer]- [Train] Epoch 1027: Loss=2.0605e-01
[01-15 20:50:26|core.trainer]- [Train] Epoch 1028: Loss=2.1197e-01
[01-15 20:50:36|core.trainer]- [Train] Epoch 1029: Loss=2.1320e-01
[01-15 20:50:50|core.trainer]- [Train] Epoch 1030: Loss=2.0438e-01
[01-15 20:51:02|core.trainer]- [Val] Epoch 1030: Loss=9.9542e-01
[01-15 20:51:14|core.trainer]- [Train] Epoch 1031: Loss=2.1198e-01
[01-15 20:51:24|core.trainer]- [Train] Epoch 1032: Loss=1.9511e-01
[01-15 20:51:37|core.trainer]- [Train] Epoch 1033: Loss=1.8767e-01
[01-15 20:51:48|core.trainer]- [Train] Epoch 1034: Loss=1.9007e-01
[01-15 20:51:59|core.trainer]- [Train] Epoch 1035: Loss=2.0282e-01
[01-15 20:52:11|core.trainer]- [Train] Epoch 1036: Loss=1.9719e-01
[01-15 20:52:21|core.trainer]- [Train] Epoch 1037: Loss=1.8638e-01
[01-15 20:52:33|core.trainer]- [Train] Epoch 1038: Loss=1.9810e-01
[01-15 20:52:44|core.trainer]- [Train] Epoch 1039: Loss=1.8281e-01
[01-15 20:52:59|core.trainer]- [Train] Epoch 1040: Loss=1.9654e-01
[01-15 20:53:01|core.trainer]- [Val] Epoch 1040: Loss=1.0092e+00
[01-15 20:53:13|core.trainer]- [Train] Epoch 1041: Loss=2.0421e-01
[01-15 20:53:25|core.trainer]- [Train] Epoch 1042: Loss=1.9047e-01
[01-15 20:53:34|core.trainer]- [Train] Epoch 1043: Loss=1.9032e-01
[01-15 20:53:45|core.trainer]- [Train] Epoch 1044: Loss=1.9135e-01
[01-15 20:53:55|core.trainer]- [Train] Epoch 1045: Loss=1.9278e-01
[01-15 20:54:07|core.trainer]- [Train] Epoch 1046: Loss=1.8823e-01
[01-15 20:54:19|core.trainer]- [Train] Epoch 1047: Loss=1.8675e-01
[01-15 20:54:30|core.trainer]- [Train] Epoch 1048: Loss=1.8984e-01
[01-15 20:54:41|core.trainer]- [Train] Epoch 1049: Loss=1.8794e-01
[01-15 20:55:05|core.trainer]- [Train] Epoch 1050: Loss=1.7854e-01
[01-15 20:55:08|core.trainer]- [Val] Epoch 1050: Loss=1.1426e+00
[01-15 20:55:18|core.trainer]- [Train] Epoch 1051: Loss=1.8379e-01
[01-15 20:55:31|core.trainer]- [Train] Epoch 1052: Loss=1.9792e-01
[01-15 20:55:51|core.trainer]- [Train] Epoch 1053: Loss=1.8712e-01
[01-15 20:56:36|core.trainer]- [Train] Epoch 1054: Loss=1.8588e-01
[01-15 20:56:49|core.trainer]- [Train] Epoch 1055: Loss=1.7990e-01
[01-15 20:57:00|core.trainer]- [Train] Epoch 1056: Loss=1.7699e-01
[01-15 20:57:19|core.trainer]- [Train] Epoch 1057: Loss=1.8347e-01
[01-15 20:57:31|core.trainer]- [Train] Epoch 1058: Loss=1.8530e-01
[01-15 20:58:06|core.trainer]- [Train] Epoch 1059: Loss=1.8057e-01
[01-15 21:01:01|core.trainer]- [Train] Epoch 1060: Loss=1.8635e-01
[01-15 21:02:31|core.trainer]- [Val] Epoch 1060: Loss=1.0482e+00
[01-15 21:02:43|core.trainer]- [Train] Epoch 1061: Loss=1.8243e-01
[01-15 21:03:05|core.trainer]- [Train] Epoch 1062: Loss=1.8389e-01
[01-15 21:03:25|core.trainer]- [Train] Epoch 1063: Loss=1.6916e-01
[01-15 21:04:00|core.trainer]- [Train] Epoch 1064: Loss=1.8071e-01
[01-15 21:04:28|core.trainer]- [Train] Epoch 1065: Loss=1.6940e-01
[01-15 21:04:39|core.trainer]- [Train] Epoch 1066: Loss=1.8114e-01
[01-15 21:05:14|core.trainer]- [Train] Epoch 1067: Loss=1.7565e-01
[01-15 21:05:28|core.trainer]- [Train] Epoch 1068: Loss=1.7900e-01
[01-15 21:05:40|core.trainer]- [Train] Epoch 1069: Loss=1.7534e-01
[01-15 21:06:47|core.trainer]- [Train] Epoch 1070: Loss=1.7780e-01
[01-15 21:07:16|core.trainer]- [Val] Epoch 1070: Loss=1.0716e+00
[01-15 21:07:40|core.trainer]- [Train] Epoch 1071: Loss=1.7242e-01
[01-15 21:08:19|core.trainer]- [Train] Epoch 1072: Loss=1.8059e-01
[01-15 21:09:02|core.trainer]- [Train] Epoch 1073: Loss=1.6864e-01
[01-15 21:09:16|core.trainer]- [Train] Epoch 1074: Loss=1.8209e-01
[01-15 21:09:28|core.trainer]- [Train] Epoch 1075: Loss=1.7325e-01
[01-15 21:10:07|core.trainer]- [Train] Epoch 1076: Loss=1.7726e-01
[01-15 21:10:17|core.trainer]- [Train] Epoch 1077: Loss=1.7902e-01
[01-15 21:10:28|core.trainer]- [Train] Epoch 1078: Loss=1.7734e-01
[01-15 21:10:47|core.trainer]- [Train] Epoch 1079: Loss=1.6848e-01
[01-15 21:12:02|core.trainer]- [Train] Epoch 1080: Loss=1.7462e-01
[01-15 21:12:11|core.trainer]- [Val] Epoch 1080: Loss=1.0788e+00
[01-15 21:12:22|core.trainer]- [Train] Epoch 1081: Loss=1.7709e-01
[01-15 21:12:33|core.trainer]- [Train] Epoch 1082: Loss=1.7521e-01
[01-15 21:12:49|core.trainer]- [Train] Epoch 1083: Loss=1.6680e-01
[01-15 21:13:00|core.trainer]- [Train] Epoch 1084: Loss=1.7167e-01
[01-15 21:13:12|core.trainer]- [Train] Epoch 1085: Loss=1.6666e-01
[01-15 21:13:36|core.trainer]- [Train] Epoch 1086: Loss=1.6917e-01
[01-15 21:13:48|core.trainer]- [Train] Epoch 1087: Loss=1.6833e-01
[01-15 21:14:01|core.trainer]- [Train] Epoch 1088: Loss=1.7240e-01
[01-15 21:14:13|core.trainer]- [Train] Epoch 1089: Loss=1.7267e-01
[01-15 21:15:33|core.trainer]- [Train] Epoch 1090: Loss=1.7648e-01
[01-15 21:15:38|core.trainer]- [Val] Epoch 1090: Loss=9.7841e-01
[01-15 21:15:49|core.trainer]- [Train] Epoch 1091: Loss=1.7181e-01
[01-15 21:16:33|core.trainer]- [Train] Epoch 1092: Loss=1.6897e-01
[01-15 21:16:54|core.trainer]- [Train] Epoch 1093: Loss=1.7559e-01
[01-15 21:17:29|core.trainer]- [Train] Epoch 1094: Loss=1.6438e-01
[01-15 21:17:48|core.trainer]- [Train] Epoch 1095: Loss=1.7584e-01
[01-15 21:18:01|core.trainer]- [Train] Epoch 1096: Loss=1.6333e-01
[01-15 21:18:22|core.trainer]- [Train] Epoch 1097: Loss=1.6885e-01
[01-15 21:18:39|core.trainer]- [Train] Epoch 1098: Loss=1.6565e-01
[01-15 21:18:50|core.trainer]- [Train] Epoch 1099: Loss=1.7497e-01
[01-15 21:19:48|core.trainer]- [Train] Epoch 1100: Loss=1.6666e-01
[01-15 21:20:20|core.trainer]- [Val] Epoch 1100: Loss=1.0226e+00
[01-15 22:07:42|core.trainer]- Saved checkpoint to exps/eps4/ckpts/1100.pth
[01-15 22:07:51|core.trainer]- [Train] Epoch 1101: Loss=1.6588e-01
[01-15 22:08:02|core.trainer]- [Train] Epoch 1102: Loss=1.6674e-01
[01-15 22:08:14|core.trainer]- [Train] Epoch 1103: Loss=1.6219e-01
[01-15 22:09:05|core.trainer]- [Train] Epoch 1104: Loss=1.6932e-01
[01-15 22:09:16|core.trainer]- [Train] Epoch 1105: Loss=1.6765e-01
[01-15 22:10:02|core.trainer]- [Train] Epoch 1106: Loss=1.5842e-01
[01-15 22:10:15|core.trainer]- [Train] Epoch 1107: Loss=1.6474e-01
[01-15 22:10:26|core.trainer]- [Train] Epoch 1108: Loss=1.6695e-01
[01-15 22:10:38|core.trainer]- [Train] Epoch 1109: Loss=1.6453e-01
[01-15 22:11:44|core.trainer]- [Train] Epoch 1110: Loss=1.5638e-01
[01-15 22:11:48|core.trainer]- [Val] Epoch 1110: Loss=1.0559e+00
[01-15 22:12:00|core.trainer]- [Train] Epoch 1111: Loss=1.6434e-01
[01-15 22:12:11|core.trainer]- [Train] Epoch 1112: Loss=1.6384e-01
[01-15 22:12:21|core.trainer]- [Train] Epoch 1113: Loss=1.6724e-01
[01-15 22:12:33|core.trainer]- [Train] Epoch 1114: Loss=1.6113e-01
[01-15 22:12:45|core.trainer]- [Train] Epoch 1115: Loss=1.6319e-01
[01-15 22:12:55|core.trainer]- [Train] Epoch 1116: Loss=1.5234e-01
[01-15 22:13:43|core.trainer]- [Train] Epoch 1117: Loss=1.6029e-01
[01-15 22:13:54|core.trainer]- [Train] Epoch 1118: Loss=1.5499e-01
[01-15 22:14:05|core.trainer]- [Train] Epoch 1119: Loss=1.5474e-01
[01-15 22:15:04|core.trainer]- [Train] Epoch 1120: Loss=1.6252e-01
[01-15 22:15:08|core.trainer]- [Val] Epoch 1120: Loss=9.4388e-01
[01-15 22:31:44|core.trainer]- Saved checkpoint to exps/eps4/ckpts/best.pth
[01-15 22:31:56|core.trainer]- [Train] Epoch 1121: Loss=1.4961e-01
[01-15 22:32:07|core.trainer]- [Train] Epoch 1122: Loss=1.6608e-01
[01-15 22:32:18|core.trainer]- [Train] Epoch 1123: Loss=1.5598e-01
[01-15 22:32:30|core.trainer]- [Train] Epoch 1124: Loss=1.6078e-01
[01-15 22:32:41|core.trainer]- [Train] Epoch 1125: Loss=1.5790e-01
[01-15 22:32:54|core.trainer]- [Train] Epoch 1126: Loss=1.6075e-01
[01-15 22:33:06|core.trainer]- [Train] Epoch 1127: Loss=1.5100e-01
[01-15 22:33:17|core.trainer]- [Train] Epoch 1128: Loss=1.6094e-01
[01-15 22:33:39|core.trainer]- [Train] Epoch 1129: Loss=1.6152e-01
[01-15 22:34:14|core.trainer]- [Train] Epoch 1130: Loss=1.4990e-01
[01-15 22:34:17|core.trainer]- [Val] Epoch 1130: Loss=1.0648e+00
[01-15 22:34:27|core.trainer]- [Train] Epoch 1131: Loss=1.5987e-01
[01-15 22:34:40|core.trainer]- [Train] Epoch 1132: Loss=1.5208e-01
[01-15 22:34:50|core.trainer]- [Train] Epoch 1133: Loss=1.5605e-01
[01-15 22:35:36|core.trainer]- [Train] Epoch 1134: Loss=1.5225e-01
[01-15 22:35:54|core.trainer]- [Train] Epoch 1135: Loss=1.5696e-01
[01-15 22:36:12|core.trainer]- [Train] Epoch 1136: Loss=1.5374e-01
[01-15 22:59:44|core.trainer]- [Train] Epoch 1137: Loss=1.5343e-01
[01-15 23:00:19|core.trainer]- [Train] Epoch 1138: Loss=1.4672e-01
[01-15 23:00:30|core.trainer]- [Train] Epoch 1139: Loss=1.5716e-01
