[01-15 15:38:10|data.dataloader]- Loaded stats from data/stats.pth
[01-15 15:38:10|core.trainer]- [训练]: 765
[01-15 15:38:10|core.trainer]- [验证]: 85
[01-15 15:38:17|core.trainer]- Starting training...
[01-15 15:38:45|core.trainer]- [Train] Epoch 1: Loss=1.0548e+00
[01-15 15:39:21|core.trainer]- [Train] Epoch 2: Loss=1.0005e+00
[01-15 15:39:39|core.trainer]- [Train] Epoch 3: Loss=9.2475e-01
[01-15 15:39:56|core.trainer]- [Train] Epoch 4: Loss=8.5552e-01
[01-15 15:40:12|core.trainer]- [Train] Epoch 5: Loss=8.5625e-01
[01-15 15:40:29|core.trainer]- [Train] Epoch 6: Loss=8.3666e-01
[01-15 15:40:47|core.trainer]- [Train] Epoch 7: Loss=8.1908e-01
[01-15 15:41:02|core.trainer]- [Train] Epoch 8: Loss=8.1894e-01
[01-15 15:41:20|core.trainer]- [Train] Epoch 9: Loss=8.4372e-01
[01-15 15:41:45|core.trainer]- [Train] Epoch 10: Loss=8.3609e-01
[01-15 15:43:25|core.trainer]- [Val] Epoch 10: Loss=1.0774e+00
[01-15 15:44:22|core.trainer]- Saved checkpoint to exps/eps6/ckpts/best.pth
[01-15 15:44:38|core.trainer]- [Train] Epoch 11: Loss=8.3295e-01
[01-15 15:44:54|core.trainer]- [Train] Epoch 12: Loss=8.0881e-01
[01-15 15:45:11|core.trainer]- [Train] Epoch 13: Loss=7.9788e-01
[01-15 15:45:29|core.trainer]- [Train] Epoch 14: Loss=7.6423e-01
[01-15 15:45:47|core.trainer]- [Train] Epoch 15: Loss=7.3609e-01
[01-15 15:46:02|core.trainer]- [Train] Epoch 16: Loss=6.2877e-01
[01-15 15:46:18|core.trainer]- [Train] Epoch 17: Loss=5.3964e-01
[01-15 15:46:56|core.trainer]- [Train] Epoch 18: Loss=5.1824e-01
[01-15 15:47:10|core.trainer]- [Train] Epoch 19: Loss=4.8868e-01
[01-15 15:47:28|core.trainer]- [Train] Epoch 20: Loss=4.3111e-01
[01-15 15:47:31|core.trainer]- [Val] Epoch 20: Loss=1.0377e+00
[01-15 15:48:32|core.trainer]- Saved checkpoint to exps/eps6/ckpts/best.pth
[01-15 15:48:49|core.trainer]- [Train] Epoch 21: Loss=4.1093e-01
[01-15 15:49:05|core.trainer]- [Train] Epoch 22: Loss=4.1761e-01
[01-15 15:49:19|core.trainer]- [Train] Epoch 23: Loss=4.0161e-01
[01-15 15:49:36|core.trainer]- [Train] Epoch 24: Loss=3.8110e-01
[01-15 15:49:52|core.trainer]- [Train] Epoch 25: Loss=3.9352e-01
[01-15 15:50:09|core.trainer]- [Train] Epoch 26: Loss=3.7432e-01
[01-15 15:50:27|core.trainer]- [Train] Epoch 27: Loss=3.8430e-01
[01-15 15:50:45|core.trainer]- [Train] Epoch 28: Loss=3.7279e-01
[01-15 15:51:02|core.trainer]- [Train] Epoch 29: Loss=3.7750e-01
[01-15 15:51:38|core.trainer]- [Train] Epoch 30: Loss=3.7628e-01
[01-15 15:52:13|core.trainer]- [Val] Epoch 30: Loss=1.0404e+00
[01-15 15:52:41|core.trainer]- [Train] Epoch 31: Loss=3.3792e-01
[01-15 15:52:58|core.trainer]- [Train] Epoch 32: Loss=3.7201e-01
[01-15 15:53:37|core.trainer]- [Train] Epoch 33: Loss=3.5880e-01
[01-15 15:53:52|core.trainer]- [Train] Epoch 34: Loss=3.3317e-01
[01-15 15:54:10|core.trainer]- [Train] Epoch 35: Loss=3.3976e-01
[01-15 15:54:28|core.trainer]- [Train] Epoch 36: Loss=3.3342e-01
[01-15 15:54:44|core.trainer]- [Train] Epoch 37: Loss=3.4221e-01
[01-15 15:55:02|core.trainer]- [Train] Epoch 38: Loss=3.3670e-01
[01-15 15:55:18|core.trainer]- [Train] Epoch 39: Loss=3.3320e-01
[01-15 15:55:36|core.trainer]- [Train] Epoch 40: Loss=3.5430e-01
[01-15 15:55:38|core.trainer]- [Val] Epoch 40: Loss=1.0900e+00
[01-15 15:55:54|core.trainer]- [Train] Epoch 41: Loss=3.4374e-01
[01-15 15:56:11|core.trainer]- [Train] Epoch 42: Loss=3.3976e-01
[01-15 15:56:29|core.trainer]- [Train] Epoch 43: Loss=3.5737e-01
[01-15 15:56:45|core.trainer]- [Train] Epoch 44: Loss=3.3484e-01
[01-15 15:57:02|core.trainer]- [Train] Epoch 45: Loss=3.5103e-01
[01-15 15:57:20|core.trainer]- [Train] Epoch 46: Loss=3.3844e-01
[01-15 15:57:37|core.trainer]- [Train] Epoch 47: Loss=3.2059e-01
[01-15 15:57:53|core.trainer]- [Train] Epoch 48: Loss=3.3238e-01
[01-15 15:58:10|core.trainer]- [Train] Epoch 49: Loss=3.2734e-01
[01-15 15:58:28|core.trainer]- [Train] Epoch 50: Loss=3.3058e-01
[01-15 15:58:30|core.trainer]- [Val] Epoch 50: Loss=1.1228e+00
[01-15 15:58:47|core.trainer]- [Train] Epoch 51: Loss=3.4528e-01
[01-15 15:59:04|core.trainer]- [Train] Epoch 52: Loss=3.3263e-01
[01-15 15:59:21|core.trainer]- [Train] Epoch 53: Loss=3.3720e-01
[01-15 15:59:37|core.trainer]- [Train] Epoch 54: Loss=3.6484e-01
[01-15 15:59:54|core.trainer]- [Train] Epoch 55: Loss=3.2095e-01
[01-15 16:00:14|core.trainer]- [Train] Epoch 56: Loss=3.4717e-01
[01-15 16:00:32|core.trainer]- [Train] Epoch 57: Loss=3.4249e-01
[01-15 16:00:47|core.trainer]- [Train] Epoch 58: Loss=3.3595e-01
[01-15 16:01:03|core.trainer]- [Train] Epoch 59: Loss=3.1422e-01
[01-15 16:01:27|core.trainer]- [Train] Epoch 60: Loss=3.1091e-01
[01-15 16:01:30|core.trainer]- [Val] Epoch 60: Loss=1.0916e+00
[01-15 16:01:47|core.trainer]- [Train] Epoch 61: Loss=3.2172e-01
[01-15 16:02:04|core.trainer]- [Train] Epoch 62: Loss=3.1793e-01
[01-15 16:02:20|core.trainer]- [Train] Epoch 63: Loss=3.2740e-01
[01-15 16:02:38|core.trainer]- [Train] Epoch 64: Loss=3.3089e-01
[01-15 16:02:56|core.trainer]- [Train] Epoch 65: Loss=3.3119e-01
[01-15 16:03:12|core.trainer]- [Train] Epoch 66: Loss=3.2124e-01
[01-15 16:03:29|core.trainer]- [Train] Epoch 67: Loss=3.3384e-01
[01-15 16:03:44|core.trainer]- [Train] Epoch 68: Loss=3.2379e-01
[01-15 16:03:59|core.trainer]- [Train] Epoch 69: Loss=3.2011e-01
[01-15 16:04:20|core.trainer]- [Train] Epoch 70: Loss=3.3090e-01
[01-15 16:04:22|core.trainer]- [Val] Epoch 70: Loss=1.1014e+00
[01-15 16:04:48|core.trainer]- [Train] Epoch 71: Loss=3.2587e-01
[01-15 16:05:06|core.trainer]- [Train] Epoch 72: Loss=3.1449e-01
[01-15 16:05:21|core.trainer]- [Train] Epoch 73: Loss=3.4064e-01
[01-15 16:05:39|core.trainer]- [Train] Epoch 74: Loss=3.1830e-01
[01-15 16:05:55|core.trainer]- [Train] Epoch 75: Loss=3.2031e-01
[01-15 16:06:14|core.trainer]- [Train] Epoch 76: Loss=3.4850e-01
[01-15 16:06:30|core.trainer]- [Train] Epoch 77: Loss=3.1469e-01
[01-15 16:06:48|core.trainer]- [Train] Epoch 78: Loss=3.2037e-01
[01-15 16:07:04|core.trainer]- [Train] Epoch 79: Loss=3.2774e-01
[01-15 16:07:21|core.trainer]- [Train] Epoch 80: Loss=3.0686e-01
[01-15 16:07:24|core.trainer]- [Val] Epoch 80: Loss=1.0607e+00
[01-15 16:07:40|core.trainer]- [Train] Epoch 81: Loss=3.2053e-01
[01-15 16:07:56|core.trainer]- [Train] Epoch 82: Loss=3.2459e-01
[01-15 16:08:21|core.trainer]- [Train] Epoch 83: Loss=3.0170e-01
[01-15 16:08:39|core.trainer]- [Train] Epoch 84: Loss=3.3050e-01
[01-15 16:08:56|core.trainer]- [Train] Epoch 85: Loss=3.2844e-01
[01-15 16:09:13|core.trainer]- [Train] Epoch 86: Loss=3.1788e-01
[01-15 16:09:30|core.trainer]- [Train] Epoch 87: Loss=3.1972e-01
[01-15 16:09:46|core.trainer]- [Train] Epoch 88: Loss=3.1836e-01
[01-15 16:10:02|core.trainer]- [Train] Epoch 89: Loss=3.3431e-01
[01-15 16:10:21|core.trainer]- [Train] Epoch 90: Loss=3.1522e-01
[01-15 16:10:24|core.trainer]- [Val] Epoch 90: Loss=1.1206e+00
[01-15 16:10:41|core.trainer]- [Train] Epoch 91: Loss=3.1693e-01
[01-15 16:10:55|core.trainer]- [Train] Epoch 92: Loss=3.2862e-01
[01-15 16:11:09|core.trainer]- [Train] Epoch 93: Loss=3.0614e-01
[01-15 16:11:29|core.trainer]- [Train] Epoch 94: Loss=3.4154e-01
[01-15 16:11:46|core.trainer]- [Train] Epoch 95: Loss=3.0416e-01
[01-15 16:12:02|core.trainer]- [Train] Epoch 96: Loss=3.1307e-01
[01-15 16:12:16|core.trainer]- [Train] Epoch 97: Loss=3.0764e-01
[01-15 16:12:29|core.trainer]- [Train] Epoch 98: Loss=3.0608e-01
[01-15 16:12:45|core.trainer]- [Train] Epoch 99: Loss=3.4758e-01
[01-15 16:13:01|core.trainer]- [Train] Epoch 100: Loss=3.0203e-01
[01-15 16:13:04|core.trainer]- [Val] Epoch 100: Loss=1.0941e+00
[01-15 16:15:03|core.trainer]- Saved checkpoint to exps/eps6/ckpts/100.pth
[01-15 16:15:19|core.trainer]- [Train] Epoch 101: Loss=3.2428e-01
[01-15 16:15:35|core.trainer]- [Train] Epoch 102: Loss=3.3727e-01
[01-15 16:15:55|core.trainer]- [Train] Epoch 103: Loss=3.1623e-01
[01-15 16:16:11|core.trainer]- [Train] Epoch 104: Loss=3.1779e-01
[01-15 16:16:28|core.trainer]- [Train] Epoch 105: Loss=3.2572e-01
[01-15 16:16:51|core.trainer]- [Train] Epoch 106: Loss=3.1826e-01
[01-15 16:17:06|core.trainer]- [Train] Epoch 107: Loss=3.0834e-01
[01-15 16:17:39|core.trainer]- [Train] Epoch 108: Loss=3.1402e-01
[01-15 16:18:07|core.trainer]- [Train] Epoch 109: Loss=2.8892e-01
[01-15 16:18:28|core.trainer]- [Train] Epoch 110: Loss=3.0217e-01
[01-15 16:18:31|core.trainer]- [Val] Epoch 110: Loss=1.1466e+00
[01-15 16:18:47|core.trainer]- [Train] Epoch 111: Loss=3.3426e-01
[01-15 16:19:04|core.trainer]- [Train] Epoch 112: Loss=3.0918e-01
[01-15 16:19:21|core.trainer]- [Train] Epoch 113: Loss=2.9709e-01
[01-15 16:19:37|core.trainer]- [Train] Epoch 114: Loss=2.9819e-01
[01-15 16:19:53|core.trainer]- [Train] Epoch 115: Loss=3.1149e-01
[01-15 16:20:10|core.trainer]- [Train] Epoch 116: Loss=3.0788e-01
[01-15 16:20:28|core.trainer]- [Train] Epoch 117: Loss=2.9985e-01
[01-15 16:20:44|core.trainer]- [Train] Epoch 118: Loss=2.9497e-01
[01-15 16:21:01|core.trainer]- [Train] Epoch 119: Loss=3.0669e-01
[01-15 16:21:21|core.trainer]- [Train] Epoch 120: Loss=3.2137e-01
[01-15 16:21:26|core.trainer]- [Val] Epoch 120: Loss=1.1631e+00
[01-15 16:21:44|core.trainer]- [Train] Epoch 121: Loss=3.2102e-01
[01-15 16:22:01|core.trainer]- [Train] Epoch 122: Loss=3.0814e-01
[01-15 16:22:16|core.trainer]- [Train] Epoch 123: Loss=3.1037e-01
[01-15 16:22:33|core.trainer]- [Train] Epoch 124: Loss=3.0753e-01
[01-15 16:22:49|core.trainer]- [Train] Epoch 125: Loss=3.0601e-01
[01-15 16:23:07|core.trainer]- [Train] Epoch 126: Loss=3.0469e-01
[01-15 16:23:23|core.trainer]- [Train] Epoch 127: Loss=3.1540e-01
[01-15 16:23:39|core.trainer]- [Train] Epoch 128: Loss=2.8753e-01
[01-15 16:23:55|core.trainer]- [Train] Epoch 129: Loss=2.9980e-01
[01-15 16:24:13|core.trainer]- [Train] Epoch 130: Loss=2.9402e-01
[01-15 16:25:09|core.trainer]- [Val] Epoch 130: Loss=1.0312e+00
[01-15 16:27:04|core.trainer]- Saved checkpoint to exps/eps6/ckpts/best.pth
[01-15 16:27:22|core.trainer]- [Train] Epoch 131: Loss=3.0187e-01
[01-15 16:27:43|core.trainer]- [Train] Epoch 132: Loss=2.9252e-01
[01-15 16:28:07|core.trainer]- [Train] Epoch 133: Loss=3.1236e-01
[01-15 16:28:23|core.trainer]- [Train] Epoch 134: Loss=3.1416e-01
[01-15 16:28:41|core.trainer]- [Train] Epoch 135: Loss=3.1158e-01
[01-15 16:28:56|core.trainer]- [Train] Epoch 136: Loss=3.1891e-01
[01-15 16:29:14|core.trainer]- [Train] Epoch 137: Loss=3.0734e-01
[01-15 16:29:30|core.trainer]- [Train] Epoch 138: Loss=2.9694e-01
[01-15 16:29:46|core.trainer]- [Train] Epoch 139: Loss=2.9208e-01
[01-15 16:30:12|core.trainer]- [Train] Epoch 140: Loss=3.1286e-01
[01-15 16:30:16|core.trainer]- [Val] Epoch 140: Loss=1.0937e+00
[01-15 16:30:33|core.trainer]- [Train] Epoch 141: Loss=3.1433e-01
[01-15 16:30:49|core.trainer]- [Train] Epoch 142: Loss=3.2948e-01
[01-15 16:31:06|core.trainer]- [Train] Epoch 143: Loss=3.0186e-01
[01-15 16:31:21|core.trainer]- [Train] Epoch 144: Loss=2.9358e-01
[01-15 16:31:35|core.trainer]- [Train] Epoch 145: Loss=3.1146e-01
[01-15 16:31:52|core.trainer]- [Train] Epoch 146: Loss=3.0020e-01
[01-15 16:32:09|core.trainer]- [Train] Epoch 147: Loss=2.9246e-01
[01-15 16:32:25|core.trainer]- [Train] Epoch 148: Loss=3.0575e-01
[01-15 16:32:41|core.trainer]- [Train] Epoch 149: Loss=3.2114e-01
[01-15 16:32:59|core.trainer]- [Train] Epoch 150: Loss=3.0089e-01
[01-15 16:33:02|core.trainer]- [Val] Epoch 150: Loss=1.1067e+00
[01-15 16:33:19|core.trainer]- [Train] Epoch 151: Loss=3.0235e-01
[01-15 16:33:34|core.trainer]- [Train] Epoch 152: Loss=3.0469e-01
[01-15 16:33:50|core.trainer]- [Train] Epoch 153: Loss=3.1076e-01
[01-15 16:34:03|core.trainer]- [Train] Epoch 154: Loss=3.2850e-01
[01-15 16:34:18|core.trainer]- [Train] Epoch 155: Loss=3.1478e-01
[01-15 16:34:32|core.trainer]- [Train] Epoch 156: Loss=2.9563e-01
[01-15 16:34:48|core.trainer]- [Train] Epoch 157: Loss=3.1118e-01
[01-15 16:35:03|core.trainer]- [Train] Epoch 158: Loss=2.9425e-01
[01-15 16:35:17|core.trainer]- [Train] Epoch 159: Loss=2.9221e-01
[01-15 16:35:33|core.trainer]- [Train] Epoch 160: Loss=2.9103e-01
[01-15 16:35:36|core.trainer]- [Val] Epoch 160: Loss=1.1429e+00
[01-15 16:35:52|core.trainer]- [Train] Epoch 161: Loss=3.2505e-01
[01-15 16:36:08|core.trainer]- [Train] Epoch 162: Loss=3.1206e-01
[01-15 16:36:26|core.trainer]- [Train] Epoch 163: Loss=2.9216e-01
[01-15 16:36:42|core.trainer]- [Train] Epoch 164: Loss=3.0428e-01
[01-15 16:36:58|core.trainer]- [Train] Epoch 165: Loss=3.0157e-01
[01-15 16:37:21|core.trainer]- [Train] Epoch 166: Loss=3.0150e-01
[01-15 16:38:07|core.trainer]- [Train] Epoch 167: Loss=3.0496e-01
[01-15 16:38:30|core.trainer]- [Train] Epoch 168: Loss=2.9414e-01
[01-15 16:38:56|core.trainer]- [Train] Epoch 169: Loss=3.1898e-01
[01-15 16:39:16|core.trainer]- [Train] Epoch 170: Loss=3.0370e-01
[01-15 16:39:37|core.trainer]- [Val] Epoch 170: Loss=1.0306e+00
[01-15 16:41:46|core.trainer]- Saved checkpoint to exps/eps6/ckpts/best.pth
[01-15 16:42:04|core.trainer]- [Train] Epoch 171: Loss=2.9495e-01
[01-15 16:42:19|core.trainer]- [Train] Epoch 172: Loss=2.8704e-01
[01-15 16:42:35|core.trainer]- [Train] Epoch 173: Loss=3.2291e-01
[01-15 16:42:52|core.trainer]- [Train] Epoch 174: Loss=3.2916e-01
[01-15 16:43:06|core.trainer]- [Train] Epoch 175: Loss=3.0164e-01
[01-15 16:43:21|core.trainer]- [Train] Epoch 176: Loss=3.2194e-01
[01-15 16:43:37|core.trainer]- [Train] Epoch 177: Loss=3.2660e-01
[01-15 16:43:55|core.trainer]- [Train] Epoch 178: Loss=3.0070e-01
[01-15 16:44:11|core.trainer]- [Train] Epoch 179: Loss=3.1728e-01
[01-15 16:44:29|core.trainer]- [Train] Epoch 180: Loss=2.8597e-01
[01-15 16:44:33|core.trainer]- [Val] Epoch 180: Loss=1.1174e+00
[01-15 16:44:50|core.trainer]- [Train] Epoch 181: Loss=3.1375e-01
[01-15 16:45:08|core.trainer]- [Train] Epoch 182: Loss=3.1227e-01
[01-15 16:45:23|core.trainer]- [Train] Epoch 183: Loss=3.1390e-01
[01-15 16:45:41|core.trainer]- [Train] Epoch 184: Loss=3.1476e-01
[01-15 16:45:58|core.trainer]- [Train] Epoch 185: Loss=2.9598e-01
[01-15 16:46:15|core.trainer]- [Train] Epoch 186: Loss=3.0218e-01
[01-15 16:46:32|core.trainer]- [Train] Epoch 187: Loss=2.9825e-01
[01-15 16:46:49|core.trainer]- [Train] Epoch 188: Loss=3.2211e-01
[01-15 16:47:07|core.trainer]- [Train] Epoch 189: Loss=3.0805e-01
[01-15 16:47:25|core.trainer]- [Train] Epoch 190: Loss=2.9641e-01
[01-15 16:47:28|core.trainer]- [Val] Epoch 190: Loss=1.1207e+00
[01-15 16:47:44|core.trainer]- [Train] Epoch 191: Loss=2.8006e-01
[01-15 16:48:01|core.trainer]- [Train] Epoch 192: Loss=3.0907e-01
[01-15 16:48:17|core.trainer]- [Train] Epoch 193: Loss=3.1555e-01
[01-15 16:48:35|core.trainer]- [Train] Epoch 194: Loss=3.0394e-01
[01-15 16:48:52|core.trainer]- [Train] Epoch 195: Loss=2.7344e-01
[01-15 16:49:11|core.trainer]- [Train] Epoch 196: Loss=3.0257e-01
[01-15 16:49:29|core.trainer]- [Train] Epoch 197: Loss=3.1047e-01
[01-15 16:49:46|core.trainer]- [Train] Epoch 198: Loss=3.1394e-01
[01-15 16:50:04|core.trainer]- [Train] Epoch 199: Loss=3.1114e-01
[01-15 16:50:21|core.trainer]- [Train] Epoch 200: Loss=3.1889e-01
[01-15 16:50:24|core.trainer]- [Val] Epoch 200: Loss=1.1305e+00
[01-15 16:51:27|core.trainer]- Saved checkpoint to exps/eps6/ckpts/200.pth
[01-15 16:51:44|core.trainer]- [Train] Epoch 201: Loss=3.0171e-01
[01-15 16:52:02|core.trainer]- [Train] Epoch 202: Loss=3.1281e-01
[01-15 16:52:19|core.trainer]- [Train] Epoch 203: Loss=3.1373e-01
[01-15 16:52:34|core.trainer]- [Train] Epoch 204: Loss=2.9250e-01
[01-15 16:52:50|core.trainer]- [Train] Epoch 205: Loss=3.0553e-01
[01-15 16:53:07|core.trainer]- [Train] Epoch 206: Loss=3.0727e-01
[01-15 16:53:23|core.trainer]- [Train] Epoch 207: Loss=2.9873e-01
[01-15 16:53:40|core.trainer]- [Train] Epoch 208: Loss=3.0195e-01
[01-15 16:53:57|core.trainer]- [Train] Epoch 209: Loss=2.8866e-01
[01-15 16:54:15|core.trainer]- [Train] Epoch 210: Loss=3.1380e-01
[01-15 16:54:18|core.trainer]- [Val] Epoch 210: Loss=1.1001e+00
[01-15 16:54:35|core.trainer]- [Train] Epoch 211: Loss=3.0370e-01
[01-15 16:54:52|core.trainer]- [Train] Epoch 212: Loss=2.9592e-01
[01-15 16:55:08|core.trainer]- [Train] Epoch 213: Loss=2.9180e-01
[01-15 16:55:51|core.trainer]- [Train] Epoch 214: Loss=2.9327e-01
[01-15 16:56:07|core.trainer]- [Train] Epoch 215: Loss=3.0646e-01
[01-15 16:56:26|core.trainer]- [Train] Epoch 216: Loss=2.8736e-01
[01-15 16:56:43|core.trainer]- [Train] Epoch 217: Loss=2.9810e-01
[01-15 16:57:00|core.trainer]- [Train] Epoch 218: Loss=3.0355e-01
[01-15 16:57:20|core.trainer]- [Train] Epoch 219: Loss=3.1042e-01
[01-15 16:57:42|core.trainer]- [Train] Epoch 220: Loss=2.9170e-01
[01-15 16:57:49|core.trainer]- [Val] Epoch 220: Loss=1.0432e+00
[01-15 16:58:04|core.trainer]- [Train] Epoch 221: Loss=3.2427e-01
[01-15 16:58:18|core.trainer]- [Train] Epoch 222: Loss=3.1655e-01
[01-15 16:58:34|core.trainer]- [Train] Epoch 223: Loss=3.0476e-01
[01-15 16:58:50|core.trainer]- [Train] Epoch 224: Loss=2.7541e-01
[01-15 16:59:06|core.trainer]- [Train] Epoch 225: Loss=3.1910e-01
[01-15 16:59:19|core.trainer]- [Train] Epoch 226: Loss=2.8529e-01
[01-15 16:59:34|core.trainer]- [Train] Epoch 227: Loss=3.1745e-01
[01-15 16:59:50|core.trainer]- [Train] Epoch 228: Loss=3.1221e-01
[01-15 17:00:05|core.trainer]- [Train] Epoch 229: Loss=2.9967e-01
[01-15 17:00:23|core.trainer]- [Train] Epoch 230: Loss=2.9303e-01
[01-15 17:00:25|core.trainer]- [Val] Epoch 230: Loss=1.0713e+00
[01-15 17:00:43|core.trainer]- [Train] Epoch 231: Loss=2.9592e-01
[01-15 17:00:59|core.trainer]- [Train] Epoch 232: Loss=2.9381e-01
[01-15 17:01:17|core.trainer]- [Train] Epoch 233: Loss=2.9998e-01
[01-15 17:01:33|core.trainer]- [Train] Epoch 234: Loss=3.0387e-01
[01-15 17:01:50|core.trainer]- [Train] Epoch 235: Loss=2.9296e-01
[01-15 17:02:06|core.trainer]- [Train] Epoch 236: Loss=3.1151e-01
[01-15 17:02:23|core.trainer]- [Train] Epoch 237: Loss=3.1267e-01
[01-15 17:02:42|core.trainer]- [Train] Epoch 238: Loss=2.9684e-01
[01-15 17:02:58|core.trainer]- [Train] Epoch 239: Loss=2.8217e-01
[01-15 17:03:16|core.trainer]- [Train] Epoch 240: Loss=3.1229e-01
[01-15 17:03:18|core.trainer]- [Val] Epoch 240: Loss=1.1375e+00
[01-15 17:03:36|core.trainer]- [Train] Epoch 241: Loss=3.0102e-01
[01-15 17:03:54|core.trainer]- [Train] Epoch 242: Loss=2.8237e-01
[01-15 17:04:08|core.trainer]- [Train] Epoch 243: Loss=2.9354e-01
[01-15 17:04:23|core.trainer]- [Train] Epoch 244: Loss=3.0048e-01
[01-15 17:04:39|core.trainer]- [Train] Epoch 245: Loss=2.9156e-01
[01-15 17:04:56|core.trainer]- [Train] Epoch 246: Loss=3.0503e-01
[01-15 17:05:12|core.trainer]- [Train] Epoch 247: Loss=2.9514e-01
[01-15 17:05:28|core.trainer]- [Train] Epoch 248: Loss=3.0805e-01
[01-15 17:05:43|core.trainer]- [Train] Epoch 249: Loss=3.0877e-01
[01-15 17:06:01|core.trainer]- [Train] Epoch 250: Loss=3.1273e-01
[01-15 17:06:03|core.trainer]- [Val] Epoch 250: Loss=1.0508e+00
[01-15 17:06:20|core.trainer]- [Train] Epoch 251: Loss=2.9990e-01
[01-15 17:06:38|core.trainer]- [Train] Epoch 252: Loss=3.1747e-01
[01-15 17:06:56|core.trainer]- [Train] Epoch 253: Loss=3.1735e-01
[01-15 17:07:14|core.trainer]- [Train] Epoch 254: Loss=2.8370e-01
[01-15 17:07:32|core.trainer]- [Train] Epoch 255: Loss=2.8171e-01
[01-15 17:07:50|core.trainer]- [Train] Epoch 256: Loss=3.1386e-01
[01-15 17:08:07|core.trainer]- [Train] Epoch 257: Loss=2.9537e-01
[01-15 17:08:25|core.trainer]- [Train] Epoch 258: Loss=2.8602e-01
[01-15 17:08:42|core.trainer]- [Train] Epoch 259: Loss=3.0533e-01
[01-15 17:09:04|core.trainer]- [Train] Epoch 260: Loss=2.8285e-01
[01-15 17:09:10|core.trainer]- [Val] Epoch 260: Loss=1.1178e+00
[01-15 17:09:31|core.trainer]- [Train] Epoch 261: Loss=2.8603e-01
[01-15 17:10:02|core.trainer]- [Train] Epoch 262: Loss=2.9403e-01
[01-15 17:10:18|core.trainer]- [Train] Epoch 263: Loss=3.0141e-01
[01-15 17:10:36|core.trainer]- [Train] Epoch 264: Loss=2.8607e-01
[01-15 17:10:53|core.trainer]- [Train] Epoch 265: Loss=3.0132e-01
[01-15 17:11:10|core.trainer]- [Train] Epoch 266: Loss=2.7470e-01
[01-15 17:11:29|core.trainer]- [Train] Epoch 267: Loss=2.8210e-01
[01-15 17:11:47|core.trainer]- [Train] Epoch 268: Loss=3.0770e-01
[01-15 17:12:04|core.trainer]- [Train] Epoch 269: Loss=2.9689e-01
[01-15 17:12:20|core.trainer]- [Train] Epoch 270: Loss=3.0422e-01
[01-15 17:12:22|core.trainer]- [Val] Epoch 270: Loss=1.1566e+00
[01-15 17:12:39|core.trainer]- [Train] Epoch 271: Loss=2.9356e-01
[01-15 17:12:55|core.trainer]- [Train] Epoch 272: Loss=3.0566e-01
[01-15 17:13:11|core.trainer]- [Train] Epoch 273: Loss=2.8109e-01
[01-15 17:13:27|core.trainer]- [Train] Epoch 274: Loss=2.9120e-01
[01-15 17:13:43|core.trainer]- [Train] Epoch 275: Loss=2.8790e-01
[01-15 17:14:00|core.trainer]- [Train] Epoch 276: Loss=2.8502e-01
[01-15 17:14:17|core.trainer]- [Train] Epoch 277: Loss=2.8046e-01
[01-15 17:14:35|core.trainer]- [Train] Epoch 278: Loss=3.0345e-01
[01-15 17:14:51|core.trainer]- [Train] Epoch 279: Loss=3.0070e-01
[01-15 17:15:07|core.trainer]- [Train] Epoch 280: Loss=2.9066e-01
[01-15 17:15:09|core.trainer]- [Val] Epoch 280: Loss=1.0680e+00
[01-15 17:15:27|core.trainer]- [Train] Epoch 281: Loss=2.9358e-01
[01-15 17:15:43|core.trainer]- [Train] Epoch 282: Loss=2.7213e-01
[01-15 17:16:00|core.trainer]- [Train] Epoch 283: Loss=2.8562e-01
[01-15 17:16:28|core.trainer]- [Train] Epoch 284: Loss=2.9597e-01
[01-15 17:16:53|core.trainer]- [Train] Epoch 285: Loss=2.8888e-01
[01-15 17:17:08|core.trainer]- [Train] Epoch 286: Loss=2.8870e-01
[01-15 17:17:23|core.trainer]- [Train] Epoch 287: Loss=3.0354e-01
[01-15 17:17:41|core.trainer]- [Train] Epoch 288: Loss=2.9851e-01
[01-15 17:17:58|core.trainer]- [Train] Epoch 289: Loss=3.0243e-01
[01-15 17:18:18|core.trainer]- [Train] Epoch 290: Loss=2.8970e-01
[01-15 17:18:21|core.trainer]- [Val] Epoch 290: Loss=1.0433e+00
[01-15 17:18:37|core.trainer]- [Train] Epoch 291: Loss=2.8749e-01
[01-15 17:18:54|core.trainer]- [Train] Epoch 292: Loss=2.9026e-01
[01-15 17:19:09|core.trainer]- [Train] Epoch 293: Loss=3.0949e-01
[01-15 17:19:26|core.trainer]- [Train] Epoch 294: Loss=2.9462e-01
[01-15 17:19:43|core.trainer]- [Train] Epoch 295: Loss=2.8085e-01
[01-15 17:19:56|core.trainer]- [Train] Epoch 296: Loss=2.8015e-01
[01-15 17:20:14|core.trainer]- [Train] Epoch 297: Loss=2.9683e-01
[01-15 17:20:29|core.trainer]- [Train] Epoch 298: Loss=3.0428e-01
[01-15 17:20:46|core.trainer]- [Train] Epoch 299: Loss=2.7463e-01
[01-15 17:21:05|core.trainer]- [Train] Epoch 300: Loss=2.9630e-01
[01-15 17:21:07|core.trainer]- [Val] Epoch 300: Loss=1.1500e+00
[01-15 17:23:35|core.trainer]- Saved checkpoint to exps/eps6/ckpts/300.pth
[01-15 17:23:49|core.trainer]- [Train] Epoch 301: Loss=2.8247e-01
[01-15 17:24:04|core.trainer]- [Train] Epoch 302: Loss=2.9289e-01
[01-15 17:24:19|core.trainer]- [Train] Epoch 303: Loss=3.1540e-01
[01-15 17:24:33|core.trainer]- [Train] Epoch 304: Loss=2.9666e-01
[01-15 17:25:00|core.trainer]- [Train] Epoch 305: Loss=2.9409e-01
[01-15 17:25:26|core.trainer]- [Train] Epoch 306: Loss=2.8974e-01
[01-15 17:25:42|core.trainer]- [Train] Epoch 307: Loss=2.7964e-01
[01-15 17:25:59|core.trainer]- [Train] Epoch 308: Loss=2.8539e-01
[01-15 17:26:15|core.trainer]- [Train] Epoch 309: Loss=2.9178e-01
[01-15 17:26:33|core.trainer]- [Train] Epoch 310: Loss=3.0429e-01
[01-15 17:26:37|core.trainer]- [Val] Epoch 310: Loss=1.0699e+00
[01-15 17:26:53|core.trainer]- [Train] Epoch 311: Loss=2.7401e-01
[01-15 17:27:08|core.trainer]- [Train] Epoch 312: Loss=2.8486e-01
[01-15 17:27:36|core.trainer]- [Train] Epoch 313: Loss=2.8131e-01
[01-15 17:27:59|core.trainer]- [Train] Epoch 314: Loss=2.7898e-01
[01-15 17:28:15|core.trainer]- [Train] Epoch 315: Loss=2.8357e-01
[01-15 17:28:31|core.trainer]- [Train] Epoch 316: Loss=2.8720e-01
[01-15 17:28:47|core.trainer]- [Train] Epoch 317: Loss=2.7094e-01
[01-15 17:29:02|core.trainer]- [Train] Epoch 318: Loss=3.0166e-01
[01-15 17:29:19|core.trainer]- [Train] Epoch 319: Loss=2.8407e-01
[01-15 17:29:36|core.trainer]- [Train] Epoch 320: Loss=2.7044e-01
[01-15 17:29:39|core.trainer]- [Val] Epoch 320: Loss=1.0009e+00
[01-15 17:33:11|core.trainer]- Saved checkpoint to exps/eps6/ckpts/best.pth
[01-15 17:33:29|core.trainer]- [Train] Epoch 321: Loss=2.8094e-01
[01-15 17:33:47|core.trainer]- [Train] Epoch 322: Loss=2.9178e-01
[01-15 17:34:05|core.trainer]- [Train] Epoch 323: Loss=2.8896e-01
[01-15 17:34:22|core.trainer]- [Train] Epoch 324: Loss=2.6078e-01
[01-15 17:34:39|core.trainer]- [Train] Epoch 325: Loss=3.1732e-01
[01-15 17:34:54|core.trainer]- [Train] Epoch 326: Loss=2.8646e-01
[01-15 17:35:08|core.trainer]- [Train] Epoch 327: Loss=2.8548e-01
[01-15 17:35:26|core.trainer]- [Train] Epoch 328: Loss=2.8071e-01
[01-15 17:35:55|core.trainer]- [Train] Epoch 329: Loss=2.9861e-01
[01-15 17:36:16|core.trainer]- [Train] Epoch 330: Loss=2.9209e-01
[01-15 17:36:28|core.trainer]- [Val] Epoch 330: Loss=1.1584e+00
[01-15 17:36:45|core.trainer]- [Train] Epoch 331: Loss=2.8392e-01
[01-15 17:37:02|core.trainer]- [Train] Epoch 332: Loss=2.7017e-01
[01-15 17:37:13|core.trainer]- [Train] Epoch 333: Loss=3.1206e-01
[01-15 17:37:31|core.trainer]- [Train] Epoch 334: Loss=2.9678e-01
[01-15 17:37:49|core.trainer]- [Train] Epoch 335: Loss=3.1028e-01
[01-15 17:38:06|core.trainer]- [Train] Epoch 336: Loss=2.9831e-01
[01-15 17:38:24|core.trainer]- [Train] Epoch 337: Loss=2.9364e-01
[01-15 17:38:41|core.trainer]- [Train] Epoch 338: Loss=2.8903e-01
[01-15 17:38:56|core.trainer]- [Train] Epoch 339: Loss=3.0202e-01
[01-15 17:39:13|core.trainer]- [Train] Epoch 340: Loss=2.9799e-01
[01-15 17:39:16|core.trainer]- [Val] Epoch 340: Loss=1.1427e+00
[01-15 17:39:31|core.trainer]- [Train] Epoch 341: Loss=3.0068e-01
[01-15 17:39:48|core.trainer]- [Train] Epoch 342: Loss=2.8680e-01
[01-15 17:40:06|core.trainer]- [Train] Epoch 343: Loss=2.8891e-01
[01-15 17:40:20|core.trainer]- [Train] Epoch 344: Loss=2.8510e-01
[01-15 17:40:38|core.trainer]- [Train] Epoch 345: Loss=2.7164e-01
[01-15 17:40:54|core.trainer]- [Train] Epoch 346: Loss=2.8730e-01
[01-15 17:41:10|core.trainer]- [Train] Epoch 347: Loss=2.9010e-01
[01-15 17:41:26|core.trainer]- [Train] Epoch 348: Loss=2.8119e-01
[01-15 17:41:42|core.trainer]- [Train] Epoch 349: Loss=2.7825e-01
[01-15 17:42:04|core.trainer]- [Train] Epoch 350: Loss=3.0044e-01
[01-15 17:42:06|core.trainer]- [Val] Epoch 350: Loss=1.0739e+00
[01-15 17:42:21|core.trainer]- [Train] Epoch 351: Loss=2.7362e-01
[01-15 17:42:38|core.trainer]- [Train] Epoch 352: Loss=2.9361e-01
[01-15 17:42:56|core.trainer]- [Train] Epoch 353: Loss=2.7428e-01
[01-15 17:43:12|core.trainer]- [Train] Epoch 354: Loss=2.7264e-01
[01-15 17:43:30|core.trainer]- [Train] Epoch 355: Loss=2.7297e-01
[01-15 17:43:46|core.trainer]- [Train] Epoch 356: Loss=2.6678e-01
[01-15 17:44:00|core.trainer]- [Train] Epoch 357: Loss=2.8693e-01
[01-15 17:44:16|core.trainer]- [Train] Epoch 358: Loss=2.7532e-01
[01-15 17:44:30|core.trainer]- [Train] Epoch 359: Loss=2.8190e-01
[01-15 17:44:47|core.trainer]- [Train] Epoch 360: Loss=2.8498e-01
[01-15 17:44:50|core.trainer]- [Val] Epoch 360: Loss=1.0806e+00
[01-15 17:45:07|core.trainer]- [Train] Epoch 361: Loss=2.9239e-01
[01-15 17:45:24|core.trainer]- [Train] Epoch 362: Loss=2.6379e-01
[01-15 17:45:39|core.trainer]- [Train] Epoch 363: Loss=2.7757e-01
[01-15 17:45:55|core.trainer]- [Train] Epoch 364: Loss=2.9433e-01
[01-15 17:46:12|core.trainer]- [Train] Epoch 365: Loss=2.8139e-01
[01-15 17:46:30|core.trainer]- [Train] Epoch 366: Loss=2.9753e-01
[01-15 17:46:58|core.trainer]- [Train] Epoch 367: Loss=2.7643e-01
[01-15 17:47:14|core.trainer]- [Train] Epoch 368: Loss=2.8419e-01
[01-15 17:47:32|core.trainer]- [Train] Epoch 369: Loss=2.7826e-01
[01-15 17:48:21|core.trainer]- [Train] Epoch 370: Loss=2.9448e-01
[01-15 17:48:23|core.trainer]- [Val] Epoch 370: Loss=1.0949e+00
[01-15 17:48:38|core.trainer]- [Train] Epoch 371: Loss=2.7637e-01
[01-15 17:48:53|core.trainer]- [Train] Epoch 372: Loss=2.6938e-01
[01-15 17:49:08|core.trainer]- [Train] Epoch 373: Loss=2.7062e-01
[01-15 17:49:21|core.trainer]- [Train] Epoch 374: Loss=2.6798e-01
[01-15 17:49:36|core.trainer]- [Train] Epoch 375: Loss=2.9437e-01
[01-15 17:49:55|core.trainer]- [Train] Epoch 376: Loss=2.7898e-01
[01-15 17:50:13|core.trainer]- [Train] Epoch 377: Loss=2.8001e-01
[01-15 17:50:31|core.trainer]- [Train] Epoch 378: Loss=2.8761e-01
[01-15 17:50:48|core.trainer]- [Train] Epoch 379: Loss=2.9032e-01
[01-15 17:51:07|core.trainer]- [Train] Epoch 380: Loss=2.7675e-01
[01-15 17:51:10|core.trainer]- [Val] Epoch 380: Loss=1.0596e+00
[01-15 17:51:26|core.trainer]- [Train] Epoch 381: Loss=2.6790e-01
[01-15 17:51:44|core.trainer]- [Train] Epoch 382: Loss=2.8641e-01
[01-15 17:52:31|core.trainer]- [Train] Epoch 383: Loss=2.5312e-01
[01-15 17:52:48|core.trainer]- [Train] Epoch 384: Loss=2.7484e-01
[01-15 17:53:04|core.trainer]- [Train] Epoch 385: Loss=2.8048e-01
[01-15 17:53:20|core.trainer]- [Train] Epoch 386: Loss=2.8272e-01
[01-15 17:53:37|core.trainer]- [Train] Epoch 387: Loss=2.6969e-01
[01-15 17:53:55|core.trainer]- [Train] Epoch 388: Loss=2.6442e-01
[01-15 17:54:11|core.trainer]- [Train] Epoch 389: Loss=2.7167e-01
[01-15 17:54:31|core.trainer]- [Train] Epoch 390: Loss=2.9414e-01
[01-15 17:54:33|core.trainer]- [Val] Epoch 390: Loss=1.0478e+00
[01-15 17:54:49|core.trainer]- [Train] Epoch 391: Loss=2.7836e-01
[01-15 17:55:07|core.trainer]- [Train] Epoch 392: Loss=2.7364e-01
[01-15 17:55:22|core.trainer]- [Train] Epoch 393: Loss=2.8509e-01
[01-15 17:55:40|core.trainer]- [Train] Epoch 394: Loss=2.6975e-01
[01-15 17:55:57|core.trainer]- [Train] Epoch 395: Loss=2.6940e-01
[01-15 17:56:14|core.trainer]- [Train] Epoch 396: Loss=2.5699e-01
[01-15 17:56:31|core.trainer]- [Train] Epoch 397: Loss=2.7788e-01
[01-15 17:56:47|core.trainer]- [Train] Epoch 398: Loss=2.9077e-01
[01-15 17:57:02|core.trainer]- [Train] Epoch 399: Loss=2.6153e-01
[01-15 17:57:22|core.trainer]- [Train] Epoch 400: Loss=2.8266e-01
[01-15 17:57:39|core.trainer]- [Val] Epoch 400: Loss=1.1430e+00
[01-15 17:58:38|core.trainer]- Saved checkpoint to exps/eps6/ckpts/400.pth
[01-15 17:58:55|core.trainer]- [Train] Epoch 401: Loss=2.6379e-01
[01-15 17:59:13|core.trainer]- [Train] Epoch 402: Loss=2.6770e-01
[01-15 17:59:30|core.trainer]- [Train] Epoch 403: Loss=2.8477e-01
[01-15 17:59:47|core.trainer]- [Train] Epoch 404: Loss=2.8912e-01
[01-15 18:00:05|core.trainer]- [Train] Epoch 405: Loss=2.7785e-01
[01-15 18:00:22|core.trainer]- [Train] Epoch 406: Loss=2.6501e-01
[01-15 18:00:40|core.trainer]- [Train] Epoch 407: Loss=2.6749e-01
[01-15 18:00:53|core.trainer]- [Train] Epoch 408: Loss=2.7009e-01
[01-15 18:01:06|core.trainer]- [Train] Epoch 409: Loss=2.7370e-01
[01-15 18:01:22|core.trainer]- [Train] Epoch 410: Loss=3.0273e-01
[01-15 18:01:25|core.trainer]- [Val] Epoch 410: Loss=1.0126e+00
[01-15 18:01:42|core.trainer]- [Train] Epoch 411: Loss=2.6878e-01
[01-15 18:01:59|core.trainer]- [Train] Epoch 412: Loss=2.7282e-01
[01-15 18:02:16|core.trainer]- [Train] Epoch 413: Loss=2.5166e-01
[01-15 18:02:34|core.trainer]- [Train] Epoch 414: Loss=2.7124e-01
[01-15 18:02:50|core.trainer]- [Train] Epoch 415: Loss=2.6372e-01
[01-15 18:03:06|core.trainer]- [Train] Epoch 416: Loss=2.6906e-01
[01-15 18:03:23|core.trainer]- [Train] Epoch 417: Loss=2.8292e-01
[01-15 18:03:41|core.trainer]- [Train] Epoch 418: Loss=2.8820e-01
[01-15 18:03:57|core.trainer]- [Train] Epoch 419: Loss=2.5508e-01
[01-15 18:04:17|core.trainer]- [Train] Epoch 420: Loss=2.5169e-01
[01-15 18:04:29|core.trainer]- [Val] Epoch 420: Loss=1.0497e+00
[01-15 18:04:47|core.trainer]- [Train] Epoch 421: Loss=2.5853e-01
[01-15 18:05:05|core.trainer]- [Train] Epoch 422: Loss=2.6558e-01
[01-15 18:05:22|core.trainer]- [Train] Epoch 423: Loss=2.7377e-01
[01-15 18:05:39|core.trainer]- [Train] Epoch 424: Loss=2.5563e-01
[01-15 18:05:55|core.trainer]- [Train] Epoch 425: Loss=2.6184e-01
[01-15 18:06:13|core.trainer]- [Train] Epoch 426: Loss=2.5779e-01
[01-15 18:06:29|core.trainer]- [Train] Epoch 427: Loss=2.7839e-01
[01-15 18:06:46|core.trainer]- [Train] Epoch 428: Loss=2.5151e-01
[01-15 18:07:03|core.trainer]- [Train] Epoch 429: Loss=2.6144e-01
[01-15 18:07:56|core.trainer]- [Train] Epoch 430: Loss=2.6975e-01
[01-15 18:07:59|core.trainer]- [Val] Epoch 430: Loss=1.0699e+00
[01-15 18:08:13|core.trainer]- [Train] Epoch 431: Loss=2.7517e-01
[01-15 18:08:29|core.trainer]- [Train] Epoch 432: Loss=2.6237e-01
[01-15 18:08:47|core.trainer]- [Train] Epoch 433: Loss=2.7373e-01
[01-15 18:09:06|core.trainer]- [Train] Epoch 434: Loss=2.5019e-01
[01-15 18:09:20|core.trainer]- [Train] Epoch 435: Loss=2.7369e-01
[01-15 18:09:37|core.trainer]- [Train] Epoch 436: Loss=2.6713e-01
[01-15 18:09:59|core.trainer]- [Train] Epoch 437: Loss=2.6565e-01
[01-15 18:10:17|core.trainer]- [Train] Epoch 438: Loss=2.7256e-01
[01-15 18:10:34|core.trainer]- [Train] Epoch 439: Loss=2.6496e-01
[01-15 18:10:55|core.trainer]- [Train] Epoch 440: Loss=2.6479e-01
[01-15 18:10:58|core.trainer]- [Val] Epoch 440: Loss=1.0261e+00
[01-15 18:11:16|core.trainer]- [Train] Epoch 441: Loss=2.7932e-01
[01-15 18:11:34|core.trainer]- [Train] Epoch 442: Loss=2.5639e-01
[01-15 18:11:49|core.trainer]- [Train] Epoch 443: Loss=2.6300e-01
[01-15 18:12:23|core.trainer]- [Train] Epoch 444: Loss=2.5943e-01
[01-15 18:12:41|core.trainer]- [Train] Epoch 445: Loss=2.6526e-01
[01-15 18:13:04|core.trainer]- [Train] Epoch 446: Loss=2.5950e-01
[01-15 18:13:55|core.trainer]- [Train] Epoch 447: Loss=2.7987e-01
[01-15 18:14:38|core.trainer]- [Train] Epoch 448: Loss=2.7579e-01
[01-15 18:14:55|core.trainer]- [Train] Epoch 449: Loss=2.4708e-01
[01-15 18:15:17|core.trainer]- [Train] Epoch 450: Loss=2.7579e-01
[01-15 18:16:13|core.trainer]- [Val] Epoch 450: Loss=1.0618e+00
[01-15 18:16:30|core.trainer]- [Train] Epoch 451: Loss=2.7101e-01
[01-15 18:16:47|core.trainer]- [Train] Epoch 452: Loss=2.5523e-01
[01-15 18:17:02|core.trainer]- [Train] Epoch 453: Loss=2.6797e-01
[01-15 18:17:20|core.trainer]- [Train] Epoch 454: Loss=2.6350e-01
[01-15 18:17:36|core.trainer]- [Train] Epoch 455: Loss=2.6156e-01
[01-15 18:17:53|core.trainer]- [Train] Epoch 456: Loss=2.6610e-01
[01-15 18:18:11|core.trainer]- [Train] Epoch 457: Loss=2.4635e-01
[01-15 18:18:28|core.trainer]- [Train] Epoch 458: Loss=2.5951e-01
[01-15 18:18:45|core.trainer]- [Train] Epoch 459: Loss=2.7095e-01
[01-15 18:19:03|core.trainer]- [Train] Epoch 460: Loss=2.5429e-01
[01-15 18:19:06|core.trainer]- [Val] Epoch 460: Loss=1.1334e+00
[01-15 18:19:22|core.trainer]- [Train] Epoch 461: Loss=2.6063e-01
[01-15 18:19:40|core.trainer]- [Train] Epoch 462: Loss=2.4997e-01
[01-15 18:19:57|core.trainer]- [Train] Epoch 463: Loss=2.5285e-01
[01-15 18:20:14|core.trainer]- [Train] Epoch 464: Loss=2.6095e-01
[01-15 18:20:37|core.trainer]- [Train] Epoch 465: Loss=2.4594e-01
[01-15 18:21:36|core.trainer]- [Train] Epoch 466: Loss=2.6473e-01
[01-15 18:22:55|core.trainer]- [Train] Epoch 467: Loss=2.4934e-01
[01-15 18:23:14|core.trainer]- [Train] Epoch 468: Loss=2.5941e-01
[01-15 18:23:29|core.trainer]- [Train] Epoch 469: Loss=2.5901e-01
[01-15 18:23:48|core.trainer]- [Train] Epoch 470: Loss=2.6880e-01
[01-15 18:23:51|core.trainer]- [Val] Epoch 470: Loss=1.1115e+00
[01-15 18:24:09|core.trainer]- [Train] Epoch 471: Loss=2.6429e-01
[01-15 18:24:26|core.trainer]- [Train] Epoch 472: Loss=2.5141e-01
[01-15 18:24:44|core.trainer]- [Train] Epoch 473: Loss=2.3512e-01
[01-15 18:25:00|core.trainer]- [Train] Epoch 474: Loss=2.5028e-01
[01-15 18:25:23|core.trainer]- [Train] Epoch 475: Loss=2.4061e-01
[01-15 18:25:48|core.trainer]- [Train] Epoch 476: Loss=2.5177e-01
[01-15 18:26:06|core.trainer]- [Train] Epoch 477: Loss=2.4479e-01
[01-15 18:26:23|core.trainer]- [Train] Epoch 478: Loss=2.6113e-01
[01-15 18:26:39|core.trainer]- [Train] Epoch 479: Loss=2.3686e-01
[01-15 18:26:58|core.trainer]- [Train] Epoch 480: Loss=2.6560e-01
[01-15 18:27:02|core.trainer]- [Val] Epoch 480: Loss=1.0953e+00
[01-15 18:27:19|core.trainer]- [Train] Epoch 481: Loss=2.5206e-01
[01-15 18:27:36|core.trainer]- [Train] Epoch 482: Loss=2.4744e-01
[01-15 18:27:51|core.trainer]- [Train] Epoch 483: Loss=2.5112e-01
[01-15 18:28:09|core.trainer]- [Train] Epoch 484: Loss=2.3921e-01
[01-15 18:28:24|core.trainer]- [Train] Epoch 485: Loss=2.6295e-01
[01-15 18:28:41|core.trainer]- [Train] Epoch 486: Loss=2.4854e-01
[01-15 18:28:58|core.trainer]- [Train] Epoch 487: Loss=2.4393e-01
[01-15 18:29:16|core.trainer]- [Train] Epoch 488: Loss=2.4825e-01
[01-15 18:29:33|core.trainer]- [Train] Epoch 489: Loss=2.6066e-01
[01-15 18:30:18|core.trainer]- [Train] Epoch 490: Loss=2.5068e-01
[01-15 18:30:22|core.trainer]- [Val] Epoch 490: Loss=1.0895e+00
[01-15 18:30:40|core.trainer]- [Train] Epoch 491: Loss=2.5380e-01
[01-15 18:30:58|core.trainer]- [Train] Epoch 492: Loss=2.6219e-01
[01-15 18:31:22|core.trainer]- [Train] Epoch 493: Loss=2.6288e-01
[01-15 18:33:24|core.trainer]- [Train] Epoch 494: Loss=2.6496e-01
[01-15 18:33:51|core.trainer]- [Train] Epoch 495: Loss=2.4732e-01
[01-15 18:34:08|core.trainer]- [Train] Epoch 496: Loss=2.5103e-01
[01-15 18:34:25|core.trainer]- [Train] Epoch 497: Loss=2.4756e-01
[01-15 18:34:43|core.trainer]- [Train] Epoch 498: Loss=2.4365e-01
[01-15 18:35:00|core.trainer]- [Train] Epoch 499: Loss=2.3153e-01
[01-15 18:35:22|core.trainer]- [Train] Epoch 500: Loss=2.5117e-01
[01-15 18:35:24|core.trainer]- [Val] Epoch 500: Loss=1.0642e+00
[01-15 18:46:36|core.trainer]- Saved checkpoint to exps/eps6/ckpts/500.pth
[01-15 18:46:57|core.trainer]- [Train] Epoch 501: Loss=2.5122e-01
[01-15 18:47:16|core.trainer]- [Train] Epoch 502: Loss=2.3857e-01
[01-15 18:47:33|core.trainer]- [Train] Epoch 503: Loss=2.6178e-01
[01-15 18:47:50|core.trainer]- [Train] Epoch 504: Loss=2.4615e-01
[01-15 18:48:08|core.trainer]- [Train] Epoch 505: Loss=2.1711e-01
[01-15 18:48:24|core.trainer]- [Train] Epoch 506: Loss=2.5533e-01
[01-15 18:48:58|core.trainer]- [Train] Epoch 507: Loss=2.6781e-01
[01-15 18:49:14|core.trainer]- [Train] Epoch 508: Loss=2.1575e-01
[01-15 18:49:32|core.trainer]- [Train] Epoch 509: Loss=2.4844e-01
[01-15 18:51:25|core.trainer]- [Train] Epoch 510: Loss=2.3058e-01
[01-15 18:51:27|core.trainer]- [Val] Epoch 510: Loss=1.0899e+00
[01-15 18:51:47|core.trainer]- [Train] Epoch 511: Loss=2.3433e-01
[01-15 18:52:05|core.trainer]- [Train] Epoch 512: Loss=2.6000e-01
[01-15 18:52:59|core.trainer]- [Train] Epoch 513: Loss=2.4795e-01
[01-15 18:53:17|core.trainer]- [Train] Epoch 514: Loss=2.4494e-01
[01-15 18:53:35|core.trainer]- [Train] Epoch 515: Loss=2.6105e-01
[01-15 18:53:49|core.trainer]- [Train] Epoch 516: Loss=2.4519e-01
[01-15 18:54:03|core.trainer]- [Train] Epoch 517: Loss=2.4616e-01
[01-15 18:54:17|core.trainer]- [Train] Epoch 518: Loss=2.4386e-01
[01-15 18:54:35|core.trainer]- [Train] Epoch 519: Loss=2.5066e-01
[01-15 18:56:50|core.trainer]- [Train] Epoch 520: Loss=2.4685e-01
[01-15 18:56:54|core.trainer]- [Val] Epoch 520: Loss=9.9673e-01
[01-15 19:04:48|core.trainer]- Saved checkpoint to exps/eps6/ckpts/best.pth
[01-15 19:05:05|core.trainer]- [Train] Epoch 521: Loss=2.3161e-01
[01-15 19:05:21|core.trainer]- [Train] Epoch 522: Loss=2.3234e-01
[01-15 19:05:37|core.trainer]- [Train] Epoch 523: Loss=2.6439e-01
[01-15 19:05:53|core.trainer]- [Train] Epoch 524: Loss=2.5588e-01
[01-15 19:06:13|core.trainer]- [Train] Epoch 525: Loss=2.4555e-01
[01-15 19:06:29|core.trainer]- [Train] Epoch 526: Loss=2.4805e-01
[01-15 19:06:48|core.trainer]- [Train] Epoch 527: Loss=2.4647e-01
[01-15 19:07:04|core.trainer]- [Train] Epoch 528: Loss=2.4284e-01
[01-15 19:07:18|core.trainer]- [Train] Epoch 529: Loss=2.4246e-01
[01-15 19:08:47|core.trainer]- [Train] Epoch 530: Loss=2.5408e-01
[01-15 19:08:50|core.trainer]- [Val] Epoch 530: Loss=1.1404e+00
[01-15 19:09:04|core.trainer]- [Train] Epoch 531: Loss=2.2884e-01
[01-15 19:09:21|core.trainer]- [Train] Epoch 532: Loss=2.3795e-01
[01-15 19:09:38|core.trainer]- [Train] Epoch 533: Loss=2.4806e-01
[01-15 19:09:59|core.trainer]- [Train] Epoch 534: Loss=2.3447e-01
[01-15 19:10:17|core.trainer]- [Train] Epoch 535: Loss=2.2694e-01
[01-15 19:10:34|core.trainer]- [Train] Epoch 536: Loss=2.3673e-01
[01-15 19:11:03|core.trainer]- [Train] Epoch 537: Loss=2.4055e-01
[01-15 19:11:19|core.trainer]- [Train] Epoch 538: Loss=2.3893e-01
[01-15 19:11:38|core.trainer]- [Train] Epoch 539: Loss=2.4759e-01
[01-15 19:12:00|core.trainer]- [Train] Epoch 540: Loss=2.4653e-01
[01-15 19:12:04|core.trainer]- [Val] Epoch 540: Loss=1.1386e+00
[01-15 19:12:20|core.trainer]- [Train] Epoch 541: Loss=2.6575e-01
[01-15 19:12:37|core.trainer]- [Train] Epoch 542: Loss=2.3793e-01
[01-15 19:12:53|core.trainer]- [Train] Epoch 543: Loss=2.6134e-01
[01-15 19:13:17|core.trainer]- [Train] Epoch 544: Loss=2.5272e-01
[01-15 19:13:51|core.trainer]- [Train] Epoch 545: Loss=2.5407e-01
[01-15 19:14:05|core.trainer]- [Train] Epoch 546: Loss=2.3334e-01
[01-15 19:14:21|core.trainer]- [Train] Epoch 547: Loss=2.3984e-01
[01-15 19:14:37|core.trainer]- [Train] Epoch 548: Loss=2.4280e-01
[01-15 19:14:53|core.trainer]- [Train] Epoch 549: Loss=2.4361e-01
[01-15 19:15:10|core.trainer]- [Train] Epoch 550: Loss=2.6550e-01
[01-15 19:15:13|core.trainer]- [Val] Epoch 550: Loss=1.0959e+00
[01-15 19:15:31|core.trainer]- [Train] Epoch 551: Loss=2.5285e-01
[01-15 19:15:49|core.trainer]- [Train] Epoch 552: Loss=2.5919e-01
[01-15 19:16:04|core.trainer]- [Train] Epoch 553: Loss=2.3019e-01
[01-15 19:16:20|core.trainer]- [Train] Epoch 554: Loss=2.4518e-01
[01-15 19:16:36|core.trainer]- [Train] Epoch 555: Loss=2.5554e-01
[01-15 19:16:52|core.trainer]- [Train] Epoch 556: Loss=2.5103e-01
[01-15 19:17:09|core.trainer]- [Train] Epoch 557: Loss=2.4184e-01
[01-15 19:17:25|core.trainer]- [Train] Epoch 558: Loss=2.6078e-01
[01-15 19:17:40|core.trainer]- [Train] Epoch 559: Loss=2.3090e-01
[01-15 19:18:09|core.trainer]- [Train] Epoch 560: Loss=2.3335e-01
[01-15 19:18:31|core.trainer]- [Val] Epoch 560: Loss=9.9506e-01
[01-15 19:57:10|core.trainer]- Saved checkpoint to exps/eps6/ckpts/best.pth
[01-15 19:57:26|core.trainer]- [Train] Epoch 561: Loss=2.5592e-01
[01-15 19:57:40|core.trainer]- [Train] Epoch 562: Loss=2.5280e-01
[01-15 19:58:23|core.trainer]- [Train] Epoch 563: Loss=2.5361e-01
[01-15 19:58:41|core.trainer]- [Train] Epoch 564: Loss=2.6367e-01
[01-15 19:59:53|core.trainer]- [Train] Epoch 565: Loss=2.5711e-01
[01-15 20:00:07|core.trainer]- [Train] Epoch 566: Loss=2.4684e-01
[01-15 20:00:22|core.trainer]- [Train] Epoch 567: Loss=2.5327e-01
[01-15 20:00:40|core.trainer]- [Train] Epoch 568: Loss=2.4686e-01
[01-15 20:00:57|core.trainer]- [Train] Epoch 569: Loss=2.2158e-01
[01-15 20:01:17|core.trainer]- [Train] Epoch 570: Loss=2.4426e-01
[01-15 20:02:06|core.trainer]- [Val] Epoch 570: Loss=1.0796e+00
[01-15 20:02:24|core.trainer]- [Train] Epoch 571: Loss=2.3385e-01
[01-15 20:02:41|core.trainer]- [Train] Epoch 572: Loss=2.2896e-01
[01-15 20:02:56|core.trainer]- [Train] Epoch 573: Loss=2.3751e-01
[01-15 20:03:13|core.trainer]- [Train] Epoch 574: Loss=2.4335e-01
[01-15 20:03:29|core.trainer]- [Train] Epoch 575: Loss=2.3539e-01
[01-15 20:03:43|core.trainer]- [Train] Epoch 576: Loss=2.2898e-01
[01-15 20:04:00|core.trainer]- [Train] Epoch 577: Loss=2.3015e-01
[01-15 20:04:16|core.trainer]- [Train] Epoch 578: Loss=2.2893e-01
[01-15 20:04:33|core.trainer]- [Train] Epoch 579: Loss=2.4462e-01
[01-15 20:04:58|core.trainer]- [Train] Epoch 580: Loss=2.7191e-01
[01-15 20:05:01|core.trainer]- [Val] Epoch 580: Loss=9.3700e-01
[01-15 20:18:24|core.trainer]- Saved checkpoint to exps/eps6/ckpts/best.pth
[01-15 20:18:41|core.trainer]- [Train] Epoch 581: Loss=2.4986e-01
[01-15 20:18:56|core.trainer]- [Train] Epoch 582: Loss=2.4654e-01
[01-15 20:19:11|core.trainer]- [Train] Epoch 583: Loss=2.4563e-01
[01-15 20:19:28|core.trainer]- [Train] Epoch 584: Loss=2.2977e-01
[01-15 20:19:42|core.trainer]- [Train] Epoch 585: Loss=2.4220e-01
[01-15 20:20:00|core.trainer]- [Train] Epoch 586: Loss=2.5825e-01
[01-15 20:20:17|core.trainer]- [Train] Epoch 587: Loss=2.4227e-01
[01-15 20:20:32|core.trainer]- [Train] Epoch 588: Loss=2.4169e-01
[01-15 20:20:49|core.trainer]- [Train] Epoch 589: Loss=2.2383e-01
[01-15 20:21:16|core.trainer]- [Train] Epoch 590: Loss=2.3634e-01
[01-15 20:21:38|core.trainer]- [Val] Epoch 590: Loss=1.1405e+00
[01-15 20:21:55|core.trainer]- [Train] Epoch 591: Loss=2.3660e-01
[01-15 20:22:12|core.trainer]- [Train] Epoch 592: Loss=2.4281e-01
[01-15 20:22:30|core.trainer]- [Train] Epoch 593: Loss=2.3029e-01
[01-15 20:22:58|core.trainer]- [Train] Epoch 594: Loss=2.2745e-01
[01-15 20:23:15|core.trainer]- [Train] Epoch 595: Loss=2.4513e-01
[01-15 20:23:31|core.trainer]- [Train] Epoch 596: Loss=2.3960e-01
[01-15 20:23:47|core.trainer]- [Train] Epoch 597: Loss=2.3314e-01
[01-15 20:24:05|core.trainer]- [Train] Epoch 598: Loss=2.4639e-01
[01-15 20:24:20|core.trainer]- [Train] Epoch 599: Loss=2.4121e-01
[01-15 20:24:37|core.trainer]- [Train] Epoch 600: Loss=2.4274e-01
[01-15 20:24:39|core.trainer]- [Val] Epoch 600: Loss=1.0004e+00
[01-15 20:25:47|core.trainer]- Saved checkpoint to exps/eps6/ckpts/600.pth
[01-15 20:26:03|core.trainer]- [Train] Epoch 601: Loss=2.2541e-01
[01-15 20:26:19|core.trainer]- [Train] Epoch 602: Loss=2.3839e-01
[01-15 20:26:36|core.trainer]- [Train] Epoch 603: Loss=2.4568e-01
[01-15 20:26:53|core.trainer]- [Train] Epoch 604: Loss=2.3402e-01
[01-15 20:27:09|core.trainer]- [Train] Epoch 605: Loss=2.3793e-01
[01-15 20:27:25|core.trainer]- [Train] Epoch 606: Loss=2.3536e-01
[01-15 20:27:43|core.trainer]- [Train] Epoch 607: Loss=2.2530e-01
[01-15 20:28:01|core.trainer]- [Train] Epoch 608: Loss=2.3316e-01
[01-15 20:28:19|core.trainer]- [Train] Epoch 609: Loss=2.2828e-01
[01-15 20:28:37|core.trainer]- [Train] Epoch 610: Loss=2.4006e-01
[01-15 20:28:40|core.trainer]- [Val] Epoch 610: Loss=1.0372e+00
[01-15 20:28:55|core.trainer]- [Train] Epoch 611: Loss=2.3017e-01
[01-15 20:29:11|core.trainer]- [Train] Epoch 612: Loss=2.4247e-01
[01-15 20:29:28|core.trainer]- [Train] Epoch 613: Loss=2.2032e-01
[01-15 20:29:44|core.trainer]- [Train] Epoch 614: Loss=2.4242e-01
[01-15 20:30:01|core.trainer]- [Train] Epoch 615: Loss=2.1572e-01
[01-15 20:30:19|core.trainer]- [Train] Epoch 616: Loss=2.2574e-01
[01-15 20:30:35|core.trainer]- [Train] Epoch 617: Loss=2.2736e-01
[01-15 20:30:54|core.trainer]- [Train] Epoch 618: Loss=2.1645e-01
[01-15 20:31:12|core.trainer]- [Train] Epoch 619: Loss=2.1884e-01
[01-15 20:31:31|core.trainer]- [Train] Epoch 620: Loss=2.1332e-01
[01-15 20:31:33|core.trainer]- [Val] Epoch 620: Loss=1.0798e+00
[01-15 20:31:50|core.trainer]- [Train] Epoch 621: Loss=2.3050e-01
[01-15 20:32:06|core.trainer]- [Train] Epoch 622: Loss=2.2658e-01
[01-15 20:32:22|core.trainer]- [Train] Epoch 623: Loss=2.3862e-01
[01-15 20:32:38|core.trainer]- [Train] Epoch 624: Loss=2.3906e-01
[01-15 20:32:53|core.trainer]- [Train] Epoch 625: Loss=2.2512e-01
[01-15 20:33:09|core.trainer]- [Train] Epoch 626: Loss=2.2686e-01
[01-15 20:33:26|core.trainer]- [Train] Epoch 627: Loss=2.3598e-01
[01-15 20:33:43|core.trainer]- [Train] Epoch 628: Loss=2.2166e-01
[01-15 20:33:57|core.trainer]- [Train] Epoch 629: Loss=2.2206e-01
[01-15 20:34:14|core.trainer]- [Train] Epoch 630: Loss=2.1790e-01
[01-15 20:34:16|core.trainer]- [Val] Epoch 630: Loss=1.0534e+00
[01-15 20:34:33|core.trainer]- [Train] Epoch 631: Loss=2.3368e-01
[01-15 20:34:51|core.trainer]- [Train] Epoch 632: Loss=2.4166e-01
[01-15 20:35:09|core.trainer]- [Train] Epoch 633: Loss=2.3164e-01
[01-15 20:35:26|core.trainer]- [Train] Epoch 634: Loss=2.3083e-01
[01-15 20:35:43|core.trainer]- [Train] Epoch 635: Loss=2.2712e-01
[01-15 20:35:59|core.trainer]- [Train] Epoch 636: Loss=2.3028e-01
[01-15 20:36:17|core.trainer]- [Train] Epoch 637: Loss=2.2063e-01
[01-15 20:36:35|core.trainer]- [Train] Epoch 638: Loss=2.3892e-01
[01-15 20:36:51|core.trainer]- [Train] Epoch 639: Loss=2.1773e-01
[01-15 20:37:07|core.trainer]- [Train] Epoch 640: Loss=2.3473e-01
[01-15 20:37:10|core.trainer]- [Val] Epoch 640: Loss=1.0484e+00
[01-15 20:37:26|core.trainer]- [Train] Epoch 641: Loss=2.3696e-01
[01-15 20:37:43|core.trainer]- [Train] Epoch 642: Loss=2.4244e-01
[01-15 20:37:59|core.trainer]- [Train] Epoch 643: Loss=2.5083e-01
[01-15 20:38:15|core.trainer]- [Train] Epoch 644: Loss=2.3367e-01
[01-15 20:38:33|core.trainer]- [Train] Epoch 645: Loss=2.2928e-01
[01-15 20:38:49|core.trainer]- [Train] Epoch 646: Loss=2.2586e-01
[01-15 20:39:08|core.trainer]- [Train] Epoch 647: Loss=2.3231e-01
[01-15 20:39:25|core.trainer]- [Train] Epoch 648: Loss=2.3028e-01
[01-15 20:39:42|core.trainer]- [Train] Epoch 649: Loss=2.2285e-01
[01-15 20:40:00|core.trainer]- [Train] Epoch 650: Loss=2.2683e-01
[01-15 20:40:03|core.trainer]- [Val] Epoch 650: Loss=1.0428e+00
[01-15 20:40:19|core.trainer]- [Train] Epoch 651: Loss=2.2448e-01
[01-15 20:40:37|core.trainer]- [Train] Epoch 652: Loss=2.3562e-01
[01-15 20:40:55|core.trainer]- [Train] Epoch 653: Loss=2.3260e-01
[01-15 20:41:13|core.trainer]- [Train] Epoch 654: Loss=2.2776e-01
[01-15 20:41:31|core.trainer]- [Train] Epoch 655: Loss=2.1845e-01
[01-15 20:41:49|core.trainer]- [Train] Epoch 656: Loss=2.1236e-01
[01-15 20:42:11|core.trainer]- [Train] Epoch 657: Loss=2.2203e-01
[01-15 20:42:28|core.trainer]- [Train] Epoch 658: Loss=2.2407e-01
[01-15 20:42:44|core.trainer]- [Train] Epoch 659: Loss=2.3969e-01
[01-15 20:43:03|core.trainer]- [Train] Epoch 660: Loss=2.2528e-01
[01-15 20:43:14|core.trainer]- [Val] Epoch 660: Loss=1.0136e+00
[01-15 20:43:32|core.trainer]- [Train] Epoch 661: Loss=2.3075e-01
[01-15 20:43:48|core.trainer]- [Train] Epoch 662: Loss=2.3748e-01
[01-15 20:44:03|core.trainer]- [Train] Epoch 663: Loss=2.2344e-01
[01-15 20:44:21|core.trainer]- [Train] Epoch 664: Loss=2.3656e-01
[01-15 20:44:37|core.trainer]- [Train] Epoch 665: Loss=2.1544e-01
[01-15 20:44:55|core.trainer]- [Train] Epoch 666: Loss=2.1453e-01
[01-15 20:45:11|core.trainer]- [Train] Epoch 667: Loss=2.4513e-01
[01-15 20:45:28|core.trainer]- [Train] Epoch 668: Loss=2.1730e-01
[01-15 20:45:44|core.trainer]- [Train] Epoch 669: Loss=2.3390e-01
[01-15 20:46:08|core.trainer]- [Train] Epoch 670: Loss=2.2343e-01
[01-15 20:46:11|core.trainer]- [Val] Epoch 670: Loss=1.0737e+00
[01-15 20:46:29|core.trainer]- [Train] Epoch 671: Loss=2.4185e-01
[01-15 20:46:45|core.trainer]- [Train] Epoch 672: Loss=2.3090e-01
[01-15 20:47:01|core.trainer]- [Train] Epoch 673: Loss=2.0429e-01
[01-15 20:47:17|core.trainer]- [Train] Epoch 674: Loss=2.3252e-01
[01-15 20:47:34|core.trainer]- [Train] Epoch 675: Loss=2.3317e-01
[01-15 20:47:52|core.trainer]- [Train] Epoch 676: Loss=2.1465e-01
[01-15 20:48:10|core.trainer]- [Train] Epoch 677: Loss=2.1285e-01
[01-15 20:48:27|core.trainer]- [Train] Epoch 678: Loss=2.1464e-01
[01-15 20:48:44|core.trainer]- [Train] Epoch 679: Loss=2.4173e-01
[01-15 20:49:02|core.trainer]- [Train] Epoch 680: Loss=2.2035e-01
[01-15 20:49:17|core.trainer]- [Val] Epoch 680: Loss=9.8135e-01
[01-15 20:49:31|core.trainer]- [Train] Epoch 681: Loss=2.2415e-01
[01-15 20:49:48|core.trainer]- [Train] Epoch 682: Loss=2.2873e-01
[01-15 20:50:05|core.trainer]- [Train] Epoch 683: Loss=2.1455e-01
[01-15 20:50:20|core.trainer]- [Train] Epoch 684: Loss=2.2201e-01
[01-15 20:50:34|core.trainer]- [Train] Epoch 685: Loss=2.0798e-01
[01-15 20:50:48|core.trainer]- [Train] Epoch 686: Loss=2.3837e-01
[01-15 20:51:03|core.trainer]- [Train] Epoch 687: Loss=2.2518e-01
[01-15 20:51:17|core.trainer]- [Train] Epoch 688: Loss=2.2265e-01
[01-15 20:51:32|core.trainer]- [Train] Epoch 689: Loss=2.1322e-01
[01-15 20:51:58|core.trainer]- [Train] Epoch 690: Loss=2.2123e-01
[01-15 20:52:02|core.trainer]- [Val] Epoch 690: Loss=1.0428e+00
[01-15 20:52:21|core.trainer]- [Train] Epoch 691: Loss=2.2502e-01
[01-15 20:52:40|core.trainer]- [Train] Epoch 692: Loss=2.2526e-01
[01-15 20:53:10|core.trainer]- [Train] Epoch 693: Loss=2.1938e-01
[01-15 20:53:29|core.trainer]- [Train] Epoch 694: Loss=2.0758e-01
[01-15 20:53:45|core.trainer]- [Train] Epoch 695: Loss=2.2822e-01
[01-15 20:54:03|core.trainer]- [Train] Epoch 696: Loss=2.0555e-01
[01-15 20:54:19|core.trainer]- [Train] Epoch 697: Loss=2.3156e-01
[01-15 20:54:37|core.trainer]- [Train] Epoch 698: Loss=2.0642e-01
[01-15 20:54:55|core.trainer]- [Train] Epoch 699: Loss=2.1624e-01
[01-15 20:55:14|core.trainer]- [Train] Epoch 700: Loss=2.1784e-01
[01-15 21:35:06|core.trainer]- [Val] Epoch 700: Loss=9.7637e-01
[01-15 22:00:36|core.trainer]- Saved checkpoint to exps/eps6/ckpts/700.pth
[01-15 22:01:01|core.trainer]- [Train] Epoch 701: Loss=2.2348e-01
[01-15 22:01:17|core.trainer]- [Train] Epoch 702: Loss=2.2217e-01
[01-15 22:01:39|core.trainer]- [Train] Epoch 703: Loss=2.3887e-01
[01-15 22:02:00|core.trainer]- [Train] Epoch 704: Loss=2.2969e-01
[01-15 22:02:28|core.trainer]- [Train] Epoch 705: Loss=2.1779e-01
[01-15 22:02:49|core.trainer]- [Train] Epoch 706: Loss=2.1796e-01
[01-15 22:03:05|core.trainer]- [Train] Epoch 707: Loss=2.3328e-01
[01-15 22:03:23|core.trainer]- [Train] Epoch 708: Loss=2.2307e-01
[01-15 22:04:49|core.trainer]- [Train] Epoch 709: Loss=2.2386e-01
[01-15 22:06:26|core.trainer]- [Train] Epoch 710: Loss=2.2524e-01
[01-15 22:06:40|core.trainer]- [Val] Epoch 710: Loss=1.0573e+00
[01-15 22:06:55|core.trainer]- [Train] Epoch 711: Loss=2.1444e-01
[01-15 22:07:16|core.trainer]- [Train] Epoch 712: Loss=2.2021e-01
[01-15 22:07:30|core.trainer]- [Train] Epoch 713: Loss=2.1908e-01
[01-15 22:07:48|core.trainer]- [Train] Epoch 714: Loss=2.0709e-01
[01-15 22:08:06|core.trainer]- [Train] Epoch 715: Loss=2.1177e-01
[01-15 22:09:02|core.trainer]- [Train] Epoch 716: Loss=2.1097e-01
[01-15 22:09:18|core.trainer]- [Train] Epoch 717: Loss=2.2704e-01
[01-15 22:10:08|core.trainer]- [Train] Epoch 718: Loss=2.0150e-01
[01-15 22:10:26|core.trainer]- [Train] Epoch 719: Loss=2.2933e-01
[01-15 22:11:44|core.trainer]- [Train] Epoch 720: Loss=2.1929e-01
[01-15 22:11:48|core.trainer]- [Val] Epoch 720: Loss=1.0699e+00
[01-15 22:12:06|core.trainer]- [Train] Epoch 721: Loss=2.2410e-01
[01-15 22:12:23|core.trainer]- [Train] Epoch 722: Loss=2.4024e-01
[01-15 22:12:40|core.trainer]- [Train] Epoch 723: Loss=2.0167e-01
[01-15 22:12:57|core.trainer]- [Train] Epoch 724: Loss=2.2316e-01
[01-15 22:13:47|core.trainer]- [Train] Epoch 725: Loss=2.0433e-01
[01-15 22:14:06|core.trainer]- [Train] Epoch 726: Loss=2.2546e-01
[01-15 22:14:21|core.trainer]- [Train] Epoch 727: Loss=2.2265e-01
[01-15 22:15:00|core.trainer]- [Train] Epoch 728: Loss=1.9501e-01
[01-15 22:15:17|core.trainer]- [Train] Epoch 729: Loss=2.1877e-01
[01-15 22:16:50|core.trainer]- [Train] Epoch 730: Loss=2.2963e-01
[01-15 22:16:59|core.trainer]- [Val] Epoch 730: Loss=1.1247e+00
[01-15 22:17:15|core.trainer]- [Train] Epoch 731: Loss=2.2324e-01
[01-15 22:17:31|core.trainer]- [Train] Epoch 732: Loss=2.0526e-01
[01-15 22:17:45|core.trainer]- [Train] Epoch 733: Loss=2.1423e-01
[01-15 22:17:59|core.trainer]- [Train] Epoch 734: Loss=2.2953e-01
[01-15 22:18:54|core.trainer]- [Train] Epoch 735: Loss=2.2072e-01
[01-15 22:19:12|core.trainer]- [Train] Epoch 736: Loss=2.2917e-01
[01-15 22:19:28|core.trainer]- [Train] Epoch 737: Loss=2.1761e-01
[01-15 22:19:44|core.trainer]- [Train] Epoch 738: Loss=2.1717e-01
[01-15 22:19:59|core.trainer]- [Train] Epoch 739: Loss=2.0699e-01
[01-15 22:21:09|core.trainer]- [Train] Epoch 740: Loss=2.1311e-01
[01-15 22:21:14|core.trainer]- [Val] Epoch 740: Loss=1.1411e+00
[01-15 22:21:30|core.trainer]- [Train] Epoch 741: Loss=2.2204e-01
[01-15 22:21:48|core.trainer]- [Train] Epoch 742: Loss=2.3081e-01
[01-15 22:22:06|core.trainer]- [Train] Epoch 743: Loss=2.1157e-01
[01-15 22:22:25|core.trainer]- [Train] Epoch 744: Loss=2.1377e-01
[01-15 22:23:00|core.trainer]- [Train] Epoch 745: Loss=1.9934e-01
[01-15 22:23:24|core.trainer]- [Train] Epoch 746: Loss=2.2802e-01
[01-15 22:23:40|core.trainer]- [Train] Epoch 747: Loss=2.2273e-01
[01-15 22:23:57|core.trainer]- [Train] Epoch 748: Loss=2.2319e-01
[01-15 22:25:01|core.trainer]- [Train] Epoch 749: Loss=2.0821e-01
[01-15 22:25:51|core.trainer]- [Train] Epoch 750: Loss=2.1723e-01
[01-15 22:26:00|core.trainer]- [Val] Epoch 750: Loss=1.0296e+00
[01-15 22:26:17|core.trainer]- [Train] Epoch 751: Loss=2.1082e-01
[01-15 22:26:34|core.trainer]- [Train] Epoch 752: Loss=2.1094e-01
[01-15 22:27:45|core.trainer]- [Train] Epoch 753: Loss=2.0592e-01
[01-15 22:28:04|core.trainer]- [Train] Epoch 754: Loss=2.0327e-01
[01-15 22:28:22|core.trainer]- [Train] Epoch 755: Loss=2.1640e-01
[01-15 22:28:53|core.trainer]- [Train] Epoch 756: Loss=2.1061e-01
[01-15 22:29:09|core.trainer]- [Train] Epoch 757: Loss=2.0338e-01
[01-15 22:29:25|core.trainer]- [Train] Epoch 758: Loss=2.2300e-01
[01-15 22:29:40|core.trainer]- [Train] Epoch 759: Loss=2.0098e-01
[01-15 22:30:24|core.trainer]- [Train] Epoch 760: Loss=2.2863e-01
[01-15 22:31:33|core.trainer]- [Val] Epoch 760: Loss=1.0411e+00
[01-15 22:32:00|core.trainer]- [Train] Epoch 761: Loss=2.0619e-01
[01-15 22:32:17|core.trainer]- [Train] Epoch 762: Loss=2.1695e-01
[01-15 22:32:33|core.trainer]- [Train] Epoch 763: Loss=2.2988e-01
[01-15 22:32:50|core.trainer]- [Train] Epoch 764: Loss=2.2763e-01
[01-15 22:33:07|core.trainer]- [Train] Epoch 765: Loss=2.0085e-01
[01-15 22:33:24|core.trainer]- [Train] Epoch 766: Loss=2.0696e-01
[01-15 22:33:48|core.trainer]- [Train] Epoch 767: Loss=2.1365e-01
[01-15 22:34:04|core.trainer]- [Train] Epoch 768: Loss=2.1281e-01
[01-15 22:34:19|core.trainer]- [Train] Epoch 769: Loss=2.0552e-01
[01-15 22:34:37|core.trainer]- [Train] Epoch 770: Loss=2.1233e-01
[01-15 22:34:42|core.trainer]- [Val] Epoch 770: Loss=1.0237e+00
[01-15 22:34:58|core.trainer]- [Train] Epoch 771: Loss=2.1260e-01
[01-15 22:35:16|core.trainer]- [Train] Epoch 772: Loss=2.2454e-01
[01-15 22:35:32|core.trainer]- [Train] Epoch 773: Loss=2.1734e-01
[01-15 22:35:49|core.trainer]- [Train] Epoch 774: Loss=2.2144e-01
[01-15 22:36:05|core.trainer]- [Train] Epoch 775: Loss=2.1084e-01
[01-15 22:36:23|core.trainer]- [Train] Epoch 776: Loss=2.2883e-01
[01-15 22:36:42|core.trainer]- [Train] Epoch 777: Loss=2.0011e-01
[01-15 22:37:00|core.trainer]- [Train] Epoch 778: Loss=2.1468e-01
[01-15 22:37:39|core.trainer]- [Train] Epoch 779: Loss=1.9150e-01
[01-15 22:38:24|core.trainer]- [Train] Epoch 780: Loss=2.0774e-01
[01-15 22:38:28|core.trainer]- [Val] Epoch 780: Loss=1.0698e+00
[01-15 22:38:44|core.trainer]- [Train] Epoch 781: Loss=2.1662e-01
[01-15 22:39:15|core.trainer]- [Train] Epoch 782: Loss=2.2840e-01
[01-15 22:39:34|core.trainer]- [Train] Epoch 783: Loss=2.2764e-01
[01-15 22:39:51|core.trainer]- [Train] Epoch 784: Loss=2.1510e-01
[01-15 22:40:07|core.trainer]- [Train] Epoch 785: Loss=2.1823e-01
[01-15 22:40:23|core.trainer]- [Train] Epoch 786: Loss=2.1235e-01
[01-15 22:40:42|core.trainer]- [Train] Epoch 787: Loss=2.0209e-01
[01-15 22:40:57|core.trainer]- [Train] Epoch 788: Loss=2.0170e-01
[01-15 22:42:18|core.trainer]- [Train] Epoch 789: Loss=2.1361e-01
[01-15 22:44:59|core.trainer]- [Train] Epoch 790: Loss=2.0467e-01
[01-15 22:45:04|core.trainer]- [Val] Epoch 790: Loss=1.0524e+00
[01-15 22:45:24|core.trainer]- [Train] Epoch 791: Loss=2.1024e-01
[01-15 22:45:42|core.trainer]- [Train] Epoch 792: Loss=2.1160e-01
[01-15 22:45:58|core.trainer]- [Train] Epoch 793: Loss=2.1675e-01
[01-15 22:46:16|core.trainer]- [Train] Epoch 794: Loss=2.1152e-01
[01-15 22:46:34|core.trainer]- [Train] Epoch 795: Loss=2.0330e-01
[01-15 22:47:05|core.trainer]- [Train] Epoch 796: Loss=2.2334e-01
[01-15 22:47:23|core.trainer]- [Train] Epoch 797: Loss=1.9814e-01
[01-15 22:47:40|core.trainer]- [Train] Epoch 798: Loss=1.8230e-01
[01-15 22:48:29|core.trainer]- [Train] Epoch 799: Loss=1.9345e-01
[01-15 22:49:48|core.trainer]- [Train] Epoch 800: Loss=2.0959e-01
[01-15 22:49:54|core.trainer]- [Val] Epoch 800: Loss=1.0649e+00
